Log file open, 07/21/19 13:30:56
LogWindows: Failed to load 'aqProf.dll' (GetLastError=126)
LogWindows: File 'aqProf.dll' does not exist
LogWindows: Failed to load 'VtuneApi.dll' (GetLastError=126)
LogWindows: File 'VtuneApi.dll' does not exist
LogWindows: Failed to load 'VtuneApi32e.dll' (GetLastError=126)
LogWindows: File 'VtuneApi32e.dll' does not exist
LogConsoleResponse: Display: Failed to find resolution value strings in scalability ini. Falling back to default.
LogInit: Display: Running engine for game: TeamWolverineProject
LogPakFile: Registered encryption key '00000000000000000000000000000000': 0 pak files mounted, 0 remain pending
LogPlatformFile: Not using cached read wrapper
LogTaskGraph: Started task graph with 5 named threads and 20 total threads with 3 sets of task threads.
LogStats: Stats thread started at 0.234901
LogD3D11RHI: Loaded GFSDK_Aftermath_Lib.x64.dll
LogICUInternationalization: ICU TimeZone Detection - Raw Offset: +1:00, Platform Override: ''
LogPluginManager: Mounting plugin Paper2D
LogPluginManager: Mounting plugin AISupport
LogPluginManager: Mounting plugin LightPropagationVolume
LogPluginManager: Mounting plugin ActorLayerUtilities
LogPluginManager: Mounting plugin AnimationSharing
LogPluginManager: Mounting plugin CLionSourceCodeAccess
LogPluginManager: Mounting plugin CodeLiteSourceCodeAccess
LogPluginManager: Mounting plugin GitSourceControl
LogPluginManager: Mounting plugin KDevelopSourceCodeAccess
LogPluginManager: Mounting plugin NullSourceCodeAccess
LogPluginManager: Mounting plugin PerforceSourceControl
LogPluginManager: Mounting plugin SubversionSourceControl
LogPluginManager: Mounting plugin UObjectPlugin
LogPluginManager: Mounting plugin VisualStudioCodeSourceCodeAccess
LogPluginManager: Mounting plugin VisualStudioSourceCodeAccess
LogPluginManager: Mounting plugin XCodeSourceCodeAccess
LogPluginManager: Mounting plugin AssetManagerEditor
LogPluginManager: Mounting plugin CryptoKeys
LogPluginManager: Mounting plugin DataValidation
LogPluginManager: Mounting plugin FacialAnimation
LogPluginManager: Mounting plugin GameplayTagsEditor
LogPluginManager: Mounting plugin MacGraphicsSwitching
LogPluginManager: Mounting plugin MaterialAnalyzer
LogPluginManager: Mounting plugin MobileLauncherProfileWizard
LogPluginManager: Mounting plugin PluginBrowser
LogPluginManager: Mounting plugin SpeedTreeImporter
LogPluginManager: Mounting plugin DatasmithContent
LogPluginManager: Mounting plugin VariantManagerContent
LogPluginManager: Mounting plugin AlembicImporter
LogPluginManager: Mounting plugin AppleImageUtils
LogPluginManager: Mounting plugin AppleVision
LogPluginManager: Mounting plugin BackChannel
LogPluginManager: Mounting plugin CharacterAI
LogPluginManager: Mounting plugin GeometryCache
LogPluginManager: Mounting plugin HTML5Networking
LogPluginManager: Mounting plugin ProxyLODPlugin
LogPluginManager: Mounting plugin SkeletalReduction
LogPluginManager: Mounting plugin MagicLeap
LogPluginManager: Mounting plugin MagicLeapMedia
LogPluginManager: Mounting plugin AndroidMedia
LogPluginManager: Mounting plugin AvfMedia
LogPluginManager: Mounting plugin ImgMedia
LogPluginManager: Mounting plugin LinearTimecode
LogPluginManager: Mounting plugin MediaCompositing
LogPluginManager: Mounting plugin MediaPlayerEditor
LogPluginManager: Mounting plugin WebMMedia
LogPluginManager: Mounting plugin WmfMedia
LogPluginManager: Mounting plugin TcpMessaging
LogPluginManager: Mounting plugin UdpMessaging
LogPluginManager: Mounting plugin ActorSequence
LogPluginManager: Mounting plugin LevelSequenceEditor
LogPluginManager: Mounting plugin MatineeToLevelSequence
LogPluginManager: Mounting plugin NetcodeUnitTest
LogPluginManager: Mounting plugin NUTUnrealEngine4
LogPluginManager: Mounting plugin OnlineSubsystemGooglePlay
LogPluginManager: Mounting plugin OnlineSubsystemIOS
LogPluginManager: Mounting plugin OnlineSubsystem
LogPluginManager: Mounting plugin OnlineSubsystemNull
LogPluginManager: Mounting plugin OnlineSubsystemUtils
LogPluginManager: Mounting plugin LauncherChunkInstaller
LogPluginManager: Mounting plugin AndroidDeviceProfileSelector
LogPluginManager: Mounting plugin AndroidMoviePlayer
LogPluginManager: Mounting plugin AndroidPermission
LogPluginManager: Mounting plugin AppleMoviePlayer
LogPluginManager: Mounting plugin ArchVisCharacter
LogPluginManager: Mounting plugin AudioCapture
LogPluginManager: Mounting plugin CableComponent
LogPluginManager: Mounting plugin CustomMeshComponent
LogPluginManager: Mounting plugin EditableMesh
LogPluginManager: Mounting plugin ExampleDeviceProfileSelector
LogPluginManager: Mounting plugin Firebase
LogPluginManager: Mounting plugin GoogleCloudMessaging
LogPluginManager: Mounting plugin IOSDeviceProfileSelector
LogPluginManager: Mounting plugin LinuxDeviceProfileSelector
LogPluginManager: Mounting plugin LocationServicesBPLibrary
LogPluginManager: Mounting plugin MobilePatchingUtils
LogPluginManager: Mounting plugin OculusVR
LogPluginManager: Mounting plugin PhysXVehicles
LogPluginManager: Mounting plugin ProceduralMeshComponent
LogPluginManager: Mounting plugin RuntimePhysXCooking
LogPluginManager: Mounting plugin SignificanceManager
LogPluginManager: Mounting plugin SteamVR
LogPluginManager: Mounting plugin WebMMoviePlayer
LogPluginManager: Mounting plugin WindowsMoviePlayer
LogInit: Using libcurl 7.55.1-DEV
LogInit:  - built for x86_64-pc-win32
LogInit:  - supports SSL with OpenSSL/1.1.1
LogInit:  - supports HTTP deflate (compression) using libz 1.2.8
LogInit:  - other features:
LogInit:      CURL_VERSION_SSL
LogInit:      CURL_VERSION_LIBZ
LogInit:      CURL_VERSION_IPV6
LogInit:      CURL_VERSION_ASYNCHDNS
LogInit:      CURL_VERSION_LARGEFILE
LogInit:      CURL_VERSION_IDN
LogInit:  CurlRequestOptions (configurable via config and command line):
LogInit:  - bVerifyPeer = true  - Libcurl will verify peer certificate
LogInit:  - bUseHttpProxy = false  - Libcurl will NOT use HTTP proxy
LogInit:  - bDontReuseConnections = false  - Libcurl will reuse connections
LogInit:  - MaxHostConnections = 16  - Libcurl will limit the number of connections to a host
LogInit:  - LocalHostAddr = Default
LogInit:  - BufferSize = 65536
LogInit: WinSock: version 1.1 (2.2), MaxSocks=32767, MaxUdp=65467
LogInit: Build: ++UE4+Release-4.22-CL-7053642
LogInit: Engine Version: 4.22.3-7053642+++UE4+Release-4.22
LogInit: Compatible Engine Version: 4.22.0-5660361+++UE4+Release-4.22
LogInit: Net CL: 5660361
LogInit: OS: Windows 10 (Release 1803) (), CPU: Intel(R) Core(TM) i5-8400 CPU @ 2.80GHz, GPU: NVIDIA GeForce GTX 1060 3GB
LogInit: Compiled (64-bit): Jun 18 2019 03:09:11
LogInit: Compiled with Visual C++: 19.16.27025.01
LogInit: Build Configuration: Development
LogInit: Branch Name: ++UE4+Release-4.22
LogInit: Command Line: 
LogInit: Base Directory: C:/Program Files/Epic Games/UE_4.22/Engine/Binaries/Win64/
LogInit: Installed Engine Build: 1
LogDevObjectVersion: Number of dev versions registered: 23
LogDevObjectVersion:   Dev-Blueprints (B0D832E4-1F89-4F0D-ACCF-7EB736FD4AA2): 10
LogDevObjectVersion:   Dev-Build (E1C64328-A22C-4D53-A36C-8E866417BD8C): 0
LogDevObjectVersion:   Dev-Core (375EC13C-06E4-48FB-B500-84F0262A717E): 3
LogDevObjectVersion:   Dev-Editor (E4B068ED-F494-42E9-A231-DA0B2E46BB41): 30
LogDevObjectVersion:   Dev-Framework (CFFC743F-43B0-4480-9391-14DF171D2073): 35
LogDevObjectVersion:   Dev-Mobile (B02B49B5-BB20-44E9-A304-32B752E40360): 2
LogDevObjectVersion:   Dev-Networking (A4E4105C-59A1-49B5-A7C5-40C4547EDFEE): 0
LogDevObjectVersion:   Dev-Online (39C831C9-5AE6-47DC-9A44-9C173E1C8E7C): 0
LogDevObjectVersion:   Dev-Physics (78F01B33-EBEA-4F98-B9B4-84EACCB95AA2): 0
LogDevObjectVersion:   Dev-Platform (6631380F-2D4D-43E0-8009-CF276956A95A): 0
LogDevObjectVersion:   Dev-Rendering (12F88B9F-8875-4AFC-A67C-D90C383ABD29): 28
LogDevObjectVersion:   Dev-Sequencer (7B5AE74C-D270-4C10-A958-57980B212A5A): 11
LogDevObjectVersion:   Dev-VR (D7296918-1DD6-4BDD-9DE2-64A83CC13884): 2
LogDevObjectVersion:   Dev-LoadTimes (C2A15278-BFE7-4AFE-6C17-90FF531DF755): 1
LogDevObjectVersion:   Private-Geometry (6EACA3D4-40EC-4CC1-B786-8BED09428FC5): 3
LogDevObjectVersion:   Dev-AnimPhys (29E575DD-E0A3-4627-9D10-D276232CDCEA): 17
LogDevObjectVersion:   Dev-Anim (AF43A65D-7FD3-4947-9873-3E8ED9C1BB05): 2
LogDevObjectVersion:   Dev-ReflectionCapture (6B266CEC-1EC7-4B8F-A30B-E4D90942FC07): 1
LogDevObjectVersion:   Dev-Automation (0DF73D61-A23F-47EA-B727-89E90C41499A): 1
LogDevObjectVersion:   FortniteMain (601D1886-AC64-4F84-AA16-D3DE0DEAC7D6): 25
LogDevObjectVersion:   Dev-Enterprise (9DFFBCD6-494F-0158-E221-12823C92A888): 6
LogDevObjectVersion:   Dev-Niagara (F2AED0AC-9AFE-416F-8664-AA7FFA26D6FC): 1
LogDevObjectVersion:   Dev-Destruction (174F1F0B-B4C6-45A5-B13F-2EE8D0FB917D): 2
LogInit: Presizing for max 16777216 objects, including 0 objects not considered by GC, pre-allocating 0 bytes for permanent pool.
LogInit: Object subsystem initialized
LogConfig: Setting CVar [[con.DebugEarlyDefault:1]]
LogConfig: Setting CVar [[r.setres:1280x720]]
[2019.07.21-11.30.56:898][  0]LogConfig: Setting CVar [[r.VSync:0]]
[2019.07.21-11.30.56:898][  0]LogConfig: Setting CVar [[r.RHICmdBypass:0]]
[2019.07.21-11.30.56:898][  0]LogConfig: Applying CVar settings from Section [/Script/Engine.RendererSettings] File [D:/ValkyrieJam/GitHub/TeamWolverine/TeamWolverineProject/Saved/Config/Windows/Engine.ini]
[2019.07.21-11.30.56:898][  0]LogConfig: Setting CVar [[r.GPUCrashDebugging:0]]
[2019.07.21-11.30.56:898][  0]LogConfig: Setting CVar [[r.DefaultFeature.AutoExposure.ExtendDefaultLuminanceRange:1]]
[2019.07.21-11.30.56:898][  0]LogConfig: Applying CVar settings from Section [/Script/Engine.RendererOverrideSettings] File [D:/ValkyrieJam/GitHub/TeamWolverine/TeamWolverineProject/Saved/Config/Windows/Engine.ini]
[2019.07.21-11.30.56:898][  0]LogConfig: Applying CVar settings from Section [/Script/Engine.StreamingSettings] File [D:/ValkyrieJam/GitHub/TeamWolverine/TeamWolverineProject/Saved/Config/Windows/Engine.ini]
[2019.07.21-11.30.56:898][  0]LogConfig: Setting CVar [[s.MinBulkDataSizeForAsyncLoading:131072]]
[2019.07.21-11.30.56:898][  0]LogConfig: Setting CVar [[s.AsyncLoadingThreadEnabled:0]]
[2019.07.21-11.30.56:898][  0]LogConfig: Setting CVar [[s.EventDrivenLoaderEnabled:1]]
[2019.07.21-11.30.56:898][  0]LogConfig: Setting CVar [[s.WarnIfTimeLimitExceeded:0]]
[2019.07.21-11.30.56:898][  0]LogConfig: Setting CVar [[s.TimeLimitExceededMultiplier:1.5]]
[2019.07.21-11.30.56:898][  0]LogConfig: Setting CVar [[s.TimeLimitExceededMinTime:0.005]]
[2019.07.21-11.30.56:898][  0]LogConfig: Setting CVar [[s.UseBackgroundLevelStreaming:1]]
[2019.07.21-11.30.56:898][  0]LogConfig: Setting CVar [[s.PriorityAsyncLoadingExtraTime:15.0]]
[2019.07.21-11.30.56:898][  0]LogConfig: Setting CVar [[s.LevelStreamingActorsUpdateTimeLimit:5.0]]
[2019.07.21-11.30.56:899][  0]LogConfig: Setting CVar [[s.PriorityLevelStreamingActorsUpdateExtraTime:5.0]]
[2019.07.21-11.30.56:899][  0]LogConfig: Setting CVar [[s.LevelStreamingComponentsRegistrationGranularity:10]]
[2019.07.21-11.30.56:899][  0]LogConfig: Setting CVar [[s.UnregisterComponentsTimeLimit:1.0]]
[2019.07.21-11.30.56:899][  0]LogConfig: Setting CVar [[s.LevelStreamingComponentsUnregistrationGranularity:5]]
[2019.07.21-11.30.56:899][  0]LogConfig: Applying CVar settings from Section [/Script/Engine.GarbageCollectionSettings] File [D:/ValkyrieJam/GitHub/TeamWolverine/TeamWolverineProject/Saved/Config/Windows/Engine.ini]
[2019.07.21-11.30.56:899][  0]LogConfig: Setting CVar [[gc.MaxObjectsNotConsideredByGC:1]]
[2019.07.21-11.30.56:899][  0]LogConfig: Setting CVar [[gc.SizeOfPermanentObjectPool:0]]
[2019.07.21-11.30.56:899][  0]LogConfig: Setting CVar [[gc.FlushStreamingOnGC:0]]
[2019.07.21-11.30.56:899][  0]LogConfig: Setting CVar [[gc.NumRetriesBeforeForcingGC:10]]
[2019.07.21-11.30.56:899][  0]LogConfig: Setting CVar [[gc.AllowParallelGC:1]]
[2019.07.21-11.30.56:899][  0]LogConfig: Setting CVar [[gc.TimeBetweenPurgingPendingKillObjects:61.1]]
[2019.07.21-11.30.56:899][  0]LogConfig: Setting CVar [[gc.MaxObjectsInEditor:16777216]]
[2019.07.21-11.30.56:899][  0]LogConfig: Setting CVar [[gc.IncrementalBeginDestroyEnabled:1]]
[2019.07.21-11.30.56:899][  0]LogConfig: Setting CVar [[gc.CreateGCClusters:1]]
[2019.07.21-11.30.56:899][  0]LogConfig: Setting CVar [[gc.MinGCClusterSize:5]]
[2019.07.21-11.30.56:899][  0]LogConfig: Setting CVar [[gc.ActorClusteringEnabled:0]]
[2019.07.21-11.30.56:899][  0]LogConfig: Setting CVar [[gc.BlueprintClusteringEnabled:0]]
[2019.07.21-11.30.56:899][  0]LogConfig: Setting CVar [[gc.UseDisregardForGCOnDedicatedServers:0]]
[2019.07.21-11.30.56:899][  0]LogConfig: Applying CVar settings from Section [/Script/Engine.NetworkSettings] File [D:/ValkyrieJam/GitHub/TeamWolverine/TeamWolverineProject/Saved/Config/Windows/Engine.ini]
[2019.07.21-11.30.56:899][  0]LogConfig: Applying CVar settings from Section [/Script/UnrealEd.CookerSettings] File [D:/ValkyrieJam/GitHub/TeamWolverine/TeamWolverineProject/Saved/Config/Windows/Engine.ini]
[2019.07.21-11.30.56:900][  0]LogConfig: Applying CVar settings from Section [ViewDistanceQuality@3] File [D:/ValkyrieJam/GitHub/TeamWolverine/TeamWolverineProject/Saved/Config/Windows/Scalability.ini]
[2019.07.21-11.30.56:900][  0]LogConfig: Setting CVar [[r.SkeletalMeshLODBias:0]]
[2019.07.21-11.30.56:900][  0]LogConfig: Setting CVar [[r.ViewDistanceScale:1.0]]
[2019.07.21-11.30.56:900][  0]LogConfig: Applying CVar settings from Section [AntiAliasingQuality@3] File [D:/ValkyrieJam/GitHub/TeamWolverine/TeamWolverineProject/Saved/Config/Windows/Scalability.ini]
[2019.07.21-11.30.56:901][  0]LogConfig: Setting CVar [[r.PostProcessAAQuality:4]]
[2019.07.21-11.30.56:901][  0]LogConfig: Applying CVar settings from Section [ShadowQuality@3] File [D:/ValkyrieJam/GitHub/TeamWolverine/TeamWolverineProject/Saved/Config/Windows/Scalability.ini]
[2019.07.21-11.30.56:901][  0]LogConfig: Setting CVar [[r.LightFunctionQuality:1]]
[2019.07.21-11.30.56:901][  0]LogConfig: Setting CVar [[r.ShadowQuality:5]]
[2019.07.21-11.30.56:901][  0]LogConfig: Setting CVar [[r.Shadow.CSM.MaxCascades:10]]
[2019.07.21-11.30.56:901][  0]LogConfig: Setting CVar [[r.Shadow.MaxResolution:2048]]
[2019.07.21-11.30.56:901][  0]LogConfig: Setting CVar [[r.Shadow.MaxCSMResolution:2048]]
[2019.07.21-11.30.56:901][  0]LogConfig: Setting CVar [[r.Shadow.RadiusThreshold:0.01]]
[2019.07.21-11.30.56:901][  0]LogConfig: Setting CVar [[r.Shadow.DistanceScale:1.0]]
[2019.07.21-11.30.56:901][  0]LogConfig: Setting CVar [[r.Shadow.CSM.TransitionScale:1.0]]
[2019.07.21-11.30.56:901][  0]LogConfig: Setting CVar [[r.Shadow.PreShadowResolutionFactor:1.0]]
[2019.07.21-11.30.56:901][  0]LogConfig: Setting CVar [[r.DistanceFieldShadowing:1]]
[2019.07.21-11.30.56:901][  0]LogConfig: Setting CVar [[r.DistanceFieldAO:1]]
[2019.07.21-11.30.56:901][  0]LogConfig: Setting CVar [[r.AOQuality:2]]
[2019.07.21-11.30.56:901][  0]LogConfig: Setting CVar [[r.VolumetricFog:1]]
[2019.07.21-11.30.56:901][  0]LogConfig: Setting CVar [[r.VolumetricFog.GridPixelSize:8]]
[2019.07.21-11.30.56:901][  0]LogConfig: Setting CVar [[r.VolumetricFog.GridSizeZ:128]]
[2019.07.21-11.30.56:901][  0]LogConfig: Setting CVar [[r.VolumetricFog.HistoryMissSupersampleCount:4]]
[2019.07.21-11.30.56:901][  0]LogConfig: Setting CVar [[r.LightMaxDrawDistanceScale:1]]
[2019.07.21-11.30.56:901][  0]LogConfig: Setting CVar [[r.CapsuleShadows:1]]
[2019.07.21-11.30.56:901][  0]LogConfig: Applying CVar settings from Section [PostProcessQuality@3] File [D:/ValkyrieJam/GitHub/TeamWolverine/TeamWolverineProject/Saved/Config/Windows/Scalability.ini]
[2019.07.21-11.30.56:901][  0]LogConfig: Setting CVar [[r.MotionBlurQuality:4]]
[2019.07.21-11.30.56:901][  0]LogConfig: Setting CVar [[r.AmbientOcclusionMipLevelFactor:0.4]]
[2019.07.21-11.30.56:901][  0]LogConfig: Setting CVar [[r.AmbientOcclusionMaxQuality:100]]
[2019.07.21-11.30.56:901][  0]LogConfig: Setting CVar [[r.AmbientOcclusionLevels:-1]]
[2019.07.21-11.30.56:901][  0]LogConfig: Setting CVar [[r.AmbientOcclusionRadiusScale:1.0]]
[2019.07.21-11.30.56:901][  0]LogConfig: Setting CVar [[r.DepthOfFieldQuality:2]]
[2019.07.21-11.30.56:901][  0]LogConfig: Setting CVar [[r.RenderTargetPoolMin:400]]
[2019.07.21-11.30.56:901][  0]LogConfig: Setting CVar [[r.LensFlareQuality:2]]
[2019.07.21-11.30.56:901][  0]LogConfig: Setting CVar [[r.SceneColorFringeQuality:1]]
[2019.07.21-11.30.56:901][  0]LogConfig: Setting CVar [[r.EyeAdaptationQuality:2]]
[2019.07.21-11.30.56:901][  0]LogConfig: Setting CVar [[r.BloomQuality:5]]
[2019.07.21-11.30.56:901][  0]LogConfig: Setting CVar [[r.FastBlurThreshold:100]]
[2019.07.21-11.30.56:901][  0]LogConfig: Setting CVar [[r.Upscale.Quality:3]]
[2019.07.21-11.30.56:901][  0]LogConfig: Setting CVar [[r.Tonemapper.GrainQuantization:1]]
[2019.07.21-11.30.56:901][  0]LogConfig: Setting CVar [[r.LightShaftQuality:1]]
[2019.07.21-11.30.56:901][  0]LogConfig: Setting CVar [[r.Filter.SizeScale:1]]
[2019.07.21-11.30.56:901][  0]LogConfig: Setting CVar [[r.Tonemapper.Quality:5]]
[2019.07.21-11.30.56:901][  0]LogConfig: Setting CVar [[r.DOF.Gather.AccumulatorQuality:1        ; higher gathering accumulator quality]]
[2019.07.21-11.30.56:901][  0]LogConfig: Setting CVar [[r.DOF.Gather.PostfilterMethod:1          ; Median3x3 postfilering method]]
[2019.07.21-11.30.56:901][  0]LogConfig: Setting CVar [[r.DOF.Gather.EnableBokehSettings:0       ; no bokeh simulation when gathering]]
[2019.07.21-11.30.56:901][  0]LogConfig: Setting CVar [[r.DOF.Gather.RingCount:4                 ; medium number of samples when gathering]]
[2019.07.21-11.30.56:901][  0]LogConfig: Setting CVar [[r.DOF.Scatter.ForegroundCompositing:1    ; additive foreground scattering]]
[2019.07.21-11.30.56:901][  0]LogConfig: Setting CVar [[r.DOF.Scatter.BackgroundCompositing:2    ; additive background scattering]]
[2019.07.21-11.30.56:901][  0]LogConfig: Setting CVar [[r.DOF.Scatter.EnableBokehSettings:1      ; bokeh simulation when scattering]]
[2019.07.21-11.30.56:901][  0]LogConfig: Setting CVar [[r.DOF.Scatter.MaxSpriteRatio:0.1         ; only a maximum of 10% of scattered bokeh]]
[2019.07.21-11.30.56:901][  0]LogConfig: Setting CVar [[r.DOF.Recombine.Quality:1                ; cheap slight out of focus]]
[2019.07.21-11.30.56:901][  0]LogConfig: Setting CVar [[r.DOF.Recombine.EnableBokehSettings:0    ; no bokeh simulation on slight out of focus]]
[2019.07.21-11.30.56:901][  0]LogConfig: Setting CVar [[r.DOF.TemporalAAQuality:1                ; more stable temporal accumulation]]
[2019.07.21-11.30.56:901][  0]LogConfig: Setting CVar [[r.DOF.Kernel.MaxForegroundRadius:0.025]]
[2019.07.21-11.30.56:901][  0]LogConfig: Setting CVar [[r.DOF.Kernel.MaxBackgroundRadius:0.025]]
[2019.07.21-11.30.56:901][  0]LogConfig: Applying CVar settings from Section [TextureQuality@3] File [D:/ValkyrieJam/GitHub/TeamWolverine/TeamWolverineProject/Saved/Config/Windows/Scalability.ini]
[2019.07.21-11.30.56:901][  0]LogConfig: Setting CVar [[r.Streaming.MipBias:0]]
[2019.07.21-11.30.56:901][  0]LogConfig: Setting CVar [[r.Streaming.AmortizeCPUToGPUCopy:0]]
[2019.07.21-11.30.56:901][  0]LogConfig: Setting CVar [[r.Streaming.MaxNumTexturesToStreamPerFrame:0]]
[2019.07.21-11.30.56:901][  0]LogConfig: Setting CVar [[r.Streaming.Boost:1]]
[2019.07.21-11.30.56:901][  0]LogConfig: Setting CVar [[r.MaxAnisotropy:8]]
[2019.07.21-11.30.56:901][  0]LogConfig: Setting CVar [[r.Streaming.LimitPoolSizeToVRAM:0]]
[2019.07.21-11.30.56:901][  0]LogConfig: Setting CVar [[r.Streaming.PoolSize:1000]]
[2019.07.21-11.30.56:901][  0]LogConfig: Setting CVar [[r.Streaming.MaxEffectiveScreenSize:0]]
[2019.07.21-11.30.56:901][  0]LogConfig: Applying CVar settings from Section [EffectsQuality@3] File [D:/ValkyrieJam/GitHub/TeamWolverine/TeamWolverineProject/Saved/Config/Windows/Scalability.ini]
[2019.07.21-11.30.56:901][  0]LogConfig: Setting CVar [[r.TranslucencyLightingVolumeDim:64]]
[2019.07.21-11.30.56:901][  0]LogConfig: Setting CVar [[r.RefractionQuality:2]]
[2019.07.21-11.30.56:901][  0]LogConfig: Setting CVar [[r.SSR.Quality:3]]
[2019.07.21-11.30.56:901][  0]LogConfig: Setting CVar [[r.SceneColorFormat:4]]
[2019.07.21-11.30.56:901][  0]LogConfig: Setting CVar [[r.DetailMode:2]]
[2019.07.21-11.30.56:901][  0]LogConfig: Setting CVar [[r.TranslucencyVolumeBlur:1]]
[2019.07.21-11.30.56:901][  0]LogConfig: Setting CVar [[r.MaterialQualityLevel:1 ; High quality]]
[2019.07.21-11.30.56:901][  0]LogConfig: Setting CVar [[r.SSS.Scale:1]]
[2019.07.21-11.30.56:901][  0]LogConfig: Setting CVar [[r.SSS.SampleSet:2]]
[2019.07.21-11.30.56:901][  0]LogConfig: Setting CVar [[r.SSS.Quality:1]]
[2019.07.21-11.30.56:901][  0]LogConfig: Setting CVar [[r.SSS.HalfRes:1]]
[2019.07.21-11.30.56:901][  0]LogConfig: Setting CVar [[r.EmitterSpawnRateScale:1.0]]
[2019.07.21-11.30.56:901][  0]LogConfig: Setting CVar [[r.ParticleLightQuality:2]]
[2019.07.21-11.30.56:901][  0]LogConfig: Applying CVar settings from Section [FoliageQuality@3] File [D:/ValkyrieJam/GitHub/TeamWolverine/TeamWolverineProject/Saved/Config/Windows/Scalability.ini]
[2019.07.21-11.30.56:901][  0]LogConfig: Setting CVar [[foliage.DensityScale:1.0]]
[2019.07.21-11.30.56:901][  0]LogConfig: Setting CVar [[grass.DensityScale:1.0]]
[2019.07.21-11.30.56:901][  0]LogInit: Selected Device Profile: [Windows]
[2019.07.21-11.30.56:901][  0]LogInit: Applying CVar settings loaded from the selected device profile: [Windows]
[2019.07.21-11.30.56:911][  0]LogHAL: Display: Platform has ~ 16 GB [17089146880 / 17179869184 / 16], which maps to Larger [LargestMinGB=32, LargerMinGB=12, DefaultMinGB=8, SmallerMinGB=6, SmallestMinGB=0)
[2019.07.21-11.30.56:911][  0]LogConfig: Setting CVar [[r.Vulkan.UseRealUBs:0		; Required until we fix HLR fall-out]]
[2019.07.21-11.30.56:911][  0]LogInit: Going up to parent DeviceProfile []
[2019.07.21-11.30.56:911][  0]LogConfig: Applying CVar settings from Section [ViewDistanceQuality@3] File [D:/ValkyrieJam/GitHub/TeamWolverine/TeamWolverineProject/Saved/Config/Windows/Scalability.ini]
[2019.07.21-11.30.56:911][  0]LogConfig: Setting CVar [[r.SkeletalMeshLODBias:0]]
[2019.07.21-11.30.56:911][  0]LogConfig: Setting CVar [[r.ViewDistanceScale:1.0]]
[2019.07.21-11.30.56:911][  0]LogConfig: Applying CVar settings from Section [AntiAliasingQuality@3] File [D:/ValkyrieJam/GitHub/TeamWolverine/TeamWolverineProject/Saved/Config/Windows/Scalability.ini]
[2019.07.21-11.30.56:911][  0]LogConfig: Setting CVar [[r.PostProcessAAQuality:4]]
[2019.07.21-11.30.56:911][  0]LogConfig: Applying CVar settings from Section [ShadowQuality@3] File [D:/ValkyrieJam/GitHub/TeamWolverine/TeamWolverineProject/Saved/Config/Windows/Scalability.ini]
[2019.07.21-11.30.56:912][  0]LogConfig: Setting CVar [[r.LightFunctionQuality:1]]
[2019.07.21-11.30.56:912][  0]LogConfig: Setting CVar [[r.ShadowQuality:5]]
[2019.07.21-11.30.56:912][  0]LogConfig: Setting CVar [[r.Shadow.CSM.MaxCascades:10]]
[2019.07.21-11.30.56:912][  0]LogConfig: Setting CVar [[r.Shadow.MaxResolution:2048]]
[2019.07.21-11.30.56:912][  0]LogConfig: Setting CVar [[r.Shadow.MaxCSMResolution:2048]]
[2019.07.21-11.30.56:912][  0]LogConfig: Setting CVar [[r.Shadow.RadiusThreshold:0.01]]
[2019.07.21-11.30.56:912][  0]LogConfig: Setting CVar [[r.Shadow.DistanceScale:1.0]]
[2019.07.21-11.30.56:912][  0]LogConfig: Setting CVar [[r.Shadow.CSM.TransitionScale:1.0]]
[2019.07.21-11.30.56:912][  0]LogConfig: Setting CVar [[r.Shadow.PreShadowResolutionFactor:1.0]]
[2019.07.21-11.30.56:912][  0]LogConfig: Setting CVar [[r.DistanceFieldShadowing:1]]
[2019.07.21-11.30.56:912][  0]LogConfig: Setting CVar [[r.DistanceFieldAO:1]]
[2019.07.21-11.30.56:912][  0]LogConfig: Setting CVar [[r.AOQuality:2]]
[2019.07.21-11.30.56:912][  0]LogConfig: Setting CVar [[r.VolumetricFog:1]]
[2019.07.21-11.30.56:912][  0]LogConfig: Setting CVar [[r.VolumetricFog.GridPixelSize:8]]
[2019.07.21-11.30.56:912][  0]LogConfig: Setting CVar [[r.VolumetricFog.GridSizeZ:128]]
[2019.07.21-11.30.56:912][  0]LogConfig: Setting CVar [[r.VolumetricFog.HistoryMissSupersampleCount:4]]
[2019.07.21-11.30.56:912][  0]LogConfig: Setting CVar [[r.LightMaxDrawDistanceScale:1]]
[2019.07.21-11.30.56:912][  0]LogConfig: Setting CVar [[r.CapsuleShadows:1]]
[2019.07.21-11.30.56:912][  0]LogConfig: Applying CVar settings from Section [PostProcessQuality@3] File [D:/ValkyrieJam/GitHub/TeamWolverine/TeamWolverineProject/Saved/Config/Windows/Scalability.ini]
[2019.07.21-11.30.56:912][  0]LogConfig: Setting CVar [[r.MotionBlurQuality:4]]
[2019.07.21-11.30.56:912][  0]LogConfig: Setting CVar [[r.AmbientOcclusionMipLevelFactor:0.4]]
[2019.07.21-11.30.56:912][  0]LogConfig: Setting CVar [[r.AmbientOcclusionMaxQuality:100]]
[2019.07.21-11.30.56:912][  0]LogConfig: Setting CVar [[r.AmbientOcclusionLevels:-1]]
[2019.07.21-11.30.56:912][  0]LogConfig: Setting CVar [[r.AmbientOcclusionRadiusScale:1.0]]
[2019.07.21-11.30.56:912][  0]LogConfig: Setting CVar [[r.DepthOfFieldQuality:2]]
[2019.07.21-11.30.56:912][  0]LogConfig: Setting CVar [[r.RenderTargetPoolMin:400]]
[2019.07.21-11.30.56:912][  0]LogConfig: Setting CVar [[r.LensFlareQuality:2]]
[2019.07.21-11.30.56:912][  0]LogConfig: Setting CVar [[r.SceneColorFringeQuality:1]]
[2019.07.21-11.30.56:912][  0]LogConfig: Setting CVar [[r.EyeAdaptationQuality:2]]
[2019.07.21-11.30.56:912][  0]LogConfig: Setting CVar [[r.BloomQuality:5]]
[2019.07.21-11.30.56:912][  0]LogConfig: Setting CVar [[r.FastBlurThreshold:100]]
[2019.07.21-11.30.56:912][  0]LogConfig: Setting CVar [[r.Upscale.Quality:3]]
[2019.07.21-11.30.56:912][  0]LogConfig: Setting CVar [[r.Tonemapper.GrainQuantization:1]]
[2019.07.21-11.30.56:912][  0]LogConfig: Setting CVar [[r.LightShaftQuality:1]]
[2019.07.21-11.30.56:912][  0]LogConfig: Setting CVar [[r.Filter.SizeScale:1]]
[2019.07.21-11.30.56:912][  0]LogConfig: Setting CVar [[r.Tonemapper.Quality:5]]
[2019.07.21-11.30.56:912][  0]LogConfig: Setting CVar [[r.DOF.Gather.AccumulatorQuality:1        ; higher gathering accumulator quality]]
[2019.07.21-11.30.56:912][  0]LogConfig: Setting CVar [[r.DOF.Gather.PostfilterMethod:1          ; Median3x3 postfilering method]]
[2019.07.21-11.30.56:912][  0]LogConfig: Setting CVar [[r.DOF.Gather.EnableBokehSettings:0       ; no bokeh simulation when gathering]]
[2019.07.21-11.30.56:912][  0]LogConfig: Setting CVar [[r.DOF.Gather.RingCount:4                 ; medium number of samples when gathering]]
[2019.07.21-11.30.56:912][  0]LogConfig: Setting CVar [[r.DOF.Scatter.ForegroundCompositing:1    ; additive foreground scattering]]
[2019.07.21-11.30.56:912][  0]LogConfig: Setting CVar [[r.DOF.Scatter.BackgroundCompositing:2    ; additive background scattering]]
[2019.07.21-11.30.56:912][  0]LogConfig: Setting CVar [[r.DOF.Scatter.EnableBokehSettings:1      ; bokeh simulation when scattering]]
[2019.07.21-11.30.56:912][  0]LogConfig: Setting CVar [[r.DOF.Scatter.MaxSpriteRatio:0.1         ; only a maximum of 10% of scattered bokeh]]
[2019.07.21-11.30.56:912][  0]LogConfig: Setting CVar [[r.DOF.Recombine.Quality:1                ; cheap slight out of focus]]
[2019.07.21-11.30.56:912][  0]LogConfig: Setting CVar [[r.DOF.Recombine.EnableBokehSettings:0    ; no bokeh simulation on slight out of focus]]
[2019.07.21-11.30.56:912][  0]LogConfig: Setting CVar [[r.DOF.TemporalAAQuality:1                ; more stable temporal accumulation]]
[2019.07.21-11.30.56:912][  0]LogConfig: Setting CVar [[r.DOF.Kernel.MaxForegroundRadius:0.025]]
[2019.07.21-11.30.56:912][  0]LogConfig: Setting CVar [[r.DOF.Kernel.MaxBackgroundRadius:0.025]]
[2019.07.21-11.30.56:912][  0]LogConfig: Applying CVar settings from Section [TextureQuality@3] File [D:/ValkyrieJam/GitHub/TeamWolverine/TeamWolverineProject/Saved/Config/Windows/Scalability.ini]
[2019.07.21-11.30.56:912][  0]LogConfig: Setting CVar [[r.Streaming.MipBias:0]]
[2019.07.21-11.30.56:912][  0]LogConfig: Setting CVar [[r.Streaming.AmortizeCPUToGPUCopy:0]]
[2019.07.21-11.30.56:912][  0]LogConfig: Setting CVar [[r.Streaming.MaxNumTexturesToStreamPerFrame:0]]
[2019.07.21-11.30.56:912][  0]LogConfig: Setting CVar [[r.Streaming.Boost:1]]
[2019.07.21-11.30.56:912][  0]LogConfig: Setting CVar [[r.MaxAnisotropy:8]]
[2019.07.21-11.30.56:912][  0]LogConfig: Setting CVar [[r.Streaming.LimitPoolSizeToVRAM:0]]
[2019.07.21-11.30.56:912][  0]LogConfig: Setting CVar [[r.Streaming.PoolSize:1000]]
[2019.07.21-11.30.56:912][  0]LogConfig: Setting CVar [[r.Streaming.MaxEffectiveScreenSize:0]]
[2019.07.21-11.30.56:912][  0]LogConfig: Applying CVar settings from Section [EffectsQuality@3] File [D:/ValkyrieJam/GitHub/TeamWolverine/TeamWolverineProject/Saved/Config/Windows/Scalability.ini]
[2019.07.21-11.30.56:912][  0]LogConfig: Setting CVar [[r.TranslucencyLightingVolumeDim:64]]
[2019.07.21-11.30.56:912][  0]LogConfig: Setting CVar [[r.RefractionQuality:2]]
[2019.07.21-11.30.56:912][  0]LogConfig: Setting CVar [[r.SSR.Quality:3]]
[2019.07.21-11.30.56:912][  0]LogConfig: Setting CVar [[r.SceneColorFormat:4]]
[2019.07.21-11.30.56:912][  0]LogConfig: Setting CVar [[r.DetailMode:2]]
[2019.07.21-11.30.56:912][  0]LogConfig: Setting CVar [[r.TranslucencyVolumeBlur:1]]
[2019.07.21-11.30.56:912][  0]LogConfig: Setting CVar [[r.MaterialQualityLevel:1 ; High quality]]
[2019.07.21-11.30.56:912][  0]LogConfig: Setting CVar [[r.SSS.Scale:1]]
[2019.07.21-11.30.56:912][  0]LogConfig: Setting CVar [[r.SSS.SampleSet:2]]
[2019.07.21-11.30.56:912][  0]LogConfig: Setting CVar [[r.SSS.Quality:1]]
[2019.07.21-11.30.56:912][  0]LogConfig: Setting CVar [[r.SSS.HalfRes:1]]
[2019.07.21-11.30.56:912][  0]LogConfig: Setting CVar [[r.EmitterSpawnRateScale:1.0]]
[2019.07.21-11.30.56:912][  0]LogConfig: Setting CVar [[r.ParticleLightQuality:2]]
[2019.07.21-11.30.56:912][  0]LogConfig: Applying CVar settings from Section [FoliageQuality@3] File [D:/ValkyrieJam/GitHub/TeamWolverine/TeamWolverineProject/Saved/Config/Windows/Scalability.ini]
[2019.07.21-11.30.56:912][  0]LogConfig: Setting CVar [[foliage.DensityScale:1.0]]
[2019.07.21-11.30.56:912][  0]LogConfig: Setting CVar [[grass.DensityScale:1.0]]
[2019.07.21-11.30.56:912][  0]LogConfig: Applying CVar settings from Section [Startup] File [../../../Engine/Config/ConsoleVariables.ini]
[2019.07.21-11.30.56:912][  0]LogConfig: Setting CVar [[net.UseAdaptiveNetUpdateFrequency:0]]
[2019.07.21-11.30.56:912][  0]LogConfig: Setting CVar [[p.chaos.AllowCreatePhysxBodies:1]]
[2019.07.21-11.30.56:913][  0]LogConfig: Applying CVar settings from Section [ConsoleVariables] File [D:/ValkyrieJam/GitHub/TeamWolverine/TeamWolverineProject/Saved/Config/Windows/Engine.ini]
[2019.07.21-11.30.56:913][  0]LogInit: Computer: PC51
[2019.07.21-11.30.56:913][  0]LogInit: User: Nordsken
[2019.07.21-11.30.56:913][  0]LogInit: CPU Page size=4096, Cores=6
[2019.07.21-11.30.56:913][  0]LogInit: High frequency timer resolution =2.742190 MHz
[2019.07.21-11.30.56:913][  0]LogMemory: Memory total: Physical=15.9GB (16GB approx)
[2019.07.21-11.30.56:913][  0]LogMemory: Platform Memory Stats for Windows
[2019.07.21-11.30.56:913][  0]LogMemory: Process Physical Memory: 96.08 MB used, 96.08 MB peak
[2019.07.21-11.30.56:913][  0]LogMemory: Process Virtual Memory: 84.18 MB used, 84.18 MB peak
[2019.07.21-11.30.56:913][  0]LogMemory: Physical Memory: 6320.20 MB used,  9977.28 MB free, 16297.48 MB total
[2019.07.21-11.30.56:913][  0]LogMemory: Virtual Memory: 4645.69 MB used,  134213080.00 MB free, 134217728.00 MB total
[2019.07.21-11.30.56:926][  0]LogInit: Using OS detected language (en-US).
[2019.07.21-11.30.56:926][  0]LogInit: Using OS detected locale (en-US).
[2019.07.21-11.30.56:927][  0]LogTextLocalizationManager: No specific localization for 'en-US' exists, so the 'en' localization will be used.
[2019.07.21-11.30.57:064][  0]LogInit: Setting process to per monitor DPI aware
[2019.07.21-11.30.57:081][  0]LogSlate: New Slate User Created.  User Index 0, Is Virtual User: 0
[2019.07.21-11.30.57:081][  0]LogSlate: Slate User Registered.  User Index 0, Is Virtual User: 0
[2019.07.21-11.30.57:209][  0]LogHMD: Failed to initialize OpenVR with code 110
[2019.07.21-11.30.57:209][  0]LogD3D11RHI: D3D11 adapters:
[2019.07.21-11.30.57:262][  0]LogD3D11RHI:    0. 'NVIDIA GeForce GTX 1060 3GB' (Feature Level 11_0)
[2019.07.21-11.30.57:262][  0]LogD3D11RHI:       2997/0/8148 MB DedicatedVideo/DedicatedSystem/SharedSystem, Outputs:1, VendorId:0x10de
[2019.07.21-11.30.57:264][  0]LogD3D11RHI:    1. 'Microsoft Basic Render Driver' (Feature Level 11_0)
[2019.07.21-11.30.57:264][  0]LogD3D11RHI:       0/0/8148 MB DedicatedVideo/DedicatedSystem/SharedSystem, Outputs:0, VendorId:0x1414
[2019.07.21-11.30.57:264][  0]LogD3D11RHI: Chosen D3D11 Adapter: 0
[2019.07.21-11.30.57:269][  0]LogD3D11RHI: Creating new Direct3DDevice
[2019.07.21-11.30.57:269][  0]LogD3D11RHI:     GPU DeviceId: 0x1b84 (for the marketing name, search the web for "GPU Device Id")
[2019.07.21-11.30.57:269][  0]LogWindows: EnumDisplayDevices:
[2019.07.21-11.30.57:269][  0]LogWindows:    0. 'NVIDIA GeForce GTX 1060 3GB' (P:1 D:1)
[2019.07.21-11.30.57:269][  0]LogWindows:    1. 'NVIDIA GeForce GTX 1060 3GB' (P:0 D:0)
[2019.07.21-11.30.57:269][  0]LogWindows:    2. 'NVIDIA GeForce GTX 1060 3GB' (P:0 D:0)
[2019.07.21-11.30.57:270][  0]LogWindows:    3. 'NVIDIA GeForce GTX 1060 3GB' (P:0 D:0)
[2019.07.21-11.30.57:270][  0]LogWindows: DebugString: FoundDriverCount:4 
[2019.07.21-11.30.57:270][  0]LogD3D11RHI:     Adapter Name: NVIDIA GeForce GTX 1060 3GB
[2019.07.21-11.30.57:270][  0]LogD3D11RHI:   Driver Version: 388.13 (internal:23.21.13.8813, unified:388.13)
[2019.07.21-11.30.57:270][  0]LogD3D11RHI:      Driver Date: 10-27-2017
[2019.07.21-11.30.57:270][  0]LogRHI: Texture pool is 2097 MB (70% of 2997 MB)
[2019.07.21-11.30.57:300][  0]LogD3D11RHI: Async texture creation enabled
[2019.07.21-11.30.57:303][  0]LogRendererCore: FGlobalReadBuffer::InitRHI
[2019.07.21-11.30.57:303][  0]LogRendererCore: FGlobalReadBuffer::InitRHI
[2019.07.21-11.30.57:303][  0]LogRendererCore: FGlobalReadBuffer::InitRHI
[2019.07.21-11.30.57:310][  0]LogD3D11RHI: GPU Timing Frequency: 1000.000000 (Debug: 2 1)
[2019.07.21-11.30.57:601][  0]LogTemp: Display: Module 'AllDesktopTargetPlatform' loaded TargetPlatform 'AllDesktop'
[2019.07.21-11.30.57:612][  0]LogTemp: Display: Module 'MacClientTargetPlatform' loaded TargetPlatform 'MacClient'
[2019.07.21-11.30.57:624][  0]LogTemp: Display: Module 'MacNoEditorTargetPlatform' loaded TargetPlatform 'MacNoEditor'
[2019.07.21-11.30.57:635][  0]LogTemp: Display: Module 'MacServerTargetPlatform' loaded TargetPlatform 'MacServer'
[2019.07.21-11.30.57:647][  0]LogTemp: Display: Module 'MacTargetPlatform' loaded TargetPlatform 'Mac'
[2019.07.21-11.30.57:658][  0]LogTemp: Display: Module 'WindowsClientTargetPlatform' loaded TargetPlatform 'WindowsClient'
[2019.07.21-11.30.57:670][  0]LogTemp: Display: Module 'WindowsNoEditorTargetPlatform' loaded TargetPlatform 'WindowsNoEditor'
[2019.07.21-11.30.57:681][  0]LogTemp: Display: Module 'WindowsServerTargetPlatform' loaded TargetPlatform 'WindowsServer'
[2019.07.21-11.30.57:686][  0]LogTemp: Display: Module 'WindowsTargetPlatform' loaded TargetPlatform 'Windows'
[2019.07.21-11.30.57:752][  0]LogTemp: Display: Module 'AndroidTargetPlatform' loaded TargetPlatform 'Android'
[2019.07.21-11.30.57:752][  0]LogTemp: Display: Module 'AndroidTargetPlatform' loaded TargetPlatform 'Android_ASTC'
[2019.07.21-11.30.57:752][  0]LogTemp: Display: Module 'AndroidTargetPlatform' loaded TargetPlatform 'Android_ATC'
[2019.07.21-11.30.57:752][  0]LogTemp: Display: Module 'AndroidTargetPlatform' loaded TargetPlatform 'Android_DXT'
[2019.07.21-11.30.57:752][  0]LogTemp: Display: Module 'AndroidTargetPlatform' loaded TargetPlatform 'Android_ETC1'
[2019.07.21-11.30.57:752][  0]LogTemp: Display: Module 'AndroidTargetPlatform' loaded TargetPlatform 'Android_ETC1a'
[2019.07.21-11.30.57:752][  0]LogTemp: Display: Module 'AndroidTargetPlatform' loaded TargetPlatform 'Android_ETC2'
[2019.07.21-11.30.57:752][  0]LogTemp: Display: Module 'AndroidTargetPlatform' loaded TargetPlatform 'Android_PVRTC'
[2019.07.21-11.30.57:752][  0]LogTemp: Display: Module 'AndroidTargetPlatform' loaded TargetPlatform 'AndroidClient'
[2019.07.21-11.30.57:752][  0]LogTemp: Display: Module 'AndroidTargetPlatform' loaded TargetPlatform 'Android_ASTCClient'
[2019.07.21-11.30.57:752][  0]LogTemp: Display: Module 'AndroidTargetPlatform' loaded TargetPlatform 'Android_ATCClient'
[2019.07.21-11.30.57:752][  0]LogTemp: Display: Module 'AndroidTargetPlatform' loaded TargetPlatform 'Android_DXTClient'
[2019.07.21-11.30.57:752][  0]LogTemp: Display: Module 'AndroidTargetPlatform' loaded TargetPlatform 'Android_ETC1Client'
[2019.07.21-11.30.57:752][  0]LogTemp: Display: Module 'AndroidTargetPlatform' loaded TargetPlatform 'Android_ETC1aClient'
[2019.07.21-11.30.57:752][  0]LogTemp: Display: Module 'AndroidTargetPlatform' loaded TargetPlatform 'Android_ETC2Client'
[2019.07.21-11.30.57:752][  0]LogTemp: Display: Module 'AndroidTargetPlatform' loaded TargetPlatform 'Android_PVRTCClient'
[2019.07.21-11.30.57:752][  0]LogTemp: Display: Module 'AndroidTargetPlatform' loaded TargetPlatform 'Android_Multi'
[2019.07.21-11.30.57:752][  0]LogTemp: Display: Module 'AndroidTargetPlatform' loaded TargetPlatform 'Android_MultiClient'
[2019.07.21-11.30.57:752][  0]LogTemp: Display: Module 'HTML5TargetPlatform' loaded TargetPlatform 'HTML5'
[2019.07.21-11.30.57:797][  0]LogTemp: Display: Module 'IOSTargetPlatform' loaded TargetPlatform 'IOSClient'
[2019.07.21-11.30.57:797][  0]LogTemp: Display: Module 'IOSTargetPlatform' loaded TargetPlatform 'IOS'
[2019.07.21-11.30.57:817][  0]LogTemp: Display: Module 'TVOSTargetPlatform' loaded TargetPlatform 'TVOSClient'
[2019.07.21-11.30.57:817][  0]LogTemp: Display: Module 'TVOSTargetPlatform' loaded TargetPlatform 'TVOS'
[2019.07.21-11.30.57:827][  0]LogTemp: Display: Module 'LinuxClientTargetPlatform' loaded TargetPlatform 'LinuxClient'
[2019.07.21-11.30.57:837][  0]LogTemp: Display: Module 'LinuxNoEditorTargetPlatform' loaded TargetPlatform 'LinuxNoEditor'
[2019.07.21-11.30.57:847][  0]LogTemp: Display: Module 'LinuxServerTargetPlatform' loaded TargetPlatform 'LinuxServer'
[2019.07.21-11.30.57:858][  0]LogTemp: Display: Module 'LinuxTargetPlatform' loaded TargetPlatform 'Linux'
[2019.07.21-11.30.57:893][  0]LogTemp: Display: Module 'LuminTargetPlatform' loaded TargetPlatform 'Lumin'
[2019.07.21-11.30.57:893][  0]LogTemp: Display: Module 'LuminTargetPlatform' loaded TargetPlatform 'LuminClient'
[2019.07.21-11.30.57:893][  0]LogTargetPlatformManager: Display: Building Assets For Windows
[2019.07.21-11.30.57:900][  0]LogAudioDebug: Display: Lib vorbis DLL was dynamically loaded.
[2019.07.21-11.30.57:939][  0]LogShaderCompilers: Guid format shader working directory is -10 characters bigger than the processId version (D:/ValkyrieJam/GitHub/TeamWolverine/TeamWolverineProject/Intermediate/Shaders/WorkingDirectory/8504/).
[2019.07.21-11.30.57:939][  0]LogShaderCompilers: Cleaned the shader compiler working directory 'C:/Users/guest/AppData/Local/Temp/UnrealShaderWorkingDir/5C5B161342F46A00AC52949333D67079/'.
[2019.07.21-11.30.57:941][  0]LogXGEController: Cannot use XGE Controller as Incredibuild is not installed on this machine.
[2019.07.21-11.30.57:941][  0]LogShaderCompilers: Cannot use XGE Shader Compiler as Incredibuild is not installed on this machine.
[2019.07.21-11.30.57:941][  0]LogShaderCompilers: Display: Using Local Shader Compiler.
[2019.07.21-11.30.58:418][  0]LogDerivedDataCache: Display: Max Cache Size: 512 MB
[2019.07.21-11.30.58:464][  0]LogDerivedDataCache: Loaded boot cache 0.05s 71MB C:/Users/guest/AppData/Local/UnrealEngine/4.22/DerivedDataCache/Boot.ddc.
[2019.07.21-11.30.58:464][  0]LogDerivedDataCache: Display: Loaded Boot cache: C:/Users/guest/AppData/Local/UnrealEngine/4.22/DerivedDataCache/Boot.ddc
[2019.07.21-11.30.58:464][  0]LogDerivedDataCache: FDerivedDataBackendGraph:  Pak pak cache file D:/ValkyrieJam/GitHub/TeamWolverine/TeamWolverineProject/DerivedDataCache/DDC.ddp not found, will not use a pak cache.
[2019.07.21-11.30.58:464][  0]LogDerivedDataCache: Unable to find inner node Pak for hierarchical cache Hierarchy.
[2019.07.21-11.30.58:464][  0]LogDerivedDataCache: FDerivedDataBackendGraph:  CompressedPak pak cache file D:/ValkyrieJam/GitHub/TeamWolverine/TeamWolverineProject/DerivedDataCache/Compressed.ddp not found, will not use a pak cache.
[2019.07.21-11.30.58:464][  0]LogDerivedDataCache: Unable to find inner node CompressedPak for hierarchical cache Hierarchy.
[2019.07.21-11.30.58:475][  0]LogDerivedDataCache: Display: Pak cache opened for reading ../../../Engine/DerivedDataCache/Compressed.ddp.
[2019.07.21-11.30.58:478][  0]LogDerivedDataCache: Display: Pak cache opened for reading ../../../Enterprise/DerivedDataCache/Compressed.ddp.
[2019.07.21-11.30.58:490][  0]LogDerivedDataCache: Using Local data cache path C:/Users/guest/AppData/Local/UnrealEngine/Common/DerivedDataCache: Writable
[2019.07.21-11.30.58:490][  0]LogDerivedDataCache: Shared data cache path not found in *engine.ini, will not use an Shared cache.
[2019.07.21-11.30.58:490][  0]LogDerivedDataCache: Unable to find inner node Shared for hierarchical cache Hierarchy.
[2019.07.21-11.30.58:508][  0]LogMaterial: Verifying Global Shaders for PCD3D_SM5
[2019.07.21-11.30.58:509][  0]LogSlate: Using FreeType 2.6.0
[2019.07.21-11.30.58:510][  0]LogSlate: SlateFontServices - WITH_FREETYPE: 1, WITH_HARFBUZZ: 1
[2019.07.21-11.30.58:583][  0]LogAssetRegistry: FAssetRegistry took 0.0309 seconds to start up
[2019.07.21-11.30.58:840][  0]LogInit: Selected Device Profile: [Windows]
[2019.07.21-11.30.58:954][  0]LogMeshReduction: Using QuadricMeshReduction for automatic static mesh reduction
[2019.07.21-11.30.58:954][  0]LogMeshReduction: Using SimplygonMeshReduction for automatic skeletal mesh reduction
[2019.07.21-11.30.58:954][  0]LogMeshReduction: Using ProxyLODMeshReduction for automatic mesh merging
[2019.07.21-11.30.58:954][  0]LogMeshReduction: No distributed automatic mesh merging module available
[2019.07.21-11.30.58:954][  0]LogMeshMerging: No distributed automatic mesh merging module available
[2019.07.21-11.30.58:962][  0]LogNetVersion: TeamWolverineProject 1.0.0, NetCL: 5660361, EngineNetVer: 10, GameNetVer: 0 (Checksum: 899134691)
[2019.07.21-11.30.59:278][  0]LogPackageLocalizationCache: Processed 10 localized package path(s) for 1 prioritized culture(s) in 0.026962 seconds
[2019.07.21-11.30.59:284][  0]LogUObjectArray: 42205 objects as part of root set at end of initial load.
[2019.07.21-11.30.59:284][  0]LogUObjectAllocator: 7325032 out of 0 bytes used by permanent object pool.
[2019.07.21-11.30.59:284][  0]LogUObjectArray: CloseDisregardForGC: 0/0 objects in disregard for GC pool
[2019.07.21-11.30.59:975][  0]LogTcpMessaging: Initializing TcpMessaging bridge
[2019.07.21-11.30.59:989][  0]LogUdpMessaging: Initializing bridge on interface 0.0.0.0:0 to multicast group 230.0.0.1:6666.
[2019.07.21-11.31.00:088][  0]SourceControl: Source control is disabled
[2019.07.21-11.31.00:089][  0]LogWindows: Warning: CreateProc failed: Access is denied. (0x00000005)
[2019.07.21-11.31.00:089][  0]LogWindows: Warning: URL: C:/Program Files/Git/bin/git.exe version
[2019.07.21-11.31.00:089][  0]LogWindows: Warning: CreateProc failed: Access is denied. (0x00000005)
[2019.07.21-11.31.00:089][  0]LogWindows: Warning: URL: C:/Program Files (x86)/Git/bin/git.exe version
[2019.07.21-11.31.00:089][  0]LogWindows: Warning: CreateProc failed: The system cannot find the file specified. (0x00000002)
[2019.07.21-11.31.00:089][  0]LogWindows: Warning: URL: C:\Users\guest\AppData\Local/Programs/Git/cmd/git.exe version
[2019.07.21-11.31.00:089][  0]LogWindows: Warning: CreateProc failed: Access is denied. (0x00000005)
[2019.07.21-11.31.00:089][  0]LogWindows: Warning: URL: C:/Program Files (x86)/SmartGit/git/bin/git.exe version
[2019.07.21-11.31.00:089][  0]LogWindows: Warning: CreateProc failed: Access is denied. (0x00000005)
[2019.07.21-11.31.00:089][  0]LogWindows: Warning: URL: C:/Program Files (x86)/SmartGit/bin/git.exe version
[2019.07.21-11.31.00:089][  0]LogWindows: Warning: CreateProc failed: The system cannot find the file specified. (0x00000002)
[2019.07.21-11.31.00:089][  0]LogWindows: Warning: URL: C:\Users\guest\AppData\Local/Atlassian/SourceTree/git_local/bin/git.exe version
[2019.07.21-11.31.00:090][  0]LogWindows: Warning: CreateProc failed: Access is denied. (0x00000005)
[2019.07.21-11.31.00:090][  0]LogWindows: Warning: URL: C:/Program Files (x86)/fournova/Tower/vendor/Git/bin/git.exe version
[2019.07.21-11.31.00:091][  0]LogWindows: Warning: CreateProc failed: Access is denied. (0x00000005)
[2019.07.21-11.31.00:091][  0]LogWindows: Warning: URL: C:/Program Files/Git/bin/git.exe version
[2019.07.21-11.31.00:091][  0]LogWindows: Warning: CreateProc failed: Access is denied. (0x00000005)
[2019.07.21-11.31.00:091][  0]LogWindows: Warning: URL: C:/Program Files (x86)/Git/bin/git.exe version
[2019.07.21-11.31.00:091][  0]LogWindows: Warning: CreateProc failed: The system cannot find the file specified. (0x00000002)
[2019.07.21-11.31.00:091][  0]LogWindows: Warning: URL: C:\Users\guest\AppData\Local/Programs/Git/cmd/git.exe version
[2019.07.21-11.31.00:091][  0]LogWindows: Warning: CreateProc failed: Access is denied. (0x00000005)
[2019.07.21-11.31.00:091][  0]LogWindows: Warning: URL: C:/Program Files (x86)/SmartGit/git/bin/git.exe version
[2019.07.21-11.31.00:092][  0]LogWindows: Warning: CreateProc failed: Access is denied. (0x00000005)
[2019.07.21-11.31.00:092][  0]LogWindows: Warning: URL: C:/Program Files (x86)/SmartGit/bin/git.exe version
[2019.07.21-11.31.00:092][  0]LogWindows: Warning: CreateProc failed: The system cannot find the file specified. (0x00000002)
[2019.07.21-11.31.00:092][  0]LogWindows: Warning: URL: C:\Users\guest\AppData\Local/Atlassian/SourceTree/git_local/bin/git.exe version
[2019.07.21-11.31.00:092][  0]LogWindows: Warning: CreateProc failed: Access is denied. (0x00000005)
[2019.07.21-11.31.00:092][  0]LogWindows: Warning: URL: C:/Program Files (x86)/fournova/Tower/vendor/Git/bin/git.exe version
[2019.07.21-11.31.00:093][  0]LogWindows: Warning: CreateProc failed: Access is denied. (0x00000005)
[2019.07.21-11.31.00:093][  0]LogWindows: Warning: URL: C:/Program Files/Git/bin/git.exe version
[2019.07.21-11.31.00:093][  0]LogWindows: Warning: CreateProc failed: Access is denied. (0x00000005)
[2019.07.21-11.31.00:093][  0]LogWindows: Warning: URL: C:/Program Files (x86)/Git/bin/git.exe version
[2019.07.21-11.31.00:093][  0]LogWindows: Warning: CreateProc failed: The system cannot find the file specified. (0x00000002)
[2019.07.21-11.31.00:093][  0]LogWindows: Warning: URL: C:\Users\guest\AppData\Local/Programs/Git/cmd/git.exe version
[2019.07.21-11.31.00:093][  0]LogWindows: Warning: CreateProc failed: Access is denied. (0x00000005)
[2019.07.21-11.31.00:093][  0]LogWindows: Warning: URL: C:/Program Files (x86)/SmartGit/git/bin/git.exe version
[2019.07.21-11.31.00:093][  0]LogWindows: Warning: CreateProc failed: Access is denied. (0x00000005)
[2019.07.21-11.31.00:093][  0]LogWindows: Warning: URL: C:/Program Files (x86)/SmartGit/bin/git.exe version
[2019.07.21-11.31.00:093][  0]LogWindows: Warning: CreateProc failed: The system cannot find the file specified. (0x00000002)
[2019.07.21-11.31.00:093][  0]LogWindows: Warning: URL: C:\Users\guest\AppData\Local/Atlassian/SourceTree/git_local/bin/git.exe version
[2019.07.21-11.31.00:094][  0]LogWindows: Warning: CreateProc failed: Access is denied. (0x00000005)
[2019.07.21-11.31.00:094][  0]LogWindows: Warning: URL: C:/Program Files (x86)/fournova/Tower/vendor/Git/bin/git.exe version
[2019.07.21-11.31.00:150][  0]LogAndroidPermission: UAndroidPermissionCallbackProxy::GetInstance
[2019.07.21-11.31.00:207][  0]LogOcInput: OculusInput pre-init called
[2019.07.21-11.31.00:766][  0]LogEngine: Initializing Engine...
[2019.07.21-11.31.00:767][  0]LogHMD: Failed to initialize OpenVR with code 110
[2019.07.21-11.31.00:768][  0]LogStats: UGameplayTagsManager::InitializeManager -  0.000 s
[2019.07.21-11.31.00:941][  0]LogInit: Initializing FReadOnlyCVARCache
[2019.07.21-11.31.00:952][  0]LogAIModule: Creating AISystem for world Untitled
[2019.07.21-11.31.00:964][  0]LogInit: XAudio2 using 'BenQ GL2760-4 (NVIDIA High Definition Audio)' : 2 channels at 48 kHz using 16 bits per sample (channel mask 0x3)
[2019.07.21-11.31.00:975][  0]LogInit: FAudioDevice initialized.
[2019.07.21-11.31.00:976][  0]LogNetVersion: Set ProjectVersion to 1.0.0.0. Version Checksum will be recalculated on next use.
[2019.07.21-11.31.01:044][  0]LogDerivedDataCache: Saved boot cache 0.07s 71MB C:/Users/guest/AppData/Local/UnrealEngine/4.22/DerivedDataCache/Boot.ddc.
[2019.07.21-11.31.01:056][  0]LogInit: Texture streaming: Enabled
[2019.07.21-11.31.01:069][  0]LogEngineSessionManager: EngineSessionManager initialized
[2019.07.21-11.31.01:085][  0]LogInit: Transaction tracking system initialized
[2019.07.21-11.31.01:106][  0]BlueprintLog: New page: Editor Load
[2019.07.21-11.31.01:171][  0]LocalizationService: Localization service is disabled
[2019.07.21-11.31.01:429][  0]LogFileCache: Scanning file cache for directory 'D:/ValkyrieJam/GitHub/TeamWolverine/TeamWolverineProject/Content/' took 0.01s
[2019.07.21-11.31.01:429][  0]LogCook: Display: Max memory allowance for cook 16384mb min free memory 0mb
[2019.07.21-11.31.01:430][  0]LogCook: Display: Mobile HDR setting 1
[2019.07.21-11.31.01:566][  0]LogWindows: Warning: CreateProc failed: Access is denied. (0x00000005)
[2019.07.21-11.31.01:566][  0]LogWindows: Warning: URL: C:/Program Files/Git/bin/git.exe version
[2019.07.21-11.31.01:567][  0]LogWindows: Warning: CreateProc failed: Access is denied. (0x00000005)
[2019.07.21-11.31.01:567][  0]LogWindows: Warning: URL: C:/Program Files (x86)/Git/bin/git.exe version
[2019.07.21-11.31.01:567][  0]LogWindows: Warning: CreateProc failed: The system cannot find the file specified. (0x00000002)
[2019.07.21-11.31.01:567][  0]LogWindows: Warning: URL: C:\Users\guest\AppData\Local/Programs/Git/cmd/git.exe version
[2019.07.21-11.31.01:567][  0]LogWindows: Warning: CreateProc failed: Access is denied. (0x00000005)
[2019.07.21-11.31.01:567][  0]LogWindows: Warning: URL: C:/Program Files (x86)/SmartGit/git/bin/git.exe version
[2019.07.21-11.31.01:567][  0]LogWindows: Warning: CreateProc failed: Access is denied. (0x00000005)
[2019.07.21-11.31.01:567][  0]LogWindows: Warning: URL: C:/Program Files (x86)/SmartGit/bin/git.exe version
[2019.07.21-11.31.01:567][  0]LogWindows: Warning: CreateProc failed: The system cannot find the file specified. (0x00000002)
[2019.07.21-11.31.01:567][  0]LogWindows: Warning: URL: C:\Users\guest\AppData\Local/Atlassian/SourceTree/git_local/bin/git.exe version
[2019.07.21-11.31.01:567][  0]LogWindows: Warning: CreateProc failed: Access is denied. (0x00000005)
[2019.07.21-11.31.01:567][  0]LogWindows: Warning: URL: C:/Program Files (x86)/fournova/Tower/vendor/Git/bin/git.exe version
[2019.07.21-11.31.01:567][  0]Cmd: MAP LOAD FILE="D:/ValkyrieJam/GitHub/TeamWolverine/TeamWolverineProject/Content/StarterContent/Maps/Minimal_Default.umap" TEMPLATE=0 SHOWPROGRESS=1 FEATURELEVEL=3
[2019.07.21-11.31.01:568][  0]LightingResults: New page: Lighting Build
[2019.07.21-11.31.01:570][  0]MapCheck: New page: Map Check
[2019.07.21-11.31.01:570][  0]LightingResults: New page: Lighting Build
[2019.07.21-11.31.01:594][  0]LogUObjectHash: Compacting FUObjectHashTables data took   1.29ms
[2019.07.21-11.31.01:664][  0]LogAIModule: Creating AISystem for world Minimal_Default
[2019.07.21-11.31.01:669][  0]LogEditorServer: Finished looking for orphan Actors (0.000 secs)
[2019.07.21-11.31.01:693][  0]LogUObjectHash: Compacting FUObjectHashTables data took   1.56ms
[2019.07.21-11.31.01:693][  0]Cmd: MAP CHECKDEP NOCLEARLOG
[2019.07.21-11.31.01:693][  0]MapCheck: Map check complete: 0 Error(s), 0 Warning(s), took 0.08ms to complete.
[2019.07.21-11.31.01:693][  0]LogFileHelpers: Loading map 'Minimal_Default' took 0.126
[2019.07.21-11.31.01:793][  0]LogSlate: Updating window title bar state: overlay mode, drag disabled, window buttons hidden, title bar hidden
[2019.07.21-11.31.01:799][  0]LogSlate: Updating window title bar state: overlay mode, drag disabled, window buttons hidden, title bar hidden
[2019.07.21-11.31.01:805][  0]LogSlate: Updating window title bar state: overlay mode, drag disabled, window buttons hidden, title bar hidden
[2019.07.21-11.31.01:811][  0]LogSlate: Updating window title bar state: overlay mode, drag disabled, window buttons hidden, title bar hidden
[2019.07.21-11.31.01:817][  0]LogCollectionManager: Loaded 0 collections in 0.001306 seconds
[2019.07.21-11.31.01:831][  0]LogFileCache: Scanning file cache for directory 'D:/ValkyrieJam/GitHub/TeamWolverine/TeamWolverineProject/Saved/Collections/' took 0.01s
[2019.07.21-11.31.01:831][  0]LogFileCache: Scanning file cache for directory 'D:/ValkyrieJam/GitHub/TeamWolverine/TeamWolverineProject/Content/Developers/Nordsken/Collections/' took 0.00s
[2019.07.21-11.31.01:831][  0]LogFileCache: Scanning file cache for directory 'D:/ValkyrieJam/GitHub/TeamWolverine/TeamWolverineProject/Content/Collections/' took 0.00s
[2019.07.21-11.31.01:831][  0]LogCollectionManager: Rebuilt the GUID cache for 0 collections in 0.000000 seconds
[2019.07.21-11.31.01:839][  0]LogContentBrowser: Native class hierarchy populated in 0.0073 seconds. Added 2738 classes and 662 folders.
[2019.07.21-11.31.01:848][  0]LogContentBrowser: Native class hierarchy updated for 'WidgetCarousel' in 0.0003 seconds. Added 0 classes and 0 folders.
[2019.07.21-11.31.01:849][  0]LogPakFile: Registered encryption key '00000000000000000000000000000000': 0 pak files mounted, 0 remain pending
[2019.07.21-11.31.01:849][  0]LogPakFile: Registered encryption key '00000000000000000000000000000000': 0 pak files mounted, 0 remain pending
[2019.07.21-11.31.01:850][  0]LogPakFile: Registered encryption key '00000000000000000000000000000000': 0 pak files mounted, 0 remain pending
[2019.07.21-11.31.01:850][  0]LogPakFile: Registered encryption key '00000000000000000000000000000000': 0 pak files mounted, 0 remain pending
[2019.07.21-11.31.01:850][  0]LogPakFile: Registered encryption key '00000000000000000000000000000000': 0 pak files mounted, 0 remain pending
[2019.07.21-11.31.01:851][  0]LogPakFile: Registered encryption key '00000000000000000000000000000000': 0 pak files mounted, 0 remain pending
[2019.07.21-11.31.01:851][  0]LogPakFile: Registered encryption key '00000000000000000000000000000000': 0 pak files mounted, 0 remain pending
[2019.07.21-11.31.01:851][  0]LogPakFile: Registered encryption key '00000000000000000000000000000000': 0 pak files mounted, 0 remain pending
[2019.07.21-11.31.01:852][  0]LogPakFile: Registered encryption key '00000000000000000000000000000000': 0 pak files mounted, 0 remain pending
[2019.07.21-11.31.01:852][  0]LogPakFile: Registered encryption key '00000000000000000000000000000000': 0 pak files mounted, 0 remain pending
[2019.07.21-11.31.01:852][  0]LogPakFile: Registered encryption key '00000000000000000000000000000000': 0 pak files mounted, 0 remain pending
[2019.07.21-11.31.01:853][  0]LogPakFile: Registered encryption key '00000000000000000000000000000000': 0 pak files mounted, 0 remain pending
[2019.07.21-11.31.01:853][  0]LogPakFile: Registered encryption key '00000000000000000000000000000000': 0 pak files mounted, 0 remain pending
[2019.07.21-11.31.01:854][  0]LogPakFile: Registered encryption key '00000000000000000000000000000000': 0 pak files mounted, 0 remain pending
[2019.07.21-11.31.01:854][  0]LogPakFile: Registered encryption key '00000000000000000000000000000000': 0 pak files mounted, 0 remain pending
[2019.07.21-11.31.01:854][  0]LogPakFile: Registered encryption key '00000000000000000000000000000000': 0 pak files mounted, 0 remain pending
[2019.07.21-11.31.01:855][  0]LogPakFile: Registered encryption key '00000000000000000000000000000000': 0 pak files mounted, 0 remain pending
[2019.07.21-11.31.01:855][  0]LogPakFile: Registered encryption key '00000000000000000000000000000000': 0 pak files mounted, 0 remain pending
[2019.07.21-11.31.01:855][  0]LogPakFile: Registered encryption key '00000000000000000000000000000000': 0 pak files mounted, 0 remain pending
[2019.07.21-11.31.01:856][  0]LogPakFile: Registered encryption key '00000000000000000000000000000000': 0 pak files mounted, 0 remain pending
[2019.07.21-11.31.01:856][  0]LogPakFile: Registered encryption key '00000000000000000000000000000000': 0 pak files mounted, 0 remain pending
[2019.07.21-11.31.01:856][  0]LogPakFile: Registered encryption key '00000000000000000000000000000000': 0 pak files mounted, 0 remain pending
[2019.07.21-11.31.01:857][  0]LogPakFile: Registered encryption key '00000000000000000000000000000000': 0 pak files mounted, 0 remain pending
[2019.07.21-11.31.01:857][  0]LogPakFile: Registered encryption key '00000000000000000000000000000000': 0 pak files mounted, 0 remain pending
[2019.07.21-11.31.01:857][  0]LogPakFile: Registered encryption key '00000000000000000000000000000000': 0 pak files mounted, 0 remain pending
[2019.07.21-11.31.01:858][  0]LogPakFile: Registered encryption key '00000000000000000000000000000000': 0 pak files mounted, 0 remain pending
[2019.07.21-11.31.01:858][  0]LogPakFile: Registered encryption key '00000000000000000000000000000000': 0 pak files mounted, 0 remain pending
[2019.07.21-11.31.01:859][  0]LogPakFile: Registered encryption key '00000000000000000000000000000000': 0 pak files mounted, 0 remain pending
[2019.07.21-11.31.01:884][  0]LogContentBrowser: Native class hierarchy updated for 'AddContentDialog' in 0.0003 seconds. Added 0 classes and 0 folders.
[2019.07.21-11.31.01:888][  0]LogContentBrowser: Native class hierarchy updated for 'SceneOutliner' in 0.0003 seconds. Added 1 classes and 2 folders.
[2019.07.21-11.31.01:900][  0]LogSlate: Took 0.000170 seconds to synchronously load lazily loaded font '../../../Engine/Content/Slate/Fonts/Roboto-Regular.ttf' (155K)
[2019.07.21-11.31.01:901][  0]LogSlate: Took 0.000110 seconds to synchronously load lazily loaded font '../../../Engine/Content/Slate/Fonts/Roboto-Bold.ttf' (160K)
[2019.07.21-11.31.01:905][  0]LogSlate: Took 0.000135 seconds to synchronously load lazily loaded font '../../../Engine/Content/Editor/Slate/Fonts/FontAwesome.ttf' (139K)
[2019.07.21-11.31.01:955][  0]LogRenderer: Reallocating scene render targets to support 1208x640 Format 10 NumSamples 1 (Frame:1).
[2019.07.21-11.31.01:991][  0]LogSlate: Took 0.000134 seconds to synchronously load lazily loaded font '../../../Engine/Content/Slate/Fonts/Roboto-Light.ttf' (167K)
[2019.07.21-11.31.02:047][  0]LogContentBrowser: Native class hierarchy updated for 'HierarchicalLODOutliner' in 0.0006 seconds. Added 0 classes and 0 folders.
[2019.07.21-11.31.02:047][  0]LogLoad: (Engine Initialization) Total time: 6.57 seconds
[2019.07.21-11.31.02:047][  0]LogLoad: (Engine Initialization) Total Blueprint compile time: 0.00 seconds
[2019.07.21-11.31.02:058][  0]LogWindowsTextInputMethodSystem: Display: IME system now deactivated.
[2019.07.21-11.31.02:110][  0]LogAssetRegistry: Asset discovery search completed in 3.5486 seconds
[2019.07.21-11.31.02:111][  0]LogCollectionManager: Rebuilt the object cache for 0 collections in 0.000000 seconds (found 0 objects)
[2019.07.21-11.31.02:111][  0]LogCollectionManager: Fixed up redirectors for 0 collections in 0.000035 seconds (updated 0 objects)
[2019.07.21-11.31.02:113][  0]LogContentStreaming: Texture pool size now 1000 MB
[2019.07.21-11.31.04:034][222]LogUObjectGlobals: Warning: Failed to find object 'Object /Script/TeamWolverineProject.TeamWolverineProjectGameMode'
[2019.07.21-11.31.04:039][222]LogSlate: FSceneViewport::OnFocusLost() reason 2
[2019.07.21-11.31.04:661][296]LogSlate: Took 0.000094 seconds to synchronously load lazily loaded font '../../../Engine/Content/Slate/Fonts/Roboto-Light.ttf' (167K)
[2019.07.21-11.31.06:188][478]LogSlate: FSceneViewport::OnFocusLost() reason 2
[2019.07.21-11.31.06:190][478]LogAssetEditorManager: Opening Asset editor for LevelScriptBlueprint /Game/StarterContent/Maps/Minimal_Default.Minimal_Default:PersistentLevel.Minimal_Default
[2019.07.21-11.31.06:386][478]LogContentBrowser: Native class hierarchy updated for 'BlueprintGraph' in 0.0006 seconds. Added 121 classes and 0 folders.
[2019.07.21-11.31.06:985][478]LogSlate: Took 0.000141 seconds to synchronously load lazily loaded font '../../../Engine/Content/Slate/Fonts/Roboto-BoldCondensed.ttf' (158K)
[2019.07.21-11.32.05:317][645]LogSlate: Took 0.004474 seconds to synchronously load lazily loaded font '../../../Engine/Content/Slate/Fonts/Roboto-Italic.ttf' (157K)
[2019.07.21-11.32.15:184][524]LogSlate: FSceneViewport::OnFocusLost() reason 2
[2019.07.21-11.32.20:705][178]LogSlate: Prevented a slow task dialog from being summoned while a context menu was open
[2019.07.21-11.32.25:147][624]BlueprintLog: New page: Compile Minimal_Default
[2019.07.21-11.32.25:276][624]LogUObjectHash: Compacting FUObjectHashTables data took   2.53ms
[2019.07.21-11.32.38:196][675]LogTemp: Repeating last play command: Selected Viewport
[2019.07.21-11.32.38:205][675]LogBlueprintUserMessages: Early PlayInEditor Detection: Level '/Game/StarterContent/Maps/Minimal_Default.Minimal_Default:PersistentLevel' has LevelScriptBlueprint '/Game/StarterContent/Maps/Minimal_Default.Minimal_Default:PersistentLevel.Minimal_Default' with GeneratedClass '/Game/StarterContent/Maps/Minimal_Default.Minimal_Default_C' with ClassGeneratedBy '/Game/StarterContent/Maps/Minimal_Default.Minimal_Default:PersistentLevel.Minimal_Default'
[2019.07.21-11.32.38:205][675]LogPlayLevel: PlayLevel: No blueprints needed recompiling
[2019.07.21-11.32.38:206][675]PIE: New page: PIE session: Minimal_Default (Jul 21, 2019, 3:32:38 PM)
[2019.07.21-11.32.38:218][675]LogPlayLevel: Creating play world package: /Game/StarterContent/Maps/UEDPIE_0_Minimal_Default
[2019.07.21-11.32.38:221][675]LogPlayLevel: PIE: StaticDuplicateObject took: (0.002602s)
[2019.07.21-11.32.38:221][675]LogAIModule: Creating AISystem for world Minimal_Default
[2019.07.21-11.32.38:222][675]LogPlayLevel: PIE: World Init took: (0.000496s)
[2019.07.21-11.32.38:222][675]LogPlayLevel: PIE: Created PIE world by copying editor world from /Game/StarterContent/Maps/Minimal_Default.Minimal_Default to /Game/StarterContent/Maps/UEDPIE_0_Minimal_Default.Minimal_Default (0.003407s)
[2019.07.21-11.32.38:248][675]LogUObjectHash: Compacting FUObjectHashTables data took   1.60ms
[2019.07.21-11.32.38:256][675]LogInit: XAudio2 using 'BenQ GL2760-4 (NVIDIA High Definition Audio)' : 2 channels at 48 kHz using 16 bits per sample (channel mask 0x3)
[2019.07.21-11.32.38:264][675]LogInit: FAudioDevice initialized.
[2019.07.21-11.32.38:306][675]LogLoad: Game class is 'GameModeBase'
[2019.07.21-11.32.38:307][675]LogWorld: Bringing World /Game/StarterContent/Maps/UEDPIE_0_Minimal_Default.Minimal_Default up for play (max tick rate 0) at 2019.07.21-13.32.38
[2019.07.21-11.32.38:308][675]LogWorld: Bringing up level for play took: 0.000598
[2019.07.21-11.32.38:323][675]LogBlueprintActionDatabase: Requesting refresh due to module change: Voice (loaded)
[2019.07.21-11.32.38:327][675]LogBlueprintActionDatabase: Requesting refresh due to module change: MovieSceneCapture (loaded)
[2019.07.21-11.32.38:328][675]LogContentBrowser: Native class hierarchy updated for 'MovieSceneCapture' in 0.0004 seconds. Added 20 classes and 0 folders.
[2019.07.21-11.32.38:330][675]PIE: Play in editor start time for /Game/StarterContent/Maps/UEDPIE_0_Minimal_Default 0.572
[2019.07.21-11.32.38:330][675]LogBlueprintUserMessages: Late PlayInEditor Detection: Level '/Game/StarterContent/Maps/Minimal_Default.Minimal_Default:PersistentLevel' has LevelScriptBlueprint '/Game/StarterContent/Maps/Minimal_Default.Minimal_Default:PersistentLevel.Minimal_Default' with GeneratedClass '/Game/StarterContent/Maps/Minimal_Default.Minimal_Default_C' with ClassGeneratedBy '/Game/StarterContent/Maps/Minimal_Default.Minimal_Default:PersistentLevel.Minimal_Default'
[2019.07.21-11.35.09:933][ 18]LogSlate: FSceneViewport::OnFocusLost() reason 0
[2019.07.21-11.35.19:641][183]LogBlueprintUserMessages: Early EndPlayMap Detection: Level '/Game/StarterContent/Maps/Minimal_Default.Minimal_Default:PersistentLevel' has LevelScriptBlueprint '/Game/StarterContent/Maps/Minimal_Default.Minimal_Default:PersistentLevel.Minimal_Default' with GeneratedClass '/Game/StarterContent/Maps/Minimal_Default.Minimal_Default_C' with ClassGeneratedBy '/Game/StarterContent/Maps/Minimal_Default.Minimal_Default:PersistentLevel.Minimal_Default'
[2019.07.21-11.35.19:642][183]LogSlate: Updating window title bar state: overlay mode, drag disabled, window buttons hidden, title bar hidden
[2019.07.21-11.35.19:668][183]LogPlayLevel: Display: Shutting down PIE online subsystems
[2019.07.21-11.35.19:669][183]LogBlueprintUserMessages: Late EndPlayMap Detection: Level '/Game/StarterContent/Maps/Minimal_Default.Minimal_Default:PersistentLevel' has LevelScriptBlueprint '/Game/StarterContent/Maps/Minimal_Default.Minimal_Default:PersistentLevel.Minimal_Default' with GeneratedClass '/Game/StarterContent/Maps/Minimal_Default.Minimal_Default_C' with ClassGeneratedBy '/Game/StarterContent/Maps/Minimal_Default.Minimal_Default:PersistentLevel.Minimal_Default'
[2019.07.21-11.35.19:701][183]LogSlate: Updating window title bar state: overlay mode, drag disabled, window buttons hidden, title bar hidden
[2019.07.21-11.35.19:707][183]LogUObjectHash: Compacting FUObjectHashTables data took   4.34ms
[2019.07.21-11.35.19:746][187]LogPlayLevel: Display: Destroying online subsystem :Context_3
[2019.07.21-11.35.45:277][246]LogUObjectHash: Compacting FUObjectHashTables data took   0.65ms
[2019.07.21-11.35.45:426][246]LogSavePackage: Moving 'D:/ValkyrieJam/GitHub/TeamWolverine/TeamWolverineProject/Saved/Minimal_DefaultBFB74B044761189135491D99B95A2A29.tmp' to 'D:/ValkyrieJam/GitHub/TeamWolverine/TeamWolverineProject/Content/StarterContent/Maps/Minimal_Default.umap'
[2019.07.21-11.35.45:444][246]LogFileHelpers: Saving map 'Minimal_Default' took 0.199
[2019.07.21-11.35.46:371][351]LogSlate: FSceneViewport::OnFocusLost() reason 0
[2019.07.21-11.35.49:418][716]LogSlate: Prevented a slow task dialog from being summoned while a context menu was open
[2019.07.21-11.37.22:687][409]LogUObjectHash: Compacting FUObjectHashTables data took   2.34ms
[2019.07.21-11.37.22:832][409]LogSavePackage: Moving 'D:/ValkyrieJam/GitHub/TeamWolverine/TeamWolverineProject/Saved/Minimal_DefaultCD791FC546CD693E49793D8ABC4796D0.tmp' to 'D:/ValkyrieJam/GitHub/TeamWolverine/TeamWolverineProject/Content/StarterContent/Maps/Minimal_Default.umap'
[2019.07.21-11.37.22:850][409]LogFileHelpers: Saving map 'Minimal_Default' took 0.196
[2019.07.21-11.37.23:595][497]LogSlate: FSceneViewport::OnFocusLost() reason 0
[2019.07.21-11.37.39:126][356]LogUObjectHash: Compacting FUObjectHashTables data took   1.98ms
[2019.07.21-11.37.39:270][356]LogSavePackage: Moving 'D:/ValkyrieJam/GitHub/TeamWolverine/TeamWolverineProject/Saved/Minimal_DefaultB7A1CD0C4669006A228FA4A532A07A23.tmp' to 'D:/ValkyrieJam/GitHub/TeamWolverine/TeamWolverineProject/Content/StarterContent/Maps/Minimal_Default.umap'
[2019.07.21-11.37.39:287][356]LogFileHelpers: Saving map 'Minimal_Default' took 0.193
[2019.07.21-11.39.01:115][869]LogSlate: FSceneViewport::OnFocusLost() reason 0
[2019.07.21-11.39.01:182][877]LogTemp: Repeating last play command: Selected Viewport
[2019.07.21-11.39.01:191][877]LogBlueprintUserMessages: Early PlayInEditor Detection: Level '/Game/StarterContent/Maps/Minimal_Default.Minimal_Default:PersistentLevel' has LevelScriptBlueprint '/Game/StarterContent/Maps/Minimal_Default.Minimal_Default:PersistentLevel.Minimal_Default' with GeneratedClass '/Game/StarterContent/Maps/Minimal_Default.Minimal_Default_C' with ClassGeneratedBy '/Game/StarterContent/Maps/Minimal_Default.Minimal_Default:PersistentLevel.Minimal_Default'
[2019.07.21-11.39.01:191][877]LogPlayLevel: PlayLevel: No blueprints needed recompiling
[2019.07.21-11.39.01:191][877]PIE: New page: PIE session: Minimal_Default (Jul 21, 2019, 3:39:01 PM)
[2019.07.21-11.39.01:191][877]LogPlayLevel: Creating play world package: /Game/StarterContent/Maps/UEDPIE_0_Minimal_Default
[2019.07.21-11.39.01:194][877]LogPlayLevel: PIE: StaticDuplicateObject took: (0.002577s)
[2019.07.21-11.39.01:194][877]LogAIModule: Creating AISystem for world Minimal_Default
[2019.07.21-11.39.01:195][877]LogPlayLevel: PIE: World Init took: (0.000530s)
[2019.07.21-11.39.01:195][877]LogPlayLevel: PIE: Created PIE world by copying editor world from /Game/StarterContent/Maps/Minimal_Default.Minimal_Default to /Game/StarterContent/Maps/UEDPIE_0_Minimal_Default.Minimal_Default (0.003210s)
[2019.07.21-11.39.01:226][877]LogUObjectHash: Compacting FUObjectHashTables data took   2.35ms
[2019.07.21-11.39.01:236][877]LogInit: XAudio2 using 'BenQ GL2760-4 (NVIDIA High Definition Audio)' : 2 channels at 48 kHz using 16 bits per sample (channel mask 0x3)
[2019.07.21-11.39.01:243][877]LogInit: FAudioDevice initialized.
[2019.07.21-11.39.01:274][877]LogLoad: Game class is 'GameModeBase'
[2019.07.21-11.39.01:275][877]LogWorld: Bringing World /Game/StarterContent/Maps/UEDPIE_0_Minimal_Default.Minimal_Default up for play (max tick rate 0) at 2019.07.21-13.39.01
[2019.07.21-11.39.01:276][877]LogWorld: Bringing up level for play took: 0.000785
[2019.07.21-11.39.01:288][877]PIE: Play in editor start time for /Game/StarterContent/Maps/UEDPIE_0_Minimal_Default -0.411
[2019.07.21-11.39.01:288][877]LogBlueprintUserMessages: Late PlayInEditor Detection: Level '/Game/StarterContent/Maps/Minimal_Default.Minimal_Default:PersistentLevel' has LevelScriptBlueprint '/Game/StarterContent/Maps/Minimal_Default.Minimal_Default:PersistentLevel.Minimal_Default' with GeneratedClass '/Game/StarterContent/Maps/Minimal_Default.Minimal_Default_C' with ClassGeneratedBy '/Game/StarterContent/Maps/Minimal_Default.Minimal_Default:PersistentLevel.Minimal_Default'
[2019.07.21-11.39.04:295][149]LogSlate: FSceneViewport::OnFocusLost() reason 0
[2019.07.21-11.39.13:880][199]LogSlate: FSceneViewport::OnFocusLost() reason 2
[2019.07.21-11.39.32:353][637]LogSlate: FSceneViewport::OnFocusLost() reason 2
[2019.07.21-11.40.09:866][189]LogBlueprintUserMessages: Early EndPlayMap Detection: Level '/Game/StarterContent/Maps/Minimal_Default.Minimal_Default:PersistentLevel' has LevelScriptBlueprint '/Game/StarterContent/Maps/Minimal_Default.Minimal_Default:PersistentLevel.Minimal_Default' with GeneratedClass '/Game/StarterContent/Maps/Minimal_Default.Minimal_Default_C' with ClassGeneratedBy '/Game/StarterContent/Maps/Minimal_Default.Minimal_Default:PersistentLevel.Minimal_Default'
[2019.07.21-11.40.09:866][189]LogSlate: Updating window title bar state: overlay mode, drag disabled, window buttons hidden, title bar hidden
[2019.07.21-11.40.09:925][189]LogPlayLevel: Display: Shutting down PIE online subsystems
[2019.07.21-11.40.09:925][189]LogBlueprintUserMessages: Late EndPlayMap Detection: Level '/Game/StarterContent/Maps/Minimal_Default.Minimal_Default:PersistentLevel' has LevelScriptBlueprint '/Game/StarterContent/Maps/Minimal_Default.Minimal_Default:PersistentLevel.Minimal_Default' with GeneratedClass '/Game/StarterContent/Maps/Minimal_Default.Minimal_Default_C' with ClassGeneratedBy '/Game/StarterContent/Maps/Minimal_Default.Minimal_Default:PersistentLevel.Minimal_Default'
[2019.07.21-11.40.09:983][189]LogSlate: Updating window title bar state: overlay mode, drag disabled, window buttons hidden, title bar hidden
[2019.07.21-11.40.09:987][189]LogUObjectHash: Compacting FUObjectHashTables data took   1.77ms
[2019.07.21-11.40.10:003][190]LogPlayLevel: Display: Destroying online subsystem :Context_4
[2019.07.21-11.40.15:928][733]LogSlate: FSceneViewport::OnFocusLost() reason 0
[2019.07.21-11.44.43:097][184]LogSlate: Window 'Minimal_Default' being destroyed
[2019.07.21-11.44.43:101][184]LogSlate: Window 'Minimal_Default' being destroyed
[2019.07.21-11.44.45:856][510]LogSlate: FSceneViewport::OnFocusLost() reason 0
[2019.07.21-11.44.46:013][528]LogAssetEditorManager: Opening Asset editor for WidgetBlueprint /Game/UI/MainScreen.MainScreen
[2019.07.21-11.44.46:280][528]LogBlueprintActionDatabase: Requesting refresh due to module change: SequencerWidgets (loaded)
[2019.07.21-11.48.47:944][660]LogUObjectHash: Compacting FUObjectHashTables data took   6.37ms
[2019.07.21-11.48.47:944][660]LogFileHelpers: Editor autosave (incl. sublevels) for '/Game/StarterContent/Maps/Minimal_Default' took 0.071
[2019.07.21-11.48.47:945][660]OBJ SavePackage: Generating thumbnails for [0] asset(s) in package [/Game/UI/MainScreen] ([1] browsable assets)...
[2019.07.21-11.48.47:945][660]OBJ SavePackage: Finished generating thumbnails for package [/Game/UI/MainScreen]
[2019.07.21-11.48.47:945][660]Cmd: OBJ SAVEPACKAGE PACKAGE="/Game/UI/MainScreen" FILE="D:/ValkyrieJam/GitHub/TeamWolverine/TeamWolverineProject/Saved/Autosaves/Game/UI/MainScreen_Auto1.uasset" SILENT=false AUTOSAVING=true
[2019.07.21-11.48.47:961][660]LogSavePackage: Moving 'D:/ValkyrieJam/GitHub/TeamWolverine/TeamWolverineProject/Saved/MainScreen_Auto134721A67480D95DB4B45B491E43F6469.tmp' to 'D:/ValkyrieJam/GitHub/TeamWolverine/TeamWolverineProject/Saved/Autosaves/Game/UI/MainScreen_Auto1.uasset'
[2019.07.21-11.48.47:962][660]LogFileHelpers: Auto-saving content packages took 0.018
[2019.07.21-11.54.27:413][432]LogSlate: Prevented a slow task dialog from being summoned while a context menu was open
[2019.07.21-14.29.46:676][379]Cmd: OBJ SAVEPACKAGE PACKAGE="/Game/UI/MainScreen" FILE="D:/ValkyrieJam/GitHub/TeamWolverine/TeamWolverineProject/Content/UI/MainScreen.uasset" SILENT=true
[2019.07.21-14.29.46:694][379]LogSavePackage: Moving 'D:/ValkyrieJam/GitHub/TeamWolverine/TeamWolverineProject/Saved/MainScreen6BCE9EFE4D9EE4A900DA418C1E261B3B.tmp' to 'D:/ValkyrieJam/GitHub/TeamWolverine/TeamWolverineProject/Content/UI/MainScreen.uasset'
[2019.07.21-14.29.48:471][588]Cmd: OBJ SAVEPACKAGE PACKAGE="/Game/UI/MainScreen" FILE="D:/ValkyrieJam/GitHub/TeamWolverine/TeamWolverineProject/Content/UI/MainScreen.uasset" SILENT=true
[2019.07.21-14.29.48:482][588]LogSavePackage: Moving 'D:/ValkyrieJam/GitHub/TeamWolverine/TeamWolverineProject/Saved/MainScreen2DEEB47B4563EEED4069BF86C9C6D1AE.tmp' to 'D:/ValkyrieJam/GitHub/TeamWolverine/TeamWolverineProject/Content/UI/MainScreen.uasset'
[2019.07.21-14.29.48:727][615]Cmd: OBJ SAVEPACKAGE PACKAGE="/Game/UI/MainScreen" FILE="D:/ValkyrieJam/GitHub/TeamWolverine/TeamWolverineProject/Content/UI/MainScreen.uasset" SILENT=true
[2019.07.21-14.29.48:738][615]LogSavePackage: Moving 'D:/ValkyrieJam/GitHub/TeamWolverine/TeamWolverineProject/Saved/MainScreen06368EF94F90DA629AE24388357EBFDC.tmp' to 'D:/ValkyrieJam/GitHub/TeamWolverine/TeamWolverineProject/Content/UI/MainScreen.uasset'
[2019.07.21-14.29.50:692][838]LogSlate: Window 'MainScreen' being destroyed
[2019.07.21-14.29.50:696][838]LogSlate: Window 'MainScreen' being destroyed
[2019.07.21-14.29.53:798][196]LogUObjectHash: Compacting FUObjectHashTables data took   4.58ms
[2019.07.21-14.29.53:944][196]LogSavePackage: Moving 'D:/ValkyrieJam/GitHub/TeamWolverine/TeamWolverineProject/Saved/Minimal_Default4DEE58C7466B5BE13CBE75AE85C6A890.tmp' to 'D:/ValkyrieJam/GitHub/TeamWolverine/TeamWolverineProject/Content/StarterContent/Maps/Minimal_Default.umap'
