Log file open, 07/20/19 22:02:32
LogWindows: Failed to load 'aqProf.dll' (GetLastError=126)
LogWindows: File 'aqProf.dll' does not exist
LogWindows: Failed to load 'VtuneApi.dll' (GetLastError=126)
LogWindows: File 'VtuneApi.dll' does not exist
LogWindows: Failed to load 'VtuneApi32e.dll' (GetLastError=126)
LogWindows: File 'VtuneApi32e.dll' does not exist
LogConsoleResponse: Display: Failed to find resolution value strings in scalability ini. Falling back to default.
LogInit: Display: Running engine for game: TeamWolverineProject
LogPakFile: Registered encryption key '00000000000000000000000000000000': 0 pak files mounted, 0 remain pending
LogPlatformFile: Not using cached read wrapper
LogTaskGraph: Started task graph with 5 named threads and 20 total threads with 3 sets of task threads.
LogStats: Stats thread started at 10.643515
LogD3D11RHI: Loaded GFSDK_Aftermath_Lib.x64.dll
LogICUInternationalization: ICU TimeZone Detection - Raw Offset: +1:00, Platform Override: ''
LogPluginManager: Mounting plugin Paper2D
LogPluginManager: Mounting plugin AISupport
LogPluginManager: Mounting plugin LightPropagationVolume
LogPluginManager: Mounting plugin ActorLayerUtilities
LogPluginManager: Mounting plugin AnimationSharing
LogPluginManager: Mounting plugin CLionSourceCodeAccess
LogPluginManager: Mounting plugin CodeLiteSourceCodeAccess
LogPluginManager: Mounting plugin GitSourceControl
LogPluginManager: Mounting plugin KDevelopSourceCodeAccess
LogPluginManager: Mounting plugin NullSourceCodeAccess
LogPluginManager: Mounting plugin PerforceSourceControl
LogPluginManager: Mounting plugin SubversionSourceControl
LogPluginManager: Mounting plugin UObjectPlugin
LogPluginManager: Mounting plugin VisualStudioCodeSourceCodeAccess
LogPluginManager: Mounting plugin VisualStudioSourceCodeAccess
LogPluginManager: Mounting plugin XCodeSourceCodeAccess
LogPluginManager: Mounting plugin AssetManagerEditor
LogPluginManager: Mounting plugin CryptoKeys
LogPluginManager: Mounting plugin DataValidation
LogPluginManager: Mounting plugin FacialAnimation
LogPluginManager: Mounting plugin GameplayTagsEditor
LogPluginManager: Mounting plugin MacGraphicsSwitching
LogPluginManager: Mounting plugin MaterialAnalyzer
LogPluginManager: Mounting plugin MobileLauncherProfileWizard
LogPluginManager: Mounting plugin PluginBrowser
LogPluginManager: Mounting plugin SpeedTreeImporter
LogPluginManager: Mounting plugin DatasmithContent
LogPluginManager: Mounting plugin VariantManagerContent
LogPluginManager: Mounting plugin AlembicImporter
LogPluginManager: Mounting plugin AppleImageUtils
LogPluginManager: Mounting plugin AppleVision
LogPluginManager: Mounting plugin BackChannel
LogPluginManager: Mounting plugin CharacterAI
LogPluginManager: Mounting plugin GeometryCache
LogPluginManager: Mounting plugin HTML5Networking
LogPluginManager: Mounting plugin ProxyLODPlugin
LogPluginManager: Mounting plugin SkeletalReduction
LogPluginManager: Mounting plugin MagicLeap
LogPluginManager: Mounting plugin MagicLeapMedia
LogPluginManager: Mounting plugin AndroidMedia
LogPluginManager: Mounting plugin AvfMedia
LogPluginManager: Mounting plugin ImgMedia
LogPluginManager: Mounting plugin LinearTimecode
LogPluginManager: Mounting plugin MediaCompositing
LogPluginManager: Mounting plugin MediaPlayerEditor
LogPluginManager: Mounting plugin WebMMedia
LogPluginManager: Mounting plugin WmfMedia
LogPluginManager: Mounting plugin TcpMessaging
LogPluginManager: Mounting plugin UdpMessaging
LogPluginManager: Mounting plugin ActorSequence
LogPluginManager: Mounting plugin LevelSequenceEditor
LogPluginManager: Mounting plugin MatineeToLevelSequence
LogPluginManager: Mounting plugin NetcodeUnitTest
LogPluginManager: Mounting plugin NUTUnrealEngine4
LogPluginManager: Mounting plugin OnlineSubsystemGooglePlay
LogPluginManager: Mounting plugin OnlineSubsystemIOS
LogPluginManager: Mounting plugin OnlineSubsystem
LogPluginManager: Mounting plugin OnlineSubsystemNull
LogPluginManager: Mounting plugin OnlineSubsystemUtils
LogPluginManager: Mounting plugin LauncherChunkInstaller
LogPluginManager: Mounting plugin AndroidDeviceProfileSelector
LogPluginManager: Mounting plugin AndroidMoviePlayer
LogPluginManager: Mounting plugin AndroidPermission
LogPluginManager: Mounting plugin AppleMoviePlayer
LogPluginManager: Mounting plugin ArchVisCharacter
LogPluginManager: Mounting plugin AudioCapture
LogPluginManager: Mounting plugin CableComponent
LogPluginManager: Mounting plugin CustomMeshComponent
LogPluginManager: Mounting plugin EditableMesh
LogPluginManager: Mounting plugin ExampleDeviceProfileSelector
LogPluginManager: Mounting plugin Firebase
LogPluginManager: Mounting plugin GoogleCloudMessaging
LogPluginManager: Mounting plugin IOSDeviceProfileSelector
LogPluginManager: Mounting plugin LinuxDeviceProfileSelector
LogPluginManager: Mounting plugin LocationServicesBPLibrary
LogPluginManager: Mounting plugin MobilePatchingUtils
LogPluginManager: Mounting plugin OculusVR
LogPluginManager: Mounting plugin PhysXVehicles
LogPluginManager: Mounting plugin ProceduralMeshComponent
LogPluginManager: Mounting plugin RuntimePhysXCooking
LogPluginManager: Mounting plugin SignificanceManager
LogPluginManager: Mounting plugin SteamVR
LogPluginManager: Mounting plugin WebMMoviePlayer
LogPluginManager: Mounting plugin WindowsMoviePlayer
LogInit: Using libcurl 7.55.1-DEV
LogInit:  - built for x86_64-pc-win32
LogInit:  - supports SSL with OpenSSL/1.1.1
LogInit:  - supports HTTP deflate (compression) using libz 1.2.8
LogInit:  - other features:
LogInit:      CURL_VERSION_SSL
LogInit:      CURL_VERSION_LIBZ
LogInit:      CURL_VERSION_IPV6
LogInit:      CURL_VERSION_ASYNCHDNS
LogInit:      CURL_VERSION_LARGEFILE
LogInit:      CURL_VERSION_IDN
LogInit:  CurlRequestOptions (configurable via config and command line):
LogInit:  - bVerifyPeer = true  - Libcurl will verify peer certificate
LogInit:  - bUseHttpProxy = false  - Libcurl will NOT use HTTP proxy
LogInit:  - bDontReuseConnections = false  - Libcurl will reuse connections
LogInit:  - MaxHostConnections = 16  - Libcurl will limit the number of connections to a host
LogInit:  - LocalHostAddr = Default
LogInit:  - BufferSize = 65536
LogInit: WinSock: version 1.1 (2.2), MaxSocks=32767, MaxUdp=65467
LogInit: Build: ++UE4+Release-4.22-CL-7053642
LogInit: Engine Version: 4.22.3-7053642+++UE4+Release-4.22
LogInit: Compatible Engine Version: 4.22.0-5660361+++UE4+Release-4.22
LogInit: Net CL: 5660361
LogInit: OS: Windows 10 (Release 1903) (), CPU: Intel(R) Core(TM) i5-8400 CPU @ 2.80GHz, GPU: Intel(R) UHD Graphics 630
LogInit: Compiled (64-bit): Jun 18 2019 03:09:11
LogInit: Compiled with Visual C++: 19.16.27025.01
LogInit: Build Configuration: DebugGame
LogInit: Branch Name: ++UE4+Release-4.22
LogInit: Command Line:  -skipcompile
LogInit: Base Directory: D:/UE_4.22/Engine/Binaries/Win64/
LogInit: Installed Engine Build: 1
LogDevObjectVersion: Number of dev versions registered: 23
LogDevObjectVersion:   Dev-Blueprints (B0D832E4-1F89-4F0D-ACCF-7EB736FD4AA2): 10
LogDevObjectVersion:   Dev-Build (E1C64328-A22C-4D53-A36C-8E866417BD8C): 0
LogDevObjectVersion:   Dev-Core (375EC13C-06E4-48FB-B500-84F0262A717E): 3
LogDevObjectVersion:   Dev-Editor (E4B068ED-F494-42E9-A231-DA0B2E46BB41): 30
LogDevObjectVersion:   Dev-Framework (CFFC743F-43B0-4480-9391-14DF171D2073): 35
LogDevObjectVersion:   Dev-Mobile (B02B49B5-BB20-44E9-A304-32B752E40360): 2
LogDevObjectVersion:   Dev-Networking (A4E4105C-59A1-49B5-A7C5-40C4547EDFEE): 0
LogDevObjectVersion:   Dev-Online (39C831C9-5AE6-47DC-9A44-9C173E1C8E7C): 0
LogDevObjectVersion:   Dev-Physics (78F01B33-EBEA-4F98-B9B4-84EACCB95AA2): 0
LogDevObjectVersion:   Dev-Platform (6631380F-2D4D-43E0-8009-CF276956A95A): 0
LogDevObjectVersion:   Dev-Rendering (12F88B9F-8875-4AFC-A67C-D90C383ABD29): 28
LogDevObjectVersion:   Dev-Sequencer (7B5AE74C-D270-4C10-A958-57980B212A5A): 11
LogDevObjectVersion:   Dev-VR (D7296918-1DD6-4BDD-9DE2-64A83CC13884): 2
LogDevObjectVersion:   Dev-LoadTimes (C2A15278-BFE7-4AFE-6C17-90FF531DF755): 1
LogDevObjectVersion:   Private-Geometry (6EACA3D4-40EC-4CC1-B786-8BED09428FC5): 3
LogDevObjectVersion:   Dev-AnimPhys (29E575DD-E0A3-4627-9D10-D276232CDCEA): 17
LogDevObjectVersion:   Dev-Anim (AF43A65D-7FD3-4947-9873-3E8ED9C1BB05): 2
LogDevObjectVersion:   Dev-ReflectionCapture (6B266CEC-1EC7-4B8F-A30B-E4D90942FC07): 1
LogDevObjectVersion:   Dev-Automation (0DF73D61-A23F-47EA-B727-89E90C41499A): 1
LogDevObjectVersion:   FortniteMain (601D1886-AC64-4F84-AA16-D3DE0DEAC7D6): 25
LogDevObjectVersion:   Dev-Enterprise (9DFFBCD6-494F-0158-E221-12823C92A888): 6
LogDevObjectVersion:   Dev-Niagara (F2AED0AC-9AFE-416F-8664-AA7FFA26D6FC): 1
LogDevObjectVersion:   Dev-Destruction (174F1F0B-B4C6-45A5-B13F-2EE8D0FB917D): 2
LogInit: Presizing for max 16777216 objects, including 0 objects not considered by GC, pre-allocating 0 bytes for permanent pool.
LogInit: Object subsystem initialized
LogConfig: Setting CVar [[con.DebugEarlyDefault:1]]
LogConfig: Setting CVar [[r.setres:1280x720]]
[2019.07.20-20.02.40:060][  0]LogConfig: Setting CVar [[r.VSync:0]]
[2019.07.20-20.02.40:073][  0]LogConfig: Setting CVar [[r.RHICmdBypass:0]]
[2019.07.20-20.02.40:104][  0]LogConfig: Applying CVar settings from Section [/Script/Engine.RendererSettings] File [C:/Users/Nordsken/Documents/GitHub/TeamWolverine/TeamWolverineProject/Saved/Config/Windows/Engine.ini]
[2019.07.20-20.02.40:130][  0]LogConfig: Setting CVar [[r.GPUCrashDebugging:0]]
[2019.07.20-20.02.40:148][  0]LogConfig: Setting CVar [[r.DefaultFeature.AutoExposure.ExtendDefaultLuminanceRange:1]]
[2019.07.20-20.02.40:167][  0]LogConfig: Applying CVar settings from Section [/Script/Engine.RendererOverrideSettings] File [C:/Users/Nordsken/Documents/GitHub/TeamWolverine/TeamWolverineProject/Saved/Config/Windows/Engine.ini]
[2019.07.20-20.02.40:167][  0]LogConfig: Applying CVar settings from Section [/Script/Engine.StreamingSettings] File [C:/Users/Nordsken/Documents/GitHub/TeamWolverine/TeamWolverineProject/Saved/Config/Windows/Engine.ini]
[2019.07.20-20.02.40:167][  0]LogConfig: Setting CVar [[s.MinBulkDataSizeForAsyncLoading:131072]]
[2019.07.20-20.02.40:167][  0]LogConfig: Setting CVar [[s.AsyncLoadingThreadEnabled:0]]
[2019.07.20-20.02.40:170][  0]LogConfig: Setting CVar [[s.EventDrivenLoaderEnabled:1]]
[2019.07.20-20.02.40:176][  0]LogConfig: Setting CVar [[s.WarnIfTimeLimitExceeded:0]]
[2019.07.20-20.02.40:176][  0]LogConfig: Setting CVar [[s.TimeLimitExceededMultiplier:1.5]]
[2019.07.20-20.02.40:176][  0]LogConfig: Setting CVar [[s.TimeLimitExceededMinTime:0.005]]
[2019.07.20-20.02.40:177][  0]LogConfig: Setting CVar [[s.UseBackgroundLevelStreaming:1]]
[2019.07.20-20.02.40:177][  0]LogConfig: Setting CVar [[s.PriorityAsyncLoadingExtraTime:15.0]]
[2019.07.20-20.02.40:178][  0]LogConfig: Setting CVar [[s.LevelStreamingActorsUpdateTimeLimit:5.0]]
[2019.07.20-20.02.40:178][  0]LogConfig: Setting CVar [[s.PriorityLevelStreamingActorsUpdateExtraTime:5.0]]
[2019.07.20-20.02.40:178][  0]LogConfig: Setting CVar [[s.LevelStreamingComponentsRegistrationGranularity:10]]
[2019.07.20-20.02.40:178][  0]LogConfig: Setting CVar [[s.UnregisterComponentsTimeLimit:1.0]]
[2019.07.20-20.02.40:186][  0]LogConfig: Setting CVar [[s.LevelStreamingComponentsUnregistrationGranularity:5]]
[2019.07.20-20.02.40:223][  0]LogConfig: Applying CVar settings from Section [/Script/Engine.GarbageCollectionSettings] File [C:/Users/Nordsken/Documents/GitHub/TeamWolverine/TeamWolverineProject/Saved/Config/Windows/Engine.ini]
[2019.07.20-20.02.40:261][  0]LogConfig: Setting CVar [[gc.MaxObjectsNotConsideredByGC:1]]
[2019.07.20-20.02.40:269][  0]LogConfig: Setting CVar [[gc.SizeOfPermanentObjectPool:0]]
[2019.07.20-20.02.40:270][  0]LogConfig: Setting CVar [[gc.FlushStreamingOnGC:0]]
[2019.07.20-20.02.40:270][  0]LogConfig: Setting CVar [[gc.NumRetriesBeforeForcingGC:10]]
[2019.07.20-20.02.40:271][  0]LogConfig: Setting CVar [[gc.AllowParallelGC:1]]
[2019.07.20-20.02.40:271][  0]LogConfig: Setting CVar [[gc.TimeBetweenPurgingPendingKillObjects:61.1]]
[2019.07.20-20.02.40:271][  0]LogConfig: Setting CVar [[gc.MaxObjectsInEditor:16777216]]
[2019.07.20-20.02.40:272][  0]LogConfig: Setting CVar [[gc.IncrementalBeginDestroyEnabled:1]]
[2019.07.20-20.02.40:272][  0]LogConfig: Setting CVar [[gc.CreateGCClusters:1]]
[2019.07.20-20.02.40:272][  0]LogConfig: Setting CVar [[gc.MinGCClusterSize:5]]
[2019.07.20-20.02.40:282][  0]LogConfig: Setting CVar [[gc.ActorClusteringEnabled:0]]
[2019.07.20-20.02.40:283][  0]LogConfig: Setting CVar [[gc.BlueprintClusteringEnabled:0]]
[2019.07.20-20.02.40:283][  0]LogConfig: Setting CVar [[gc.UseDisregardForGCOnDedicatedServers:0]]
[2019.07.20-20.02.40:283][  0]LogConfig: Applying CVar settings from Section [/Script/Engine.NetworkSettings] File [C:/Users/Nordsken/Documents/GitHub/TeamWolverine/TeamWolverineProject/Saved/Config/Windows/Engine.ini]
[2019.07.20-20.02.40:284][  0]LogConfig: Applying CVar settings from Section [/Script/UnrealEd.CookerSettings] File [C:/Users/Nordsken/Documents/GitHub/TeamWolverine/TeamWolverineProject/Saved/Config/Windows/Engine.ini]
[2019.07.20-20.02.40:488][  0]LogConfig: Applying CVar settings from Section [ViewDistanceQuality@3] File [C:/Users/Nordsken/Documents/GitHub/TeamWolverine/TeamWolverineProject/Saved/Config/Windows/Scalability.ini]
[2019.07.20-20.02.40:495][  0]LogConfig: Setting CVar [[r.SkeletalMeshLODBias:0]]
[2019.07.20-20.02.40:495][  0]LogConfig: Setting CVar [[r.ViewDistanceScale:1.0]]
[2019.07.20-20.02.40:496][  0]LogConfig: Applying CVar settings from Section [AntiAliasingQuality@3] File [C:/Users/Nordsken/Documents/GitHub/TeamWolverine/TeamWolverineProject/Saved/Config/Windows/Scalability.ini]
[2019.07.20-20.02.40:497][  0]LogConfig: Setting CVar [[r.PostProcessAAQuality:4]]
[2019.07.20-20.02.40:497][  0]LogConfig: Applying CVar settings from Section [ShadowQuality@3] File [C:/Users/Nordsken/Documents/GitHub/TeamWolverine/TeamWolverineProject/Saved/Config/Windows/Scalability.ini]
[2019.07.20-20.02.40:497][  0]LogConfig: Setting CVar [[r.LightFunctionQuality:1]]
[2019.07.20-20.02.40:497][  0]LogConfig: Setting CVar [[r.ShadowQuality:5]]
[2019.07.20-20.02.40:497][  0]LogConfig: Setting CVar [[r.Shadow.CSM.MaxCascades:10]]
[2019.07.20-20.02.40:497][  0]LogConfig: Setting CVar [[r.Shadow.MaxResolution:2048]]
[2019.07.20-20.02.40:497][  0]LogConfig: Setting CVar [[r.Shadow.MaxCSMResolution:2048]]
[2019.07.20-20.02.40:497][  0]LogConfig: Setting CVar [[r.Shadow.RadiusThreshold:0.01]]
[2019.07.20-20.02.40:497][  0]LogConfig: Setting CVar [[r.Shadow.DistanceScale:1.0]]
[2019.07.20-20.02.40:498][  0]LogConfig: Setting CVar [[r.Shadow.CSM.TransitionScale:1.0]]
[2019.07.20-20.02.40:498][  0]LogConfig: Setting CVar [[r.Shadow.PreShadowResolutionFactor:1.0]]
[2019.07.20-20.02.40:498][  0]LogConfig: Setting CVar [[r.DistanceFieldShadowing:1]]
[2019.07.20-20.02.40:498][  0]LogConfig: Setting CVar [[r.DistanceFieldAO:1]]
[2019.07.20-20.02.40:498][  0]LogConfig: Setting CVar [[r.AOQuality:2]]
[2019.07.20-20.02.40:498][  0]LogConfig: Setting CVar [[r.VolumetricFog:1]]
[2019.07.20-20.02.40:498][  0]LogConfig: Setting CVar [[r.VolumetricFog.GridPixelSize:8]]
[2019.07.20-20.02.40:500][  0]LogConfig: Setting CVar [[r.VolumetricFog.GridSizeZ:128]]
[2019.07.20-20.02.40:500][  0]LogConfig: Setting CVar [[r.VolumetricFog.HistoryMissSupersampleCount:4]]
[2019.07.20-20.02.40:500][  0]LogConfig: Setting CVar [[r.LightMaxDrawDistanceScale:1]]
[2019.07.20-20.02.40:500][  0]LogConfig: Setting CVar [[r.CapsuleShadows:1]]
[2019.07.20-20.02.40:500][  0]LogConfig: Applying CVar settings from Section [PostProcessQuality@3] File [C:/Users/Nordsken/Documents/GitHub/TeamWolverine/TeamWolverineProject/Saved/Config/Windows/Scalability.ini]
[2019.07.20-20.02.40:501][  0]LogConfig: Setting CVar [[r.MotionBlurQuality:4]]
[2019.07.20-20.02.40:503][  0]LogConfig: Setting CVar [[r.AmbientOcclusionMipLevelFactor:0.4]]
[2019.07.20-20.02.40:503][  0]LogConfig: Setting CVar [[r.AmbientOcclusionMaxQuality:100]]
[2019.07.20-20.02.40:504][  0]LogConfig: Setting CVar [[r.AmbientOcclusionLevels:-1]]
[2019.07.20-20.02.40:504][  0]LogConfig: Setting CVar [[r.AmbientOcclusionRadiusScale:1.0]]
[2019.07.20-20.02.40:504][  0]LogConfig: Setting CVar [[r.DepthOfFieldQuality:2]]
[2019.07.20-20.02.40:504][  0]LogConfig: Setting CVar [[r.RenderTargetPoolMin:400]]
[2019.07.20-20.02.40:504][  0]LogConfig: Setting CVar [[r.LensFlareQuality:2]]
[2019.07.20-20.02.40:504][  0]LogConfig: Setting CVar [[r.SceneColorFringeQuality:1]]
[2019.07.20-20.02.40:504][  0]LogConfig: Setting CVar [[r.EyeAdaptationQuality:2]]
[2019.07.20-20.02.40:504][  0]LogConfig: Setting CVar [[r.BloomQuality:5]]
[2019.07.20-20.02.40:504][  0]LogConfig: Setting CVar [[r.FastBlurThreshold:100]]
[2019.07.20-20.02.40:504][  0]LogConfig: Setting CVar [[r.Upscale.Quality:3]]
[2019.07.20-20.02.40:505][  0]LogConfig: Setting CVar [[r.Tonemapper.GrainQuantization:1]]
[2019.07.20-20.02.40:505][  0]LogConfig: Setting CVar [[r.LightShaftQuality:1]]
[2019.07.20-20.02.40:505][  0]LogConfig: Setting CVar [[r.Filter.SizeScale:1]]
[2019.07.20-20.02.40:505][  0]LogConfig: Setting CVar [[r.Tonemapper.Quality:5]]
[2019.07.20-20.02.40:505][  0]LogConfig: Setting CVar [[r.DOF.Gather.AccumulatorQuality:1        ; higher gathering accumulator quality]]
[2019.07.20-20.02.40:505][  0]LogConfig: Setting CVar [[r.DOF.Gather.PostfilterMethod:1          ; Median3x3 postfilering method]]
[2019.07.20-20.02.40:505][  0]LogConfig: Setting CVar [[r.DOF.Gather.EnableBokehSettings:0       ; no bokeh simulation when gathering]]
[2019.07.20-20.02.40:505][  0]LogConfig: Setting CVar [[r.DOF.Gather.RingCount:4                 ; medium number of samples when gathering]]
[2019.07.20-20.02.40:506][  0]LogConfig: Setting CVar [[r.DOF.Scatter.ForegroundCompositing:1    ; additive foreground scattering]]
[2019.07.20-20.02.40:506][  0]LogConfig: Setting CVar [[r.DOF.Scatter.BackgroundCompositing:2    ; additive background scattering]]
[2019.07.20-20.02.40:506][  0]LogConfig: Setting CVar [[r.DOF.Scatter.EnableBokehSettings:1      ; bokeh simulation when scattering]]
[2019.07.20-20.02.40:541][  0]LogConfig: Setting CVar [[r.DOF.Scatter.MaxSpriteRatio:0.1         ; only a maximum of 10% of scattered bokeh]]
[2019.07.20-20.02.40:541][  0]LogConfig: Setting CVar [[r.DOF.Recombine.Quality:1                ; cheap slight out of focus]]
[2019.07.20-20.02.40:542][  0]LogConfig: Setting CVar [[r.DOF.Recombine.EnableBokehSettings:0    ; no bokeh simulation on slight out of focus]]
[2019.07.20-20.02.40:542][  0]LogConfig: Setting CVar [[r.DOF.TemporalAAQuality:1                ; more stable temporal accumulation]]
[2019.07.20-20.02.40:542][  0]LogConfig: Setting CVar [[r.DOF.Kernel.MaxForegroundRadius:0.025]]
[2019.07.20-20.02.40:542][  0]LogConfig: Setting CVar [[r.DOF.Kernel.MaxBackgroundRadius:0.025]]
[2019.07.20-20.02.40:542][  0]LogConfig: Applying CVar settings from Section [TextureQuality@3] File [C:/Users/Nordsken/Documents/GitHub/TeamWolverine/TeamWolverineProject/Saved/Config/Windows/Scalability.ini]
[2019.07.20-20.02.40:542][  0]LogConfig: Setting CVar [[r.Streaming.MipBias:0]]
[2019.07.20-20.02.40:543][  0]LogConfig: Setting CVar [[r.Streaming.AmortizeCPUToGPUCopy:0]]
[2019.07.20-20.02.40:546][  0]LogConfig: Setting CVar [[r.Streaming.MaxNumTexturesToStreamPerFrame:0]]
[2019.07.20-20.02.40:546][  0]LogConfig: Setting CVar [[r.Streaming.Boost:1]]
[2019.07.20-20.02.40:546][  0]LogConfig: Setting CVar [[r.MaxAnisotropy:8]]
[2019.07.20-20.02.40:546][  0]LogConfig: Setting CVar [[r.Streaming.LimitPoolSizeToVRAM:0]]
[2019.07.20-20.02.40:547][  0]LogConfig: Setting CVar [[r.Streaming.PoolSize:1000]]
[2019.07.20-20.02.40:547][  0]LogConfig: Setting CVar [[r.Streaming.MaxEffectiveScreenSize:0]]
[2019.07.20-20.02.40:549][  0]LogConfig: Applying CVar settings from Section [EffectsQuality@3] File [C:/Users/Nordsken/Documents/GitHub/TeamWolverine/TeamWolverineProject/Saved/Config/Windows/Scalability.ini]
[2019.07.20-20.02.40:566][  0]LogConfig: Setting CVar [[r.TranslucencyLightingVolumeDim:64]]
[2019.07.20-20.02.40:566][  0]LogConfig: Setting CVar [[r.RefractionQuality:2]]
[2019.07.20-20.02.40:567][  0]LogConfig: Setting CVar [[r.SSR.Quality:3]]
[2019.07.20-20.02.40:567][  0]LogConfig: Setting CVar [[r.SceneColorFormat:4]]
[2019.07.20-20.02.40:567][  0]LogConfig: Setting CVar [[r.DetailMode:2]]
[2019.07.20-20.02.40:567][  0]LogConfig: Setting CVar [[r.TranslucencyVolumeBlur:1]]
[2019.07.20-20.02.40:567][  0]LogConfig: Setting CVar [[r.MaterialQualityLevel:1 ; High quality]]
[2019.07.20-20.02.40:567][  0]LogConfig: Setting CVar [[r.SSS.Scale:1]]
[2019.07.20-20.02.40:568][  0]LogConfig: Setting CVar [[r.SSS.SampleSet:2]]
[2019.07.20-20.02.40:568][  0]LogConfig: Setting CVar [[r.SSS.Quality:1]]
[2019.07.20-20.02.40:568][  0]LogConfig: Setting CVar [[r.SSS.HalfRes:1]]
[2019.07.20-20.02.40:569][  0]LogConfig: Setting CVar [[r.EmitterSpawnRateScale:1.0]]
[2019.07.20-20.02.40:569][  0]LogConfig: Setting CVar [[r.ParticleLightQuality:2]]
[2019.07.20-20.02.40:569][  0]LogConfig: Applying CVar settings from Section [FoliageQuality@3] File [C:/Users/Nordsken/Documents/GitHub/TeamWolverine/TeamWolverineProject/Saved/Config/Windows/Scalability.ini]
[2019.07.20-20.02.40:569][  0]LogConfig: Setting CVar [[foliage.DensityScale:1.0]]
[2019.07.20-20.02.40:569][  0]LogConfig: Setting CVar [[grass.DensityScale:1.0]]
[2019.07.20-20.02.40:593][  0]LogInit: Selected Device Profile: [Windows]
[2019.07.20-20.02.40:594][  0]LogInit: Applying CVar settings loaded from the selected device profile: [Windows]
[2019.07.20-20.02.40:688][  0]LogHAL: Display: Platform has ~ 16 GB [17013702656 / 17179869184 / 16], which maps to Larger [LargestMinGB=32, LargerMinGB=12, DefaultMinGB=8, SmallerMinGB=6, SmallestMinGB=0)
[2019.07.20-20.02.40:694][  0]LogConfig: Setting CVar [[r.Vulkan.UseRealUBs:0		; Required until we fix HLR fall-out]]
[2019.07.20-20.02.40:695][  0]LogInit: Going up to parent DeviceProfile []
[2019.07.20-20.02.40:698][  0]LogConfig: Applying CVar settings from Section [ViewDistanceQuality@3] File [C:/Users/Nordsken/Documents/GitHub/TeamWolverine/TeamWolverineProject/Saved/Config/Windows/Scalability.ini]
[2019.07.20-20.02.40:699][  0]LogConfig: Setting CVar [[r.SkeletalMeshLODBias:0]]
[2019.07.20-20.02.40:699][  0]LogConfig: Setting CVar [[r.ViewDistanceScale:1.0]]
[2019.07.20-20.02.40:700][  0]LogConfig: Applying CVar settings from Section [AntiAliasingQuality@3] File [C:/Users/Nordsken/Documents/GitHub/TeamWolverine/TeamWolverineProject/Saved/Config/Windows/Scalability.ini]
[2019.07.20-20.02.40:700][  0]LogConfig: Setting CVar [[r.PostProcessAAQuality:4]]
[2019.07.20-20.02.40:700][  0]LogConfig: Applying CVar settings from Section [ShadowQuality@3] File [C:/Users/Nordsken/Documents/GitHub/TeamWolverine/TeamWolverineProject/Saved/Config/Windows/Scalability.ini]
[2019.07.20-20.02.40:700][  0]LogConfig: Setting CVar [[r.LightFunctionQuality:1]]
[2019.07.20-20.02.40:700][  0]LogConfig: Setting CVar [[r.ShadowQuality:5]]
[2019.07.20-20.02.40:700][  0]LogConfig: Setting CVar [[r.Shadow.CSM.MaxCascades:10]]
[2019.07.20-20.02.40:701][  0]LogConfig: Setting CVar [[r.Shadow.MaxResolution:2048]]
[2019.07.20-20.02.40:701][  0]LogConfig: Setting CVar [[r.Shadow.MaxCSMResolution:2048]]
[2019.07.20-20.02.40:701][  0]LogConfig: Setting CVar [[r.Shadow.RadiusThreshold:0.01]]
[2019.07.20-20.02.40:701][  0]LogConfig: Setting CVar [[r.Shadow.DistanceScale:1.0]]
[2019.07.20-20.02.40:701][  0]LogConfig: Setting CVar [[r.Shadow.CSM.TransitionScale:1.0]]
[2019.07.20-20.02.40:701][  0]LogConfig: Setting CVar [[r.Shadow.PreShadowResolutionFactor:1.0]]
[2019.07.20-20.02.40:701][  0]LogConfig: Setting CVar [[r.DistanceFieldShadowing:1]]
[2019.07.20-20.02.40:702][  0]LogConfig: Setting CVar [[r.DistanceFieldAO:1]]
[2019.07.20-20.02.40:702][  0]LogConfig: Setting CVar [[r.AOQuality:2]]
[2019.07.20-20.02.40:702][  0]LogConfig: Setting CVar [[r.VolumetricFog:1]]
[2019.07.20-20.02.40:702][  0]LogConfig: Setting CVar [[r.VolumetricFog.GridPixelSize:8]]
[2019.07.20-20.02.40:702][  0]LogConfig: Setting CVar [[r.VolumetricFog.GridSizeZ:128]]
[2019.07.20-20.02.40:702][  0]LogConfig: Setting CVar [[r.VolumetricFog.HistoryMissSupersampleCount:4]]
[2019.07.20-20.02.40:702][  0]LogConfig: Setting CVar [[r.LightMaxDrawDistanceScale:1]]
[2019.07.20-20.02.40:702][  0]LogConfig: Setting CVar [[r.CapsuleShadows:1]]
[2019.07.20-20.02.40:702][  0]LogConfig: Applying CVar settings from Section [PostProcessQuality@3] File [C:/Users/Nordsken/Documents/GitHub/TeamWolverine/TeamWolverineProject/Saved/Config/Windows/Scalability.ini]
[2019.07.20-20.02.40:702][  0]LogConfig: Setting CVar [[r.MotionBlurQuality:4]]
[2019.07.20-20.02.40:702][  0]LogConfig: Setting CVar [[r.AmbientOcclusionMipLevelFactor:0.4]]
[2019.07.20-20.02.40:702][  0]LogConfig: Setting CVar [[r.AmbientOcclusionMaxQuality:100]]
[2019.07.20-20.02.40:702][  0]LogConfig: Setting CVar [[r.AmbientOcclusionLevels:-1]]
[2019.07.20-20.02.40:702][  0]LogConfig: Setting CVar [[r.AmbientOcclusionRadiusScale:1.0]]
[2019.07.20-20.02.40:702][  0]LogConfig: Setting CVar [[r.DepthOfFieldQuality:2]]
[2019.07.20-20.02.40:702][  0]LogConfig: Setting CVar [[r.RenderTargetPoolMin:400]]
[2019.07.20-20.02.40:702][  0]LogConfig: Setting CVar [[r.LensFlareQuality:2]]
[2019.07.20-20.02.40:703][  0]LogConfig: Setting CVar [[r.SceneColorFringeQuality:1]]
[2019.07.20-20.02.40:703][  0]LogConfig: Setting CVar [[r.EyeAdaptationQuality:2]]
[2019.07.20-20.02.40:703][  0]LogConfig: Setting CVar [[r.BloomQuality:5]]
[2019.07.20-20.02.40:704][  0]LogConfig: Setting CVar [[r.FastBlurThreshold:100]]
[2019.07.20-20.02.40:707][  0]LogConfig: Setting CVar [[r.Upscale.Quality:3]]
[2019.07.20-20.02.40:707][  0]LogConfig: Setting CVar [[r.Tonemapper.GrainQuantization:1]]
[2019.07.20-20.02.40:707][  0]LogConfig: Setting CVar [[r.LightShaftQuality:1]]
[2019.07.20-20.02.40:708][  0]LogConfig: Setting CVar [[r.Filter.SizeScale:1]]
[2019.07.20-20.02.40:732][  0]LogConfig: Setting CVar [[r.Tonemapper.Quality:5]]
[2019.07.20-20.02.40:764][  0]LogConfig: Setting CVar [[r.DOF.Gather.AccumulatorQuality:1        ; higher gathering accumulator quality]]
[2019.07.20-20.02.40:770][  0]LogConfig: Setting CVar [[r.DOF.Gather.PostfilterMethod:1          ; Median3x3 postfilering method]]
[2019.07.20-20.02.40:796][  0]LogConfig: Setting CVar [[r.DOF.Gather.EnableBokehSettings:0       ; no bokeh simulation when gathering]]
[2019.07.20-20.02.40:802][  0]LogConfig: Setting CVar [[r.DOF.Gather.RingCount:4                 ; medium number of samples when gathering]]
[2019.07.20-20.02.40:811][  0]LogConfig: Setting CVar [[r.DOF.Scatter.ForegroundCompositing:1    ; additive foreground scattering]]
[2019.07.20-20.02.40:828][  0]LogConfig: Setting CVar [[r.DOF.Scatter.BackgroundCompositing:2    ; additive background scattering]]
[2019.07.20-20.02.40:829][  0]LogConfig: Setting CVar [[r.DOF.Scatter.EnableBokehSettings:1      ; bokeh simulation when scattering]]
[2019.07.20-20.02.40:845][  0]LogConfig: Setting CVar [[r.DOF.Scatter.MaxSpriteRatio:0.1         ; only a maximum of 10% of scattered bokeh]]
[2019.07.20-20.02.40:873][  0]LogConfig: Setting CVar [[r.DOF.Recombine.Quality:1                ; cheap slight out of focus]]
[2019.07.20-20.02.40:875][  0]LogConfig: Setting CVar [[r.DOF.Recombine.EnableBokehSettings:0    ; no bokeh simulation on slight out of focus]]
[2019.07.20-20.02.40:875][  0]LogConfig: Setting CVar [[r.DOF.TemporalAAQuality:1                ; more stable temporal accumulation]]
[2019.07.20-20.02.40:876][  0]LogConfig: Setting CVar [[r.DOF.Kernel.MaxForegroundRadius:0.025]]
[2019.07.20-20.02.40:877][  0]LogConfig: Setting CVar [[r.DOF.Kernel.MaxBackgroundRadius:0.025]]
[2019.07.20-20.02.40:879][  0]LogConfig: Applying CVar settings from Section [TextureQuality@3] File [C:/Users/Nordsken/Documents/GitHub/TeamWolverine/TeamWolverineProject/Saved/Config/Windows/Scalability.ini]
[2019.07.20-20.02.40:879][  0]LogConfig: Setting CVar [[r.Streaming.MipBias:0]]
[2019.07.20-20.02.40:880][  0]LogConfig: Setting CVar [[r.Streaming.AmortizeCPUToGPUCopy:0]]
[2019.07.20-20.02.40:880][  0]LogConfig: Setting CVar [[r.Streaming.MaxNumTexturesToStreamPerFrame:0]]
[2019.07.20-20.02.40:881][  0]LogConfig: Setting CVar [[r.Streaming.Boost:1]]
[2019.07.20-20.02.40:881][  0]LogConfig: Setting CVar [[r.MaxAnisotropy:8]]
[2019.07.20-20.02.40:881][  0]LogConfig: Setting CVar [[r.Streaming.LimitPoolSizeToVRAM:0]]
[2019.07.20-20.02.40:881][  0]LogConfig: Setting CVar [[r.Streaming.PoolSize:1000]]
[2019.07.20-20.02.40:882][  0]LogConfig: Setting CVar [[r.Streaming.MaxEffectiveScreenSize:0]]
[2019.07.20-20.02.40:882][  0]LogConfig: Applying CVar settings from Section [EffectsQuality@3] File [C:/Users/Nordsken/Documents/GitHub/TeamWolverine/TeamWolverineProject/Saved/Config/Windows/Scalability.ini]
[2019.07.20-20.02.40:883][  0]LogConfig: Setting CVar [[r.TranslucencyLightingVolumeDim:64]]
[2019.07.20-20.02.40:883][  0]LogConfig: Setting CVar [[r.RefractionQuality:2]]
[2019.07.20-20.02.40:883][  0]LogConfig: Setting CVar [[r.SSR.Quality:3]]
[2019.07.20-20.02.40:883][  0]LogConfig: Setting CVar [[r.SceneColorFormat:4]]
[2019.07.20-20.02.40:884][  0]LogConfig: Setting CVar [[r.DetailMode:2]]
[2019.07.20-20.02.40:884][  0]LogConfig: Setting CVar [[r.TranslucencyVolumeBlur:1]]
[2019.07.20-20.02.40:884][  0]LogConfig: Setting CVar [[r.MaterialQualityLevel:1 ; High quality]]
[2019.07.20-20.02.40:885][  0]LogConfig: Setting CVar [[r.SSS.Scale:1]]
[2019.07.20-20.02.40:885][  0]LogConfig: Setting CVar [[r.SSS.SampleSet:2]]
[2019.07.20-20.02.40:885][  0]LogConfig: Setting CVar [[r.SSS.Quality:1]]
[2019.07.20-20.02.40:885][  0]LogConfig: Setting CVar [[r.SSS.HalfRes:1]]
[2019.07.20-20.02.40:886][  0]LogConfig: Setting CVar [[r.EmitterSpawnRateScale:1.0]]
[2019.07.20-20.02.40:886][  0]LogConfig: Setting CVar [[r.ParticleLightQuality:2]]
[2019.07.20-20.02.40:887][  0]LogConfig: Applying CVar settings from Section [FoliageQuality@3] File [C:/Users/Nordsken/Documents/GitHub/TeamWolverine/TeamWolverineProject/Saved/Config/Windows/Scalability.ini]
[2019.07.20-20.02.40:887][  0]LogConfig: Setting CVar [[foliage.DensityScale:1.0]]
[2019.07.20-20.02.40:887][  0]LogConfig: Setting CVar [[grass.DensityScale:1.0]]
[2019.07.20-20.02.40:887][  0]LogConfig: Applying CVar settings from Section [Startup] File [../../../Engine/Config/ConsoleVariables.ini]
[2019.07.20-20.02.40:888][  0]LogConfig: Setting CVar [[net.UseAdaptiveNetUpdateFrequency:0]]
[2019.07.20-20.02.40:888][  0]LogConfig: Setting CVar [[p.chaos.AllowCreatePhysxBodies:1]]
[2019.07.20-20.02.40:888][  0]LogConfig: Applying CVar settings from Section [ConsoleVariables] File [C:/Users/Nordsken/Documents/GitHub/TeamWolverine/TeamWolverineProject/Saved/Config/Windows/Engine.ini]
[2019.07.20-20.02.40:953][  0]LogInit: Computer: PC34
[2019.07.20-20.02.40:954][  0]LogInit: User: Nordsken
[2019.07.20-20.02.40:954][  0]LogInit: CPU Page size=4096, Cores=6
[2019.07.20-20.02.40:954][  0]LogInit: High frequency timer resolution =10.000000 MHz
[2019.07.20-20.02.40:973][  0]LogMemory: Memory total: Physical=15.8GB (16GB approx)
[2019.07.20-20.02.40:983][  0]LogMemory: Platform Memory Stats for Windows
[2019.07.20-20.02.40:984][  0]LogMemory: Process Physical Memory: 97.10 MB used, 97.11 MB peak
[2019.07.20-20.02.40:997][  0]LogMemory: Process Virtual Memory: 84.86 MB used, 84.86 MB peak
[2019.07.20-20.02.41:003][  0]LogMemory: Physical Memory: 7992.17 MB used,  8233.36 MB free, 16225.53 MB total
[2019.07.20-20.02.41:030][  0]LogMemory: Virtual Memory: 4633.51 MB used,  134213096.00 MB free, 134217728.00 MB total
[2019.07.20-20.02.43:692][  0]LogInit: Using OS detected language (en-US).
[2019.07.20-20.02.43:695][  0]LogInit: Using OS detected locale (en-US).
[2019.07.20-20.02.43:761][  0]LogTextLocalizationManager: No specific localization for 'en-US' exists, so the 'en' localization will be used.
[2019.07.20-20.02.45:407][  0]LogInit: Setting process to per monitor DPI aware
[2019.07.20-20.02.46:561][  0]LogSlate: New Slate User Created.  User Index 0, Is Virtual User: 0
[2019.07.20-20.02.46:562][  0]LogSlate: Slate User Registered.  User Index 0, Is Virtual User: 0
[2019.07.20-20.02.49:494][  0]LogHMD: Failed to initialize OpenVR with code 110
[2019.07.20-20.02.49:503][  0]LogD3D11RHI: D3D11 adapters:
[2019.07.20-20.02.49:564][  0]LogD3D11RHI:    0. 'Intel(R) UHD Graphics 630' (Feature Level 11_0)
[2019.07.20-20.02.49:564][  0]LogD3D11RHI:       128/0/8112 MB DedicatedVideo/DedicatedSystem/SharedSystem, Outputs:1, VendorId:0x8086
[2019.07.20-20.02.50:022][  0]LogD3D11RHI:    1. 'NVIDIA GeForce GTX 1060 3GB' (Feature Level 11_0)
[2019.07.20-20.02.50:022][  0]LogD3D11RHI:       2988/0/8112 MB DedicatedVideo/DedicatedSystem/SharedSystem, Outputs:0, VendorId:0x10de
[2019.07.20-20.02.50:042][  0]LogD3D11RHI:    2. 'Microsoft Basic Render Driver' (Feature Level 11_0)
[2019.07.20-20.02.50:042][  0]LogD3D11RHI:       0/0/8112 MB DedicatedVideo/DedicatedSystem/SharedSystem, Outputs:0, VendorId:0x1414
[2019.07.20-20.02.50:042][  0]LogD3D11RHI: Chosen D3D11 Adapter: 1
[2019.07.20-20.02.50:085][  0]LogD3D11RHI: Creating new Direct3DDevice
[2019.07.20-20.02.50:085][  0]LogD3D11RHI:     GPU DeviceId: 0x1c02 (for the marketing name, search the web for "GPU Device Id")
[2019.07.20-20.02.50:116][  0]LogWindows: EnumDisplayDevices:
[2019.07.20-20.02.50:116][  0]LogWindows:    0. 'Intel(R) UHD Graphics 630' (P:1 D:1)
[2019.07.20-20.02.50:116][  0]LogWindows:    1. 'Intel(R) UHD Graphics 630' (P:0 D:0)
[2019.07.20-20.02.50:117][  0]LogWindows:    2. 'Intel(R) UHD Graphics 630' (P:0 D:0)
[2019.07.20-20.02.50:117][  0]LogWindows:    3. 'NVIDIA GeForce GTX 1060 3GB' (P:0 D:0)
[2019.07.20-20.02.50:117][  0]LogWindows:    4. 'NVIDIA GeForce GTX 1060 3GB' (P:0 D:0)
[2019.07.20-20.02.50:118][  0]LogWindows:    5. 'NVIDIA GeForce GTX 1060 3GB' (P:0 D:0)
[2019.07.20-20.02.50:118][  0]LogWindows:    6. 'NVIDIA GeForce GTX 1060 3GB' (P:0 D:0)
[2019.07.20-20.02.50:118][  0]LogWindows: DebugString: PrimaryIsNotTheChoosenAdapter PrimaryIsNotTheChoosenAdapter PrimaryIsNotTheChoosenAdapter FoundDriverCount:4 
[2019.07.20-20.02.50:118][  0]LogD3D11RHI:     Adapter Name: NVIDIA GeForce GTX 1060 3GB
[2019.07.20-20.02.50:118][  0]LogD3D11RHI:   Driver Version: 430.86 (internal:26.21.14.3086, unified:430.86)
[2019.07.20-20.02.50:118][  0]LogD3D11RHI:      Driver Date: 5-22-2019
[2019.07.20-20.02.50:118][  0]LogRHI: Texture pool is 2091 MB (70% of 2988 MB)
[2019.07.20-20.02.50:170][  0]LogD3D11RHI: Async texture creation enabled
[2019.07.20-20.02.50:559][  0]LogRendererCore: FGlobalReadBuffer::InitRHI
[2019.07.20-20.02.50:579][  0]LogRendererCore: FGlobalReadBuffer::InitRHI
[2019.07.20-20.02.50:582][  0]LogRendererCore: FGlobalReadBuffer::InitRHI
[2019.07.20-20.02.50:651][  0]LogD3D11RHI: GPU Timing Frequency: 1000.000000 (Debug: 2 1)
[2019.07.20-20.02.51:593][  0]LogTemp: Display: Module 'AllDesktopTargetPlatform' loaded TargetPlatform 'AllDesktop'
[2019.07.20-20.02.51:810][  0]LogTemp: Display: Module 'MacClientTargetPlatform' loaded TargetPlatform 'MacClient'
[2019.07.20-20.02.51:919][  0]LogTemp: Display: Module 'MacNoEditorTargetPlatform' loaded TargetPlatform 'MacNoEditor'
[2019.07.20-20.02.52:123][  0]LogTemp: Display: Module 'MacServerTargetPlatform' loaded TargetPlatform 'MacServer'
[2019.07.20-20.02.52:376][  0]LogTemp: Display: Module 'MacTargetPlatform' loaded TargetPlatform 'Mac'
[2019.07.20-20.02.52:583][  0]LogTemp: Display: Module 'WindowsClientTargetPlatform' loaded TargetPlatform 'WindowsClient'
[2019.07.20-20.02.52:730][  0]LogTemp: Display: Module 'WindowsNoEditorTargetPlatform' loaded TargetPlatform 'WindowsNoEditor'
[2019.07.20-20.02.52:865][  0]LogTemp: Display: Module 'WindowsServerTargetPlatform' loaded TargetPlatform 'WindowsServer'
[2019.07.20-20.02.53:123][  0]LogTemp: Display: Module 'WindowsTargetPlatform' loaded TargetPlatform 'Windows'
[2019.07.20-20.02.53:311][  0]LogTemp: Display: Module 'AndroidTargetPlatform' loaded TargetPlatform 'Android'
[2019.07.20-20.02.53:317][  0]LogTemp: Display: Module 'AndroidTargetPlatform' loaded TargetPlatform 'Android_ASTC'
[2019.07.20-20.02.53:317][  0]LogTemp: Display: Module 'AndroidTargetPlatform' loaded TargetPlatform 'Android_ATC'
[2019.07.20-20.02.53:317][  0]LogTemp: Display: Module 'AndroidTargetPlatform' loaded TargetPlatform 'Android_DXT'
[2019.07.20-20.02.53:317][  0]LogTemp: Display: Module 'AndroidTargetPlatform' loaded TargetPlatform 'Android_ETC1'
[2019.07.20-20.02.53:317][  0]LogTemp: Display: Module 'AndroidTargetPlatform' loaded TargetPlatform 'Android_ETC1a'
[2019.07.20-20.02.53:317][  0]LogTemp: Display: Module 'AndroidTargetPlatform' loaded TargetPlatform 'Android_ETC2'
[2019.07.20-20.02.53:317][  0]LogTemp: Display: Module 'AndroidTargetPlatform' loaded TargetPlatform 'Android_PVRTC'
[2019.07.20-20.02.53:317][  0]LogTemp: Display: Module 'AndroidTargetPlatform' loaded TargetPlatform 'AndroidClient'
[2019.07.20-20.02.53:317][  0]LogTemp: Display: Module 'AndroidTargetPlatform' loaded TargetPlatform 'Android_ASTCClient'
[2019.07.20-20.02.53:317][  0]LogTemp: Display: Module 'AndroidTargetPlatform' loaded TargetPlatform 'Android_ATCClient'
[2019.07.20-20.02.53:317][  0]LogTemp: Display: Module 'AndroidTargetPlatform' loaded TargetPlatform 'Android_DXTClient'
[2019.07.20-20.02.53:318][  0]LogTemp: Display: Module 'AndroidTargetPlatform' loaded TargetPlatform 'Android_ETC1Client'
[2019.07.20-20.02.53:318][  0]LogTemp: Display: Module 'AndroidTargetPlatform' loaded TargetPlatform 'Android_ETC1aClient'
[2019.07.20-20.02.53:318][  0]LogTemp: Display: Module 'AndroidTargetPlatform' loaded TargetPlatform 'Android_ETC2Client'
[2019.07.20-20.02.53:318][  0]LogTemp: Display: Module 'AndroidTargetPlatform' loaded TargetPlatform 'Android_PVRTCClient'
[2019.07.20-20.02.53:318][  0]LogTemp: Display: Module 'AndroidTargetPlatform' loaded TargetPlatform 'Android_Multi'
[2019.07.20-20.02.53:319][  0]LogTemp: Display: Module 'AndroidTargetPlatform' loaded TargetPlatform 'Android_MultiClient'
[2019.07.20-20.02.53:463][  0]LogTemp: Display: Module 'HTML5TargetPlatform' loaded TargetPlatform 'HTML5'
[2019.07.20-20.02.54:017][  0]LogTemp: Display: Module 'IOSTargetPlatform' loaded TargetPlatform 'IOSClient'
[2019.07.20-20.02.54:017][  0]LogTemp: Display: Module 'IOSTargetPlatform' loaded TargetPlatform 'IOS'
[2019.07.20-20.02.54:125][  0]LogTemp: Display: Module 'TVOSTargetPlatform' loaded TargetPlatform 'TVOSClient'
[2019.07.20-20.02.54:125][  0]LogTemp: Display: Module 'TVOSTargetPlatform' loaded TargetPlatform 'TVOS'
[2019.07.20-20.02.54:246][  0]LogTemp: Display: Module 'LinuxClientTargetPlatform' loaded TargetPlatform 'LinuxClient'
[2019.07.20-20.02.54:303][  0]LogTemp: Display: Module 'LinuxNoEditorTargetPlatform' loaded TargetPlatform 'LinuxNoEditor'
[2019.07.20-20.02.54:331][  0]LogTemp: Display: Module 'LinuxServerTargetPlatform' loaded TargetPlatform 'LinuxServer'
[2019.07.20-20.02.54:381][  0]LogTemp: Display: Module 'LinuxTargetPlatform' loaded TargetPlatform 'Linux'
[2019.07.20-20.02.54:495][  0]LogTemp: Display: Module 'LuminTargetPlatform' loaded TargetPlatform 'Lumin'
[2019.07.20-20.02.54:495][  0]LogTemp: Display: Module 'LuminTargetPlatform' loaded TargetPlatform 'LuminClient'
[2019.07.20-20.02.54:495][  0]LogTargetPlatformManager: Display: Building Assets For Windows
[2019.07.20-20.02.54:952][  0]LogAudioDebug: Display: Lib vorbis DLL was dynamically loaded.
[2019.07.20-20.02.57:887][  0]LogShaderCompilers: Guid format shader working directory is -21 characters bigger than the processId version (C:/Users/Nordsken/Documents/GitHub/TeamWolverine/TeamWolverineProject/Intermediate/Shaders/WorkingDirectory/10732/).
[2019.07.20-20.02.57:888][  0]LogShaderCompilers: Cleaned the shader compiler working directory 'C:/Users/Nordsken/AppData/Local/Temp/UnrealShaderWorkingDir/3F39B8F14260F32C61B9A6A92EF8B850/'.
[2019.07.20-20.02.57:903][  0]LogXGEController: Cleaning working directory: C:/Users/Nordsken/AppData/Local/Temp/UnrealXGEWorkingDir/
[2019.07.20-20.02.57:907][  0]LogXGEController: Cannot use XGE Controller as Incredibuild is not installed on this machine.
[2019.07.20-20.02.57:908][  0]LogShaderCompilers: Cannot use XGE Shader Compiler as Incredibuild is not installed on this machine.
[2019.07.20-20.02.57:908][  0]LogShaderCompilers: Display: Using Local Shader Compiler.
[2019.07.20-20.03.02:795][  0]LogDerivedDataCache: Display: Max Cache Size: 512 MB
[2019.07.20-20.03.03:374][  0]LogDerivedDataCache: Loaded boot cache 0.58s 71MB C:/Users/Nordsken/AppData/Local/UnrealEngine/4.22/DerivedDataCache/Boot.ddc.
[2019.07.20-20.03.03:374][  0]LogDerivedDataCache: Display: Loaded Boot cache: C:/Users/Nordsken/AppData/Local/UnrealEngine/4.22/DerivedDataCache/Boot.ddc
[2019.07.20-20.03.03:374][  0]LogDerivedDataCache: FDerivedDataBackendGraph:  Pak pak cache file C:/Users/Nordsken/Documents/GitHub/TeamWolverine/TeamWolverineProject/DerivedDataCache/DDC.ddp not found, will not use a pak cache.
[2019.07.20-20.03.03:374][  0]LogDerivedDataCache: Unable to find inner node Pak for hierarchical cache Hierarchy.
[2019.07.20-20.03.03:375][  0]LogDerivedDataCache: FDerivedDataBackendGraph:  CompressedPak pak cache file C:/Users/Nordsken/Documents/GitHub/TeamWolverine/TeamWolverineProject/DerivedDataCache/Compressed.ddp not found, will not use a pak cache.
[2019.07.20-20.03.03:375][  0]LogDerivedDataCache: Unable to find inner node CompressedPak for hierarchical cache Hierarchy.
[2019.07.20-20.03.03:415][  0]LogDerivedDataCache: Display: Pak cache opened for reading ../../../Engine/DerivedDataCache/Compressed.ddp.
[2019.07.20-20.03.03:415][  0]LogDerivedDataCache: FDerivedDataBackendGraph:  EnterprisePak pak cache file ../../../Enterprise/DerivedDataCache/Compressed.ddp not found, will not use a pak cache.
[2019.07.20-20.03.03:415][  0]LogDerivedDataCache: Unable to find inner node EnterprisePak for hierarchical cache Hierarchy.
[2019.07.20-20.03.03:428][  0]LogDerivedDataCache: Using Local data cache path C:/Users/Nordsken/AppData/Local/UnrealEngine/Common/DerivedDataCache: Writable
[2019.07.20-20.03.03:428][  0]LogDerivedDataCache: Shared data cache path not found in *engine.ini, will not use an Shared cache.
[2019.07.20-20.03.03:428][  0]LogDerivedDataCache: Unable to find inner node Shared for hierarchical cache Hierarchy.
[2019.07.20-20.03.03:533][  0]LogMaterial: Verifying Global Shaders for PCD3D_SM5
[2019.07.20-20.03.03:684][  0]LogSlate: Using FreeType 2.6.0
[2019.07.20-20.03.03:797][  0]LogSlate: SlateFontServices - WITH_FREETYPE: 1, WITH_HARFBUZZ: 1
[2019.07.20-20.03.04:504][  0]LogAssetRegistry: FAssetRegistry took 0.0533 seconds to start up
[2019.07.20-20.03.10:695][  0]LogInit: Selected Device Profile: [Windows]
[2019.07.20-20.03.14:571][  0]LogTemp: IOS device listing is disabled (to many failed attempts)!
[2019.07.20-20.03.14:577][  0]LogMeshReduction: Using QuadricMeshReduction for automatic static mesh reduction
[2019.07.20-20.03.14:577][  0]LogMeshReduction: Using SimplygonMeshReduction for automatic skeletal mesh reduction
[2019.07.20-20.03.14:577][  0]LogMeshReduction: Using ProxyLODMeshReduction for automatic mesh merging
[2019.07.20-20.03.14:577][  0]LogMeshReduction: No distributed automatic mesh merging module available
[2019.07.20-20.03.14:584][  0]LogMeshMerging: No distributed automatic mesh merging module available
[2019.07.20-20.03.15:405][  0]LogNetVersion: TeamWolverineProject 1.0.0, NetCL: 5660361, EngineNetVer: 10, GameNetVer: 0 (Checksum: 899134691)
[2019.07.20-20.03.21:250][  0]LogPackageLocalizationCache: Processed 10 localized package path(s) for 1 prioritized culture(s) in 0.065437 seconds
[2019.07.20-20.03.21:270][  0]LogUObjectArray: 42205 objects as part of root set at end of initial load.
[2019.07.20-20.03.21:270][  0]LogUObjectAllocator: 7325032 out of 0 bytes used by permanent object pool.
[2019.07.20-20.03.21:270][  0]LogUObjectArray: CloseDisregardForGC: 0/0 objects in disregard for GC pool
[2019.07.20-20.03.43:158][  0]LogTcpMessaging: Initializing TcpMessaging bridge
[2019.07.20-20.03.43:376][  0]LogUdpMessaging: Initializing bridge on interface 0.0.0.0:0 to multicast group 230.0.0.1:6666.
[2019.07.20-20.03.45:814][  0]SourceControl: Source control is disabled
[2019.07.20-20.03.55:032][  0]LogAndroidPermission: UAndroidPermissionCallbackProxy::GetInstance
[2019.07.20-20.03.56:528][  0]LogOcInput: OculusInput pre-init called
[2019.07.20-20.04.00:205][  0]LogEngine: Initializing Engine...
[2019.07.20-20.04.00:411][  0]LogHMD: Failed to initialize OpenVR with code 110
[2019.07.20-20.04.00:488][  0]LogStats: UGameplayTagsManager::InitializeManager -  0.033 s
[2019.07.20-20.04.00:952][  0]LogInit: Initializing FReadOnlyCVARCache
[2019.07.20-20.04.01:941][  0]LogAIModule: Creating AISystem for world Untitled
[2019.07.20-20.04.02:386][  0]LogInit: XAudio2 using 'BenQ GL2760 (Intel(R) bildskärmsljud)' : 2 channels at 48 kHz using 16 bits per sample (channel mask 0x3)
[2019.07.20-20.04.02:781][  0]LogInit: FAudioDevice initialized.
[2019.07.20-20.04.02:808][  0]LogNetVersion: Set ProjectVersion to 1.0.0.0. Version Checksum will be recalculated on next use.
[2019.07.20-20.04.02:922][  0]LogDerivedDataCache: Saved boot cache 0.11s 71MB C:/Users/Nordsken/AppData/Local/UnrealEngine/4.22/DerivedDataCache/Boot.ddc.
[2019.07.20-20.04.02:933][  0]LogInit: Texture streaming: Enabled
[2019.07.20-20.04.03:538][  0]LogEngineSessionManager: EngineSessionManager initialized
[2019.07.20-20.04.04:073][  0]LogInit: Transaction tracking system initialized
[2019.07.20-20.04.05:336][  0]BlueprintLog: New page: Editor Load
[2019.07.20-20.04.09:255][  0]LocalizationService: Localization service is disabled
[2019.07.20-20.04.13:212][  0]LogFileCache: Scanning file cache for directory 'C:/Users/Nordsken/Documents/GitHub/TeamWolverine/TeamWolverineProject/Content/' took 0.05s
[2019.07.20-20.04.13:218][  0]LogCook: Display: Max memory allowance for cook 16384mb min free memory 0mb
[2019.07.20-20.04.13:223][  0]LogCook: Display: Mobile HDR setting 1
[2019.07.20-20.04.19:512][  0]Cmd: MAP LOAD FILE="C:/Users/Nordsken/Documents/GitHub/TeamWolverine/TeamWolverineProject/Content/StarterContent/Maps/Minimal_Default.umap" TEMPLATE=0 SHOWPROGRESS=1 FEATURELEVEL=3
[2019.07.20-20.04.19:559][  0]LightingResults: New page: Lighting Build
[2019.07.20-20.04.19:833][  0]MapCheck: New page: Map Check
[2019.07.20-20.04.19:843][  0]LightingResults: New page: Lighting Build
[2019.07.20-20.04.21:084][  0]LogUObjectHash: Compacting FUObjectHashTables data took   6.51ms
[2019.07.20-20.04.22:258][  0]LogAIModule: Creating AISystem for world Minimal_Default
[2019.07.20-20.04.22:895][  0]LogEditorServer: Finished looking for orphan Actors (0.000 secs)
[2019.07.20-20.04.23:112][  0]LogUObjectHash: Compacting FUObjectHashTables data took   1.75ms
[2019.07.20-20.04.23:144][  0]Cmd: MAP CHECKDEP NOCLEARLOG
[2019.07.20-20.04.23:160][  0]MapCheck: Map check complete: 0 Error(s), 0 Warning(s), took 1.073ms to complete.
[2019.07.20-20.04.23:168][  0]LogFileHelpers: Loading map 'Minimal_Default' took 3.686
[2019.07.20-20.04.25:486][  0]LogSlate: Updating window title bar state: overlay mode, drag disabled, window buttons hidden, title bar hidden
[2019.07.20-20.04.25:500][  0]LogSlate: Updating window title bar state: overlay mode, drag disabled, window buttons hidden, title bar hidden
[2019.07.20-20.04.25:509][  0]LogSlate: Updating window title bar state: overlay mode, drag disabled, window buttons hidden, title bar hidden
[2019.07.20-20.04.25:525][  0]LogSlate: Updating window title bar state: overlay mode, drag disabled, window buttons hidden, title bar hidden
[2019.07.20-20.04.25:886][  0]LogCollectionManager: Loaded 0 collections in 0.001178 seconds
[2019.07.20-20.04.26:150][  0]LogFileCache: Scanning file cache for directory 'C:/Users/Nordsken/Documents/GitHub/TeamWolverine/TeamWolverineProject/Saved/Collections/' took 0.01s
[2019.07.20-20.04.26:150][  0]LogFileCache: Scanning file cache for directory 'C:/Users/Nordsken/Documents/GitHub/TeamWolverine/TeamWolverineProject/Content/Developers/Nordsken/Collections/' took 0.01s
[2019.07.20-20.04.26:150][  0]LogFileCache: Scanning file cache for directory 'C:/Users/Nordsken/Documents/GitHub/TeamWolverine/TeamWolverineProject/Content/Collections/' took 0.00s
[2019.07.20-20.04.26:151][  0]LogCollectionManager: Rebuilt the GUID cache for 0 collections in 0.000000 seconds
[2019.07.20-20.04.26:183][  0]LogContentBrowser: Native class hierarchy populated in 0.0302 seconds. Added 2738 classes and 662 folders.
[2019.07.20-20.04.26:363][  0]LogContentBrowser: Native class hierarchy updated for 'WidgetCarousel' in 0.0004 seconds. Added 0 classes and 0 folders.
[2019.07.20-20.04.26:397][  0]LogPakFile: Registered encryption key '00000000000000000000000000000000': 0 pak files mounted, 0 remain pending
[2019.07.20-20.04.26:445][  0]LogPakFile: Registered encryption key '00000000000000000000000000000000': 0 pak files mounted, 0 remain pending
[2019.07.20-20.04.26:461][  0]LogPakFile: Registered encryption key '00000000000000000000000000000000': 0 pak files mounted, 0 remain pending
[2019.07.20-20.04.26:508][  0]LogPakFile: Registered encryption key '00000000000000000000000000000000': 0 pak files mounted, 0 remain pending
[2019.07.20-20.04.26:513][  0]LogPakFile: Registered encryption key '00000000000000000000000000000000': 0 pak files mounted, 0 remain pending
[2019.07.20-20.04.26:522][  0]LogPakFile: Registered encryption key '00000000000000000000000000000000': 0 pak files mounted, 0 remain pending
[2019.07.20-20.04.26:526][  0]LogPakFile: Registered encryption key '00000000000000000000000000000000': 0 pak files mounted, 0 remain pending
[2019.07.20-20.04.26:533][  0]LogPakFile: Registered encryption key '00000000000000000000000000000000': 0 pak files mounted, 0 remain pending
[2019.07.20-20.04.26:539][  0]LogPakFile: Registered encryption key '00000000000000000000000000000000': 0 pak files mounted, 0 remain pending
[2019.07.20-20.04.26:547][  0]LogPakFile: Registered encryption key '00000000000000000000000000000000': 0 pak files mounted, 0 remain pending
[2019.07.20-20.04.26:554][  0]LogPakFile: Registered encryption key '00000000000000000000000000000000': 0 pak files mounted, 0 remain pending
[2019.07.20-20.04.26:560][  0]LogPakFile: Registered encryption key '00000000000000000000000000000000': 0 pak files mounted, 0 remain pending
[2019.07.20-20.04.26:566][  0]LogPakFile: Registered encryption key '00000000000000000000000000000000': 0 pak files mounted, 0 remain pending
[2019.07.20-20.04.26:596][  0]LogPakFile: Registered encryption key '00000000000000000000000000000000': 0 pak files mounted, 0 remain pending
[2019.07.20-20.04.26:619][  0]LogPakFile: Registered encryption key '00000000000000000000000000000000': 0 pak files mounted, 0 remain pending
[2019.07.20-20.04.26:633][  0]LogPakFile: Registered encryption key '00000000000000000000000000000000': 0 pak files mounted, 0 remain pending
[2019.07.20-20.04.26:660][  0]LogPakFile: Registered encryption key '00000000000000000000000000000000': 0 pak files mounted, 0 remain pending
[2019.07.20-20.04.26:666][  0]LogPakFile: Registered encryption key '00000000000000000000000000000000': 0 pak files mounted, 0 remain pending
[2019.07.20-20.04.26:674][  0]LogPakFile: Registered encryption key '00000000000000000000000000000000': 0 pak files mounted, 0 remain pending
[2019.07.20-20.04.26:681][  0]LogPakFile: Registered encryption key '00000000000000000000000000000000': 0 pak files mounted, 0 remain pending
[2019.07.20-20.04.26:692][  0]LogPakFile: Registered encryption key '00000000000000000000000000000000': 0 pak files mounted, 0 remain pending
[2019.07.20-20.04.26:698][  0]LogPakFile: Registered encryption key '00000000000000000000000000000000': 0 pak files mounted, 0 remain pending
[2019.07.20-20.04.26:703][  0]LogPakFile: Registered encryption key '00000000000000000000000000000000': 0 pak files mounted, 0 remain pending
[2019.07.20-20.04.26:710][  0]LogPakFile: Registered encryption key '00000000000000000000000000000000': 0 pak files mounted, 0 remain pending
[2019.07.20-20.04.26:717][  0]LogPakFile: Registered encryption key '00000000000000000000000000000000': 0 pak files mounted, 0 remain pending
[2019.07.20-20.04.26:747][  0]LogPakFile: Registered encryption key '00000000000000000000000000000000': 0 pak files mounted, 0 remain pending
[2019.07.20-20.04.27:163][  0]LogContentBrowser: Native class hierarchy updated for 'AddContentDialog' in 0.0004 seconds. Added 0 classes and 0 folders.
[2019.07.20-20.04.27:342][  0]LogContentBrowser: Native class hierarchy updated for 'SceneOutliner' in 0.0004 seconds. Added 1 classes and 2 folders.
[2019.07.20-20.04.27:956][  0]LogSlate: Took 0.012115 seconds to synchronously load lazily loaded font '../../../Engine/Content/Slate/Fonts/Roboto-Regular.ttf' (155K)
[2019.07.20-20.04.28:053][  0]LogSlate: Took 0.067329 seconds to synchronously load lazily loaded font '../../../Engine/Content/Slate/Fonts/Roboto-Bold.ttf' (160K)
[2019.07.20-20.04.28:206][  0]LogSlate: Took 0.038484 seconds to synchronously load lazily loaded font '../../../Engine/Content/Editor/Slate/Fonts/FontAwesome.ttf' (139K)
[2019.07.20-20.04.29:031][  0]LogRenderer: Reallocating scene render targets to support 1208x572 Format 10 NumSamples 1 (Frame:1).
[2019.07.20-20.04.29:932][  0]LogSlate: Took 0.063411 seconds to synchronously load lazily loaded font '../../../Engine/Content/Slate/Fonts/Roboto-Light.ttf' (167K)
[2019.07.20-20.04.30:559][  0]LogContentBrowser: Native class hierarchy updated for 'HierarchicalLODOutliner' in 0.0004 seconds. Added 0 classes and 0 folders.
[2019.07.20-20.04.30:559][  0]LogLoad: (Engine Initialization) Total time: 138.22 seconds
[2019.07.20-20.04.30:559][  0]LogLoad: (Engine Initialization) Total Blueprint compile time: 0.00 seconds
[2019.07.20-20.04.30:852][  0]LogEditorViewport: Clicking on Actor (LMB): BP_Sky_Sphere_C (BP_Sky_Sphere)
[2019.07.20-20.04.32:048][  0]LogContentStreaming: Texture pool size now 1000 MB
[2019.07.20-20.04.32:968][  1]LogAssetRegistry: Asset discovery search completed in 88.5037 seconds
[2019.07.20-20.04.33:032][  1]LogCollectionManager: Rebuilt the object cache for 0 collections in 0.000001 seconds (found 0 objects)
[2019.07.20-20.04.33:041][  1]LogCollectionManager: Fixed up redirectors for 0 collections in 0.045668 seconds (updated 0 objects)
[2019.07.20-20.04.52:756][ 14]LogSlate: FSceneViewport::OnFocusLost() reason 0
[2019.07.20-20.04.52:996][ 21]LogSlate: Took 0.000121 seconds to synchronously load lazily loaded font '../../../Engine/Content/Slate/Fonts/Roboto-Light.ttf' (167K)
[2019.07.20-20.04.53:030][ 21]LogAssetEditorManager: Opening Asset editor for Blueprint /Game/BP_GameController.BP_GameController
[2019.07.20-20.04.54:020][ 21]LogContentBrowser: Native class hierarchy updated for 'BlueprintGraph' in 0.0006 seconds. Added 121 classes and 0 folders.
[2019.07.20-20.04.56:284][ 21]LogSlate: Took 0.014047 seconds to synchronously load lazily loaded font '../../../Engine/Content/Slate/Fonts/Roboto-BoldCondensed.ttf' (158K)
[2019.07.20-20.04.56:736][ 22]LogSlate: Took 0.014060 seconds to synchronously load lazily loaded font '../../../Engine/Content/Slate/Fonts/Roboto-Italic.ttf' (157K)
[2019.07.20-20.05.05:311][519]LogSlate: Window 'Reparent Blueprint' being destroyed
[2019.07.20-20.05.05:332][519]LogBlueprint: Warning: Reparenting blueprint Blueprint /Game/BP_GameController.BP_GameController from Pawn to Actor...
[2019.07.20-20.05.05:539][519]BlueprintLog: New page: Compile BP_GameController
[2019.07.20-20.05.58:536][519]LogUObjectHash: Compacting FUObjectHashTables data took   3.05ms
[2019.07.20-20.06.16:540][ 67]Candidate modules for hot reload:
[2019.07.20-20.06.16:543][ 67]  TeamWolverineProject
[2019.07.20-20.06.16:578][ 67]Launching UnrealBuildTool... [D:/UE_4.22/Engine/Binaries/DotNET/UnrealBuildTool.exe  -ModuleWithSuffix=TeamWolverineProject,1347 Win64 DebugGame -TargetType=Editor -Project="C:/Users/Nordsken/Documents/GitHub/TeamWolverine/TeamWolverineProject/TeamWolverineProject.uproject" "C:/Users/Nordsken/Documents/GitHub/TeamWolverine/TeamWolverineProject/TeamWolverineProject.uproject"  -IgnoreJunk]
[2019.07.20-20.06.16:588][ 67]Warning: Starting HotReload took  0.2s.
[2019.07.20-20.06.30:630][177]LogUnrealEdMisc: Warning: Heartbeat event firing too frequently (31.758 sec). This should never happen. Something is wrong with the timer delegate!
[2019.07.20-20.07.02:129][677]CompilerResultsLog: New page: Compilation - Jul 21, 2019, 12:07:02 AM
[2019.07.20-20.07.02:152][677]CompilerResultsLog: Using 'git status' to determine working set for adaptive non-unity build (C:\Users\Nordsken\Documents\GitHub\TeamWolverine).
[2019.07.20-20.07.02:153][677]CompilerResultsLog: Creating makefile for TeamWolverineProjectEditor (ini files are newer than makefile)
[2019.07.20-20.07.02:154][677]CompilerResultsLog: Parsing headers for TeamWolverineProjectEditor
[2019.07.20-20.07.02:154][677]CompilerResultsLog:   Running UnrealHeaderTool "C:\Users\Nordsken\Documents\GitHub\TeamWolverine\TeamWolverineProject\TeamWolverineProject.uproject" "C:\Users\Nordsken\Documents\GitHub\TeamWolverine\TeamWolverineProject\Intermediate\Build\Win64\TeamWolverineProjectEditor\DebugGame\TeamWolverineProjectEditor.uhtmanifest" -LogCmds="loginit warning, logexit warning, logdatabase error" -Unattended -WarningsAsErrors -installed
[2019.07.20-20.07.02:154][677]CompilerResultsLog: Reflection code generated for TeamWolverineProjectEditor in 7.6032257 seconds
[2019.07.20-20.07.02:154][677]CompilerResultsLog: Failed to delete file 'C:\Users\Nordsken\Documents\GitHub\TeamWolverine\TeamWolverineProject\Binaries\Win64\UE4Editor-TeamWolverineProject-Win64-DebugGame.pdb'
[2019.07.20-20.07.02:163][677]CompilerResultsLog:     Exception: Access to the path 'C:\Users\Nordsken\Documents\GitHub\TeamWolverine\TeamWolverineProject\Binaries\Win64\UE4Editor-TeamWolverineProject-Win64-DebugGame.pdb' is denied.
[2019.07.20-20.07.02:164][677]CompilerResultsLog: Attempting to retry...
[2019.07.20-20.07.02:184][677]CompilerResultsLog: Failed to delete file 'C:\Users\Nordsken\Documents\GitHub\TeamWolverine\TeamWolverineProject\Binaries\Win64\UE4Editor-TeamWolverineProject-Win64-DebugGame.pdb'
[2019.07.20-20.07.02:192][677]CompilerResultsLog:     Exception: Access to the path 'C:\Users\Nordsken\Documents\GitHub\TeamWolverine\TeamWolverineProject\Binaries\Win64\UE4Editor-TeamWolverineProject-Win64-DebugGame.pdb' is denied.
[2019.07.20-20.07.02:193][677]CompilerResultsLog: Attempting to retry...
[2019.07.20-20.07.02:194][677]CompilerResultsLog: Failed to delete file 'C:\Users\Nordsken\Documents\GitHub\TeamWolverine\TeamWolverineProject\Binaries\Win64\UE4Editor-TeamWolverineProject-Win64-DebugGame.pdb'
[2019.07.20-20.07.02:195][677]CompilerResultsLog:     Exception: Access to the path 'C:\Users\Nordsken\Documents\GitHub\TeamWolverine\TeamWolverineProject\Binaries\Win64\UE4Editor-TeamWolverineProject-Win64-DebugGame.pdb' is denied.
[2019.07.20-20.07.02:197][677]CompilerResultsLog: ERROR: Exhausted all retries!
[2019.07.20-20.07.02:199][677]CompilerResultsLog: Using Visual Studio 2017 14.16.27023 toolchain (C:\Program Files (x86)\Microsoft Visual Studio\2017\Community\VC\Tools\MSVC\14.16.27023) and Windows 10.0.16299.0 SDK (C:\Program Files (x86)\Windows Kits\10).
[2019.07.20-20.07.02:201][677]CompilerResultsLog: Building 3 actions with 6 processes...
[2019.07.20-20.07.02:220][677]CompilerResultsLog:   [1/3] UE4Editor-TeamWolverineProject-1347-Win64-DebugGame.lib
[2019.07.20-20.07.02:220][677]CompilerResultsLog:      Creating library C:\Users\Nordsken\Documents\GitHub\TeamWolverine\TeamWolverineProject\Intermediate\Build\Win64\UE4Editor\DebugGame\TeamWolverineProject\UE4Editor-TeamWolverineProject-1347-Win64-DebugGame.lib and object C:\Users\Nordsken\Documents\GitHub\TeamWolverine\TeamWolverineProject\Intermediate\Build\Win64\UE4Editor\DebugGame\TeamWolverineProject\UE4Editor-TeamWolverineProject-1347-Win64-DebugGame.exp
[2019.07.20-20.07.02:221][677]CompilerResultsLog:   [2/3] UE4Editor-TeamWolverineProject-1347-Win64-DebugGame.dll
[2019.07.20-20.07.02:221][677]CompilerResultsLog:      Creating library C:\Users\Nordsken\Documents\GitHub\TeamWolverine\TeamWolverineProject\Intermediate\Build\Win64\UE4Editor\DebugGame\TeamWolverineProject\UE4Editor-TeamWolverineProject-1347-Win64-DebugGame.suppressed.lib and object C:\Users\Nordsken\Documents\GitHub\TeamWolverine\TeamWolverineProject\Intermediate\Build\Win64\UE4Editor\DebugGame\TeamWolverineProject\UE4Editor-TeamWolverineProject-1347-Win64-DebugGame.suppressed.exp
[2019.07.20-20.07.02:221][677]CompilerResultsLog:   [3/3] TeamWolverineProjectEditor-Win64-DebugGame.target
[2019.07.20-20.07.02:221][677]CompilerResultsLog: Total time in Parallel executor: 31.11 seconds
[2019.07.20-20.07.02:221][677]CompilerResultsLog: Total execution time: 45.04 seconds
[2019.07.20-20.07.02:235][677]LogMainFrame: MainFrame: Module compiling took 45.809 seconds
[2019.07.20-20.07.02:297][677]LogUObjectHash: Compacting FUObjectHashTables data took   2.25ms
[2019.07.20-20.07.02:333][677]LogBlueprintActionDatabase: Requesting refresh due to module change: TeamWolverineProject (unloaded)
[2019.07.20-20.07.02:893][677]LogClass: EObjectType HotReload.
[2019.07.20-20.07.02:893][677]LogClass: ETileType HotReload.
[2019.07.20-20.07.02:896][677]LogBlueprintActionDatabase: Requesting refresh due to module change: TeamWolverineProject (loaded)
[2019.07.20-20.07.02:896][677]LogContentBrowser: Native class hierarchy updated for 'TeamWolverineProject' in 0.0004 seconds. Added 6 classes and 3 folders.
[2019.07.20-20.07.02:900][677]Display: HotReload successful (1 functions remapped  0 scriptstructs remapped)
[2019.07.20-20.07.05:669][677]LogUObjectHash: Compacting FUObjectHashTables data took   1.32ms
[2019.07.20-20.07.05:697][677]LogBlueprintActionDatabase: Requesting refresh due to hot reload
[2019.07.20-20.07.05:717][677]LogContentBrowser: Native class hierarchy populated in 0.0077 seconds. Added 2739 classes and 664 folders.
[2019.07.20-20.07.05:771][677]Display: HotReload took 49.4s.
[2019.07.20-20.07.10:665][989]Cmd: OBJ SAVEPACKAGE PACKAGE="/Game/BP_GameController" FILE="C:/Users/Nordsken/Documents/GitHub/TeamWolverine/TeamWolverineProject/Content/BP_GameController.uasset" SILENT=true
[2019.07.20-20.07.10:785][989]LogSavePackage: Moving 'C:/Users/Nordsken/Documents/GitHub/TeamWolverine/TeamWolverineProject/Saved/BP_GameControllerE61A5FAD4852955FE787E98B1104F933.tmp' to 'C:/Users/Nordsken/Documents/GitHub/TeamWolverine/TeamWolverineProject/Content/BP_GameController.uasset'
[2019.07.20-20.07.13:289][160]LogSlate: Window 'BP_GameController' being destroyed
[2019.07.20-20.07.13:310][160]LogSlate: Window 'BP_GameController' being destroyed
[2019.07.20-20.07.15:357][214]LogTemp: Repeating last play command: Selected Viewport
[2019.07.20-20.07.15:424][214]LogBlueprintUserMessages: Early PlayInEditor Detection: Level '/Game/StarterContent/Maps/Minimal_Default.Minimal_Default:PersistentLevel' has LevelScriptBlueprint '/Game/StarterContent/Maps/Minimal_Default.Minimal_Default:PersistentLevel.Minimal_Default' with GeneratedClass '/Game/StarterContent/Maps/Minimal_Default.Minimal_Default_C' with ClassGeneratedBy '/Game/StarterContent/Maps/Minimal_Default.Minimal_Default:PersistentLevel.Minimal_Default'
[2019.07.20-20.07.15:472][214]BlueprintLog: New page: Pre-Play auto-recompile
[2019.07.20-20.07.15:495][214]LogPlayLevel: [PlayLevel] Compiling BP_GameController before play...
[2019.07.20-20.07.15:614][214]LogUObjectHash: Compacting FUObjectHashTables data took   4.76ms
[2019.07.20-20.07.15:616][214]LogPlayLevel: PlayLevel: Blueprint regeneration took 143 ms (1 blueprints)
[2019.07.20-20.07.15:640][214]PIE: New page: PIE session: Minimal_Default (Jul 21, 2019, 12:07:15 AM)
[2019.07.20-20.07.15:830][214]LogPlayLevel: Creating play world package: /Game/StarterContent/Maps/UEDPIE_0_Minimal_Default
[2019.07.20-20.07.15:858][214]LogPlayLevel: PIE: StaticDuplicateObject took: (0.018409s)
[2019.07.20-20.07.15:881][214]LogAIModule: Creating AISystem for world Minimal_Default
[2019.07.20-20.07.15:904][214]LogPlayLevel: PIE: World Init took: (0.045249s)
[2019.07.20-20.07.15:907][214]LogPlayLevel: PIE: Created PIE world by copying editor world from /Game/StarterContent/Maps/Minimal_Default.Minimal_Default to /Game/StarterContent/Maps/UEDPIE_0_Minimal_Default.Minimal_Default (0.076343s)
[2019.07.20-20.07.15:989][214]LogUObjectHash: Compacting FUObjectHashTables data took   2.50ms
[2019.07.20-20.07.16:049][214]LogInit: XAudio2 using 'BenQ GL2760 (Intel(R) bildskärmsljud)' : 2 channels at 48 kHz using 16 bits per sample (channel mask 0x3)
[2019.07.20-20.07.16:108][214]LogInit: FAudioDevice initialized.
[2019.07.20-20.07.17:048][214]LogUObjectGlobals: Warning: Failed to find object 'Class /Script/TeamWolverineProject.TeamWolverineProjectGameMode'
[2019.07.20-20.07.17:049][214]LogLoad: Game class is 'GameModeBase'
[2019.07.20-20.07.17:149][214]LogWorld: Bringing World /Game/StarterContent/Maps/UEDPIE_0_Minimal_Default.Minimal_Default up for play (max tick rate 0) at 2019.07.20-22.07.17
[2019.07.20-20.07.17:213][214]LogWorld: Bringing up level for play took: 0.064740
[2019.07.20-20.07.17:535][214]LogBlueprintActionDatabase: Requesting refresh due to module change: Voice (loaded)
[2019.07.20-20.07.17:564][214]LogBlueprintActionDatabase: Requesting refresh due to module change: MovieSceneCapture (loaded)
[2019.07.20-20.07.17:572][214]LogContentBrowser: Native class hierarchy updated for 'MovieSceneCapture' in 0.0005 seconds. Added 20 classes and 0 folders.
[2019.07.20-20.07.17:627][214]PIE: Play in editor start time for /Game/StarterContent/Maps/UEDPIE_0_Minimal_Default 2.566
[2019.07.20-20.07.17:640][214]LogBlueprintUserMessages: Late PlayInEditor Detection: Level '/Game/StarterContent/Maps/Minimal_Default.Minimal_Default:PersistentLevel' has LevelScriptBlueprint '/Game/StarterContent/Maps/Minimal_Default.Minimal_Default:PersistentLevel.Minimal_Default' with GeneratedClass '/Game/StarterContent/Maps/Minimal_Default.Minimal_Default_C' with ClassGeneratedBy '/Game/StarterContent/Maps/Minimal_Default.Minimal_Default:PersistentLevel.Minimal_Default'
[2019.07.20-20.07.22:628][514]LogSlate: FSceneViewport::OnFocusLost() reason 2
[2019.07.20-20.07.26:091][712]LogBlueprintUserMessages: Early EndPlayMap Detection: Level '/Game/StarterContent/Maps/Minimal_Default.Minimal_Default:PersistentLevel' has LevelScriptBlueprint '/Game/StarterContent/Maps/Minimal_Default.Minimal_Default:PersistentLevel.Minimal_Default' with GeneratedClass '/Game/StarterContent/Maps/Minimal_Default.Minimal_Default_C' with ClassGeneratedBy '/Game/StarterContent/Maps/Minimal_Default.Minimal_Default:PersistentLevel.Minimal_Default'
[2019.07.20-20.07.26:097][712]LogSlate: Updating window title bar state: overlay mode, drag disabled, window buttons hidden, title bar hidden
[2019.07.20-20.07.26:208][712]LogPlayLevel: Display: Shutting down PIE online subsystems
[2019.07.20-20.07.26:208][712]LogBlueprintUserMessages: Late EndPlayMap Detection: Level '/Game/StarterContent/Maps/Minimal_Default.Minimal_Default:PersistentLevel' has LevelScriptBlueprint '/Game/StarterContent/Maps/Minimal_Default.Minimal_Default:PersistentLevel.Minimal_Default' with GeneratedClass '/Game/StarterContent/Maps/Minimal_Default.Minimal_Default_C' with ClassGeneratedBy '/Game/StarterContent/Maps/Minimal_Default.Minimal_Default:PersistentLevel.Minimal_Default'
[2019.07.20-20.07.26:292][712]LogSlate: Updating window title bar state: overlay mode, drag disabled, window buttons hidden, title bar hidden
[2019.07.20-20.07.26:374][712]LogUObjectHash: Compacting FUObjectHashTables data took   3.38ms
[2019.07.20-20.07.26:417][713]LogPlayLevel: Display: Destroying online subsystem :Context_4
[2019.07.20-20.07.38:896][156]LogSlate: FSceneViewport::OnFocusLost() reason 0
[2019.07.20-20.07.41:134][278]LogUObjectHash: Compacting FUObjectHashTables data took   2.42ms
[2019.07.20-20.07.41:334][278]LogSavePackage: Moving 'C:/Users/Nordsken/Documents/GitHub/TeamWolverine/TeamWolverineProject/Saved/Minimal_DefaultE99F84794F59C69FD946F4B069AF14AC.tmp' to 'C:/Users/Nordsken/Documents/GitHub/TeamWolverine/TeamWolverineProject/Content/StarterContent/Maps/Minimal_Default.umap'
[2019.07.20-20.07.43:230][404]Candidate modules for hot reload:
[2019.07.20-20.07.43:232][404]  TeamWolverineProject
[2019.07.20-20.07.43:235][404]Launching UnrealBuildTool... [D:/UE_4.22/Engine/Binaries/DotNET/UnrealBuildTool.exe  -ModuleWithSuffix=TeamWolverineProject,6232 Win64 DebugGame -TargetType=Editor -Project="C:/Users/Nordsken/Documents/GitHub/TeamWolverine/TeamWolverineProject/TeamWolverineProject.uproject" "C:/Users/Nordsken/Documents/GitHub/TeamWolverine/TeamWolverineProject/TeamWolverineProject.uproject"  -IgnoreJunk]
[2019.07.20-20.07.43:239][404]Warning: Starting HotReload took  0.1s.
[2019.07.20-20.07.45:189][493]CompilerResultsLog: New page: Compilation - Jul 21, 2019, 12:07:45 AM
[2019.07.20-20.07.45:197][493]CompilerResultsLog: Using 'git status' to determine working set for adaptive non-unity build (C:\Users\Nordsken\Documents\GitHub\TeamWolverine).
[2019.07.20-20.07.45:207][493]CompilerResultsLog: Creating makefile for TeamWolverineProjectEditor (ini files are newer than makefile)
[2019.07.20-20.07.45:207][493]LogMainFrame: MainFrame: Module compiling took 1.979 seconds
[2019.07.20-20.07.45:208][493]Warning: HotReload failed, recompile failed
[2019.07.20-20.07.47:143][635]LogTemp: Repeating last play command: Selected Viewport
[2019.07.20-20.07.47:157][635]LogBlueprintUserMessages: Early PlayInEditor Detection: Level '/Game/StarterContent/Maps/Minimal_Default.Minimal_Default:PersistentLevel' has LevelScriptBlueprint '/Game/StarterContent/Maps/Minimal_Default.Minimal_Default:PersistentLevel.Minimal_Default' with GeneratedClass '/Game/StarterContent/Maps/Minimal_Default.Minimal_Default_C' with ClassGeneratedBy '/Game/StarterContent/Maps/Minimal_Default.Minimal_Default:PersistentLevel.Minimal_Default'
[2019.07.20-20.07.47:172][635]LogPlayLevel: PlayLevel: No blueprints needed recompiling
[2019.07.20-20.07.47:182][635]PIE: New page: PIE session: Minimal_Default (Jul 21, 2019, 12:07:47 AM)
[2019.07.20-20.07.47:183][635]LogPlayLevel: Creating play world package: /Game/StarterContent/Maps/UEDPIE_0_Minimal_Default
[2019.07.20-20.07.47:187][635]LogPlayLevel: PIE: StaticDuplicateObject took: (0.003861s)
[2019.07.20-20.07.47:202][635]LogAIModule: Creating AISystem for world Minimal_Default
[2019.07.20-20.07.47:203][635]LogPlayLevel: PIE: World Init took: (0.001476s)
[2019.07.20-20.07.47:207][635]LogPlayLevel: PIE: Created PIE world by copying editor world from /Game/StarterContent/Maps/Minimal_Default.Minimal_Default to /Game/StarterContent/Maps/UEDPIE_0_Minimal_Default.Minimal_Default (0.024301s)
[2019.07.20-20.07.47:231][635]LogUObjectHash: Compacting FUObjectHashTables data took   2.15ms
[2019.07.20-20.07.47:253][635]LogInit: XAudio2 using 'BenQ GL2760 (Intel(R) bildskärmsljud)' : 2 channels at 48 kHz using 16 bits per sample (channel mask 0x3)
[2019.07.20-20.07.47:299][635]LogInit: FAudioDevice initialized.
[2019.07.20-20.07.47:598][635]LogLoad: Game class is 'GameModeBase'
[2019.07.20-20.07.47:600][635]LogWorld: Bringing World /Game/StarterContent/Maps/UEDPIE_0_Minimal_Default.Minimal_Default up for play (max tick rate 0) at 2019.07.20-22.07.47
[2019.07.20-20.07.47:600][635]LogWorld: Bringing up level for play took: 0.001178
[2019.07.20-20.08.59:748][635]LogBlueprintUserMessages: [BP_GameController_2] Hello
[2019.07.20-20.08.59:791][635]PIE: Play in editor start time for /Game/StarterContent/Maps/UEDPIE_0_Minimal_Default 72.731
[2019.07.20-20.08.59:792][635]LogBlueprintUserMessages: Late PlayInEditor Detection: Level '/Game/StarterContent/Maps/Minimal_Default.Minimal_Default:PersistentLevel' has LevelScriptBlueprint '/Game/StarterContent/Maps/Minimal_Default.Minimal_Default:PersistentLevel.Minimal_Default' with GeneratedClass '/Game/StarterContent/Maps/Minimal_Default.Minimal_Default_C' with ClassGeneratedBy '/Game/StarterContent/Maps/Minimal_Default.Minimal_Default:PersistentLevel.Minimal_Default'
