Log file open, 07/20/19 23:39:11
LogWindows: Failed to load 'aqProf.dll' (GetLastError=126)
LogWindows: File 'aqProf.dll' does not exist
LogWindows: Failed to load 'VtuneApi.dll' (GetLastError=126)
LogWindows: File 'VtuneApi.dll' does not exist
LogWindows: Failed to load 'VtuneApi32e.dll' (GetLastError=126)
LogWindows: File 'VtuneApi32e.dll' does not exist
LogConsoleResponse: Display: Failed to find resolution value strings in scalability ini. Falling back to default.
LogInit: Display: Running engine for game: TeamWolverineProject
LogPakFile: Registered encryption key '00000000000000000000000000000000': 0 pak files mounted, 0 remain pending
LogPlatformFile: Not using cached read wrapper
LogTaskGraph: Started task graph with 5 named threads and 20 total threads with 3 sets of task threads.
LogStats: Stats thread started at 0.336846
LogD3D11RHI: Loaded GFSDK_Aftermath_Lib.x64.dll
LogICUInternationalization: ICU TimeZone Detection - Raw Offset: +1:00, Platform Override: ''
LogPluginManager: Mounting plugin Paper2D
LogPluginManager: Mounting plugin AISupport
LogPluginManager: Mounting plugin LightPropagationVolume
LogPluginManager: Mounting plugin ActorLayerUtilities
LogPluginManager: Mounting plugin AnimationSharing
LogPluginManager: Mounting plugin CLionSourceCodeAccess
LogPluginManager: Mounting plugin CodeLiteSourceCodeAccess
LogPluginManager: Mounting plugin GitSourceControl
LogPluginManager: Mounting plugin KDevelopSourceCodeAccess
LogPluginManager: Mounting plugin NullSourceCodeAccess
LogPluginManager: Mounting plugin PerforceSourceControl
LogPluginManager: Mounting plugin SubversionSourceControl
LogPluginManager: Mounting plugin UObjectPlugin
LogPluginManager: Mounting plugin VisualStudioCodeSourceCodeAccess
LogPluginManager: Mounting plugin VisualStudioSourceCodeAccess
LogPluginManager: Mounting plugin XCodeSourceCodeAccess
LogPluginManager: Mounting plugin AssetManagerEditor
LogPluginManager: Mounting plugin CryptoKeys
LogPluginManager: Mounting plugin DataValidation
LogPluginManager: Mounting plugin FacialAnimation
LogPluginManager: Mounting plugin GameplayTagsEditor
LogPluginManager: Mounting plugin MacGraphicsSwitching
LogPluginManager: Mounting plugin MaterialAnalyzer
LogPluginManager: Mounting plugin MobileLauncherProfileWizard
LogPluginManager: Mounting plugin PluginBrowser
LogPluginManager: Mounting plugin SpeedTreeImporter
LogPluginManager: Mounting plugin DatasmithContent
LogPluginManager: Mounting plugin VariantManagerContent
LogPluginManager: Mounting plugin AlembicImporter
LogPluginManager: Mounting plugin AppleImageUtils
LogPluginManager: Mounting plugin AppleVision
LogPluginManager: Mounting plugin BackChannel
LogPluginManager: Mounting plugin CharacterAI
LogPluginManager: Mounting plugin GeometryCache
LogPluginManager: Mounting plugin HTML5Networking
LogPluginManager: Mounting plugin ProxyLODPlugin
LogPluginManager: Mounting plugin SkeletalReduction
LogPluginManager: Mounting plugin MagicLeap
LogPluginManager: Mounting plugin MagicLeapMedia
LogPluginManager: Mounting plugin AndroidMedia
LogPluginManager: Mounting plugin AvfMedia
LogPluginManager: Mounting plugin ImgMedia
LogPluginManager: Mounting plugin LinearTimecode
LogPluginManager: Mounting plugin MediaCompositing
LogPluginManager: Mounting plugin MediaPlayerEditor
LogPluginManager: Mounting plugin WebMMedia
LogPluginManager: Mounting plugin WmfMedia
LogPluginManager: Mounting plugin TcpMessaging
LogPluginManager: Mounting plugin UdpMessaging
LogPluginManager: Mounting plugin ActorSequence
LogPluginManager: Mounting plugin LevelSequenceEditor
LogPluginManager: Mounting plugin MatineeToLevelSequence
LogPluginManager: Mounting plugin NetcodeUnitTest
LogPluginManager: Mounting plugin NUTUnrealEngine4
LogPluginManager: Mounting plugin OnlineSubsystemGooglePlay
LogPluginManager: Mounting plugin OnlineSubsystemIOS
LogPluginManager: Mounting plugin OnlineSubsystem
LogPluginManager: Mounting plugin OnlineSubsystemNull
LogPluginManager: Mounting plugin OnlineSubsystemUtils
LogPluginManager: Mounting plugin LauncherChunkInstaller
LogPluginManager: Mounting plugin AndroidDeviceProfileSelector
LogPluginManager: Mounting plugin AndroidMoviePlayer
LogPluginManager: Mounting plugin AndroidPermission
LogPluginManager: Mounting plugin AppleMoviePlayer
LogPluginManager: Mounting plugin ArchVisCharacter
LogPluginManager: Mounting plugin AudioCapture
LogPluginManager: Mounting plugin CableComponent
LogPluginManager: Mounting plugin CustomMeshComponent
LogPluginManager: Mounting plugin EditableMesh
LogPluginManager: Mounting plugin ExampleDeviceProfileSelector
LogPluginManager: Mounting plugin Firebase
LogPluginManager: Mounting plugin GoogleCloudMessaging
LogPluginManager: Mounting plugin IOSDeviceProfileSelector
LogPluginManager: Mounting plugin LinuxDeviceProfileSelector
LogPluginManager: Mounting plugin LocationServicesBPLibrary
LogPluginManager: Mounting plugin MobilePatchingUtils
LogPluginManager: Mounting plugin OculusVR
LogPluginManager: Mounting plugin PhysXVehicles
LogPluginManager: Mounting plugin ProceduralMeshComponent
LogPluginManager: Mounting plugin RuntimePhysXCooking
LogPluginManager: Mounting plugin SignificanceManager
LogPluginManager: Mounting plugin SteamVR
LogPluginManager: Mounting plugin WebMMoviePlayer
LogPluginManager: Mounting plugin WindowsMoviePlayer
LogInit: Using libcurl 7.55.1-DEV
LogInit:  - built for x86_64-pc-win32
LogInit:  - supports SSL with OpenSSL/1.1.1
LogInit:  - supports HTTP deflate (compression) using libz 1.2.8
LogInit:  - other features:
LogInit:      CURL_VERSION_SSL
LogInit:      CURL_VERSION_LIBZ
LogInit:      CURL_VERSION_IPV6
LogInit:      CURL_VERSION_ASYNCHDNS
LogInit:      CURL_VERSION_LARGEFILE
LogInit:      CURL_VERSION_IDN
LogInit:  CurlRequestOptions (configurable via config and command line):
LogInit:  - bVerifyPeer = true  - Libcurl will verify peer certificate
LogInit:  - bUseHttpProxy = false  - Libcurl will NOT use HTTP proxy
LogInit:  - bDontReuseConnections = false  - Libcurl will reuse connections
LogInit:  - MaxHostConnections = 16  - Libcurl will limit the number of connections to a host
LogInit:  - LocalHostAddr = Default
LogInit:  - BufferSize = 65536
LogInit: WinSock: version 1.1 (2.2), MaxSocks=32767, MaxUdp=65467
LogInit: Build: ++UE4+Release-4.22-CL-7053642
LogInit: Engine Version: 4.22.3-7053642+++UE4+Release-4.22
LogInit: Compatible Engine Version: 4.22.0-5660361+++UE4+Release-4.22
LogInit: Net CL: 5660361
LogInit: OS: Windows 10 (Release 1903) (), CPU: Intel(R) Core(TM) i5-8400 CPU @ 2.80GHz, GPU: Intel(R) UHD Graphics 630
LogInit: Compiled (64-bit): Jun 18 2019 03:09:11
LogInit: Compiled with Visual C++: 19.16.27025.01
LogInit: Build Configuration: DebugGame
LogInit: Branch Name: ++UE4+Release-4.22
LogInit: Command Line:  -skipcompile
LogInit: Base Directory: D:/UE_4.22/Engine/Binaries/Win64/
LogInit: Installed Engine Build: 1
LogDevObjectVersion: Number of dev versions registered: 23
LogDevObjectVersion:   Dev-Blueprints (B0D832E4-1F89-4F0D-ACCF-7EB736FD4AA2): 10
LogDevObjectVersion:   Dev-Build (E1C64328-A22C-4D53-A36C-8E866417BD8C): 0
LogDevObjectVersion:   Dev-Core (375EC13C-06E4-48FB-B500-84F0262A717E): 3
LogDevObjectVersion:   Dev-Editor (E4B068ED-F494-42E9-A231-DA0B2E46BB41): 30
LogDevObjectVersion:   Dev-Framework (CFFC743F-43B0-4480-9391-14DF171D2073): 35
LogDevObjectVersion:   Dev-Mobile (B02B49B5-BB20-44E9-A304-32B752E40360): 2
LogDevObjectVersion:   Dev-Networking (A4E4105C-59A1-49B5-A7C5-40C4547EDFEE): 0
LogDevObjectVersion:   Dev-Online (39C831C9-5AE6-47DC-9A44-9C173E1C8E7C): 0
LogDevObjectVersion:   Dev-Physics (78F01B33-EBEA-4F98-B9B4-84EACCB95AA2): 0
LogDevObjectVersion:   Dev-Platform (6631380F-2D4D-43E0-8009-CF276956A95A): 0
LogDevObjectVersion:   Dev-Rendering (12F88B9F-8875-4AFC-A67C-D90C383ABD29): 28
LogDevObjectVersion:   Dev-Sequencer (7B5AE74C-D270-4C10-A958-57980B212A5A): 11
LogDevObjectVersion:   Dev-VR (D7296918-1DD6-4BDD-9DE2-64A83CC13884): 2
LogDevObjectVersion:   Dev-LoadTimes (C2A15278-BFE7-4AFE-6C17-90FF531DF755): 1
LogDevObjectVersion:   Private-Geometry (6EACA3D4-40EC-4CC1-B786-8BED09428FC5): 3
LogDevObjectVersion:   Dev-AnimPhys (29E575DD-E0A3-4627-9D10-D276232CDCEA): 17
LogDevObjectVersion:   Dev-Anim (AF43A65D-7FD3-4947-9873-3E8ED9C1BB05): 2
LogDevObjectVersion:   Dev-ReflectionCapture (6B266CEC-1EC7-4B8F-A30B-E4D90942FC07): 1
LogDevObjectVersion:   Dev-Automation (0DF73D61-A23F-47EA-B727-89E90C41499A): 1
LogDevObjectVersion:   FortniteMain (601D1886-AC64-4F84-AA16-D3DE0DEAC7D6): 25
LogDevObjectVersion:   Dev-Enterprise (9DFFBCD6-494F-0158-E221-12823C92A888): 6
LogDevObjectVersion:   Dev-Niagara (F2AED0AC-9AFE-416F-8664-AA7FFA26D6FC): 1
LogDevObjectVersion:   Dev-Destruction (174F1F0B-B4C6-45A5-B13F-2EE8D0FB917D): 2
LogInit: Presizing for max 16777216 objects, including 0 objects not considered by GC, pre-allocating 0 bytes for permanent pool.
LogInit: Object subsystem initialized
LogConfig: Setting CVar [[con.DebugEarlyDefault:1]]
LogConfig: Setting CVar [[r.setres:1280x720]]
[2019.07.20-21.39.11:691][  0]LogConfig: Setting CVar [[r.VSync:0]]
[2019.07.20-21.39.11:692][  0]LogConfig: Setting CVar [[r.RHICmdBypass:0]]
[2019.07.20-21.39.11:692][  0]LogConfig: Applying CVar settings from Section [/Script/Engine.RendererSettings] File [C:/Users/Nordsken/Documents/GitHub/TeamWolverine/TeamWolverineProject/Saved/Config/Windows/Engine.ini]
[2019.07.20-21.39.11:692][  0]LogConfig: Setting CVar [[r.GPUCrashDebugging:0]]
[2019.07.20-21.39.11:692][  0]LogConfig: Setting CVar [[r.DefaultFeature.AutoExposure.ExtendDefaultLuminanceRange:1]]
[2019.07.20-21.39.11:692][  0]LogConfig: Applying CVar settings from Section [/Script/Engine.RendererOverrideSettings] File [C:/Users/Nordsken/Documents/GitHub/TeamWolverine/TeamWolverineProject/Saved/Config/Windows/Engine.ini]
[2019.07.20-21.39.11:692][  0]LogConfig: Applying CVar settings from Section [/Script/Engine.StreamingSettings] File [C:/Users/Nordsken/Documents/GitHub/TeamWolverine/TeamWolverineProject/Saved/Config/Windows/Engine.ini]
[2019.07.20-21.39.11:692][  0]LogConfig: Setting CVar [[s.MinBulkDataSizeForAsyncLoading:131072]]
[2019.07.20-21.39.11:692][  0]LogConfig: Setting CVar [[s.AsyncLoadingThreadEnabled:0]]
[2019.07.20-21.39.11:692][  0]LogConfig: Setting CVar [[s.EventDrivenLoaderEnabled:1]]
[2019.07.20-21.39.11:692][  0]LogConfig: Setting CVar [[s.WarnIfTimeLimitExceeded:0]]
[2019.07.20-21.39.11:692][  0]LogConfig: Setting CVar [[s.TimeLimitExceededMultiplier:1.5]]
[2019.07.20-21.39.11:692][  0]LogConfig: Setting CVar [[s.TimeLimitExceededMinTime:0.005]]
[2019.07.20-21.39.11:692][  0]LogConfig: Setting CVar [[s.UseBackgroundLevelStreaming:1]]
[2019.07.20-21.39.11:692][  0]LogConfig: Setting CVar [[s.PriorityAsyncLoadingExtraTime:15.0]]
[2019.07.20-21.39.11:692][  0]LogConfig: Setting CVar [[s.LevelStreamingActorsUpdateTimeLimit:5.0]]
[2019.07.20-21.39.11:692][  0]LogConfig: Setting CVar [[s.PriorityLevelStreamingActorsUpdateExtraTime:5.0]]
[2019.07.20-21.39.11:692][  0]LogConfig: Setting CVar [[s.LevelStreamingComponentsRegistrationGranularity:10]]
[2019.07.20-21.39.11:692][  0]LogConfig: Setting CVar [[s.UnregisterComponentsTimeLimit:1.0]]
[2019.07.20-21.39.11:692][  0]LogConfig: Setting CVar [[s.LevelStreamingComponentsUnregistrationGranularity:5]]
[2019.07.20-21.39.11:692][  0]LogConfig: Applying CVar settings from Section [/Script/Engine.GarbageCollectionSettings] File [C:/Users/Nordsken/Documents/GitHub/TeamWolverine/TeamWolverineProject/Saved/Config/Windows/Engine.ini]
[2019.07.20-21.39.11:692][  0]LogConfig: Setting CVar [[gc.MaxObjectsNotConsideredByGC:1]]
[2019.07.20-21.39.11:692][  0]LogConfig: Setting CVar [[gc.SizeOfPermanentObjectPool:0]]
[2019.07.20-21.39.11:693][  0]LogConfig: Setting CVar [[gc.FlushStreamingOnGC:0]]
[2019.07.20-21.39.11:693][  0]LogConfig: Setting CVar [[gc.NumRetriesBeforeForcingGC:10]]
[2019.07.20-21.39.11:693][  0]LogConfig: Setting CVar [[gc.AllowParallelGC:1]]
[2019.07.20-21.39.11:693][  0]LogConfig: Setting CVar [[gc.TimeBetweenPurgingPendingKillObjects:61.1]]
[2019.07.20-21.39.11:693][  0]LogConfig: Setting CVar [[gc.MaxObjectsInEditor:16777216]]
[2019.07.20-21.39.11:693][  0]LogConfig: Setting CVar [[gc.IncrementalBeginDestroyEnabled:1]]
[2019.07.20-21.39.11:693][  0]LogConfig: Setting CVar [[gc.CreateGCClusters:1]]
[2019.07.20-21.39.11:693][  0]LogConfig: Setting CVar [[gc.MinGCClusterSize:5]]
[2019.07.20-21.39.11:693][  0]LogConfig: Setting CVar [[gc.ActorClusteringEnabled:0]]
[2019.07.20-21.39.11:693][  0]LogConfig: Setting CVar [[gc.BlueprintClusteringEnabled:0]]
[2019.07.20-21.39.11:693][  0]LogConfig: Setting CVar [[gc.UseDisregardForGCOnDedicatedServers:0]]
[2019.07.20-21.39.11:693][  0]LogConfig: Applying CVar settings from Section [/Script/Engine.NetworkSettings] File [C:/Users/Nordsken/Documents/GitHub/TeamWolverine/TeamWolverineProject/Saved/Config/Windows/Engine.ini]
[2019.07.20-21.39.11:693][  0]LogConfig: Applying CVar settings from Section [/Script/UnrealEd.CookerSettings] File [C:/Users/Nordsken/Documents/GitHub/TeamWolverine/TeamWolverineProject/Saved/Config/Windows/Engine.ini]
[2019.07.20-21.39.11:698][  0]LogConfig: Applying CVar settings from Section [ViewDistanceQuality@3] File [C:/Users/Nordsken/Documents/GitHub/TeamWolverine/TeamWolverineProject/Saved/Config/Windows/Scalability.ini]
[2019.07.20-21.39.11:699][  0]LogConfig: Setting CVar [[r.SkeletalMeshLODBias:0]]
[2019.07.20-21.39.11:699][  0]LogConfig: Setting CVar [[r.ViewDistanceScale:1.0]]
[2019.07.20-21.39.11:699][  0]LogConfig: Applying CVar settings from Section [AntiAliasingQuality@3] File [C:/Users/Nordsken/Documents/GitHub/TeamWolverine/TeamWolverineProject/Saved/Config/Windows/Scalability.ini]
[2019.07.20-21.39.11:699][  0]LogConfig: Setting CVar [[r.PostProcessAAQuality:4]]
[2019.07.20-21.39.11:699][  0]LogConfig: Applying CVar settings from Section [ShadowQuality@3] File [C:/Users/Nordsken/Documents/GitHub/TeamWolverine/TeamWolverineProject/Saved/Config/Windows/Scalability.ini]
[2019.07.20-21.39.11:699][  0]LogConfig: Setting CVar [[r.LightFunctionQuality:1]]
[2019.07.20-21.39.11:699][  0]LogConfig: Setting CVar [[r.ShadowQuality:5]]
[2019.07.20-21.39.11:699][  0]LogConfig: Setting CVar [[r.Shadow.CSM.MaxCascades:10]]
[2019.07.20-21.39.11:699][  0]LogConfig: Setting CVar [[r.Shadow.MaxResolution:2048]]
[2019.07.20-21.39.11:699][  0]LogConfig: Setting CVar [[r.Shadow.MaxCSMResolution:2048]]
[2019.07.20-21.39.11:699][  0]LogConfig: Setting CVar [[r.Shadow.RadiusThreshold:0.01]]
[2019.07.20-21.39.11:699][  0]LogConfig: Setting CVar [[r.Shadow.DistanceScale:1.0]]
[2019.07.20-21.39.11:699][  0]LogConfig: Setting CVar [[r.Shadow.CSM.TransitionScale:1.0]]
[2019.07.20-21.39.11:699][  0]LogConfig: Setting CVar [[r.Shadow.PreShadowResolutionFactor:1.0]]
[2019.07.20-21.39.11:699][  0]LogConfig: Setting CVar [[r.DistanceFieldShadowing:1]]
[2019.07.20-21.39.11:699][  0]LogConfig: Setting CVar [[r.DistanceFieldAO:1]]
[2019.07.20-21.39.11:699][  0]LogConfig: Setting CVar [[r.AOQuality:2]]
[2019.07.20-21.39.11:699][  0]LogConfig: Setting CVar [[r.VolumetricFog:1]]
[2019.07.20-21.39.11:699][  0]LogConfig: Setting CVar [[r.VolumetricFog.GridPixelSize:8]]
[2019.07.20-21.39.11:699][  0]LogConfig: Setting CVar [[r.VolumetricFog.GridSizeZ:128]]
[2019.07.20-21.39.11:699][  0]LogConfig: Setting CVar [[r.VolumetricFog.HistoryMissSupersampleCount:4]]
[2019.07.20-21.39.11:699][  0]LogConfig: Setting CVar [[r.LightMaxDrawDistanceScale:1]]
[2019.07.20-21.39.11:699][  0]LogConfig: Setting CVar [[r.CapsuleShadows:1]]
[2019.07.20-21.39.11:700][  0]LogConfig: Applying CVar settings from Section [PostProcessQuality@3] File [C:/Users/Nordsken/Documents/GitHub/TeamWolverine/TeamWolverineProject/Saved/Config/Windows/Scalability.ini]
[2019.07.20-21.39.11:700][  0]LogConfig: Setting CVar [[r.MotionBlurQuality:4]]
[2019.07.20-21.39.11:700][  0]LogConfig: Setting CVar [[r.AmbientOcclusionMipLevelFactor:0.4]]
[2019.07.20-21.39.11:700][  0]LogConfig: Setting CVar [[r.AmbientOcclusionMaxQuality:100]]
[2019.07.20-21.39.11:700][  0]LogConfig: Setting CVar [[r.AmbientOcclusionLevels:-1]]
[2019.07.20-21.39.11:700][  0]LogConfig: Setting CVar [[r.AmbientOcclusionRadiusScale:1.0]]
[2019.07.20-21.39.11:700][  0]LogConfig: Setting CVar [[r.DepthOfFieldQuality:2]]
[2019.07.20-21.39.11:700][  0]LogConfig: Setting CVar [[r.RenderTargetPoolMin:400]]
[2019.07.20-21.39.11:700][  0]LogConfig: Setting CVar [[r.LensFlareQuality:2]]
[2019.07.20-21.39.11:700][  0]LogConfig: Setting CVar [[r.SceneColorFringeQuality:1]]
[2019.07.20-21.39.11:700][  0]LogConfig: Setting CVar [[r.EyeAdaptationQuality:2]]
[2019.07.20-21.39.11:700][  0]LogConfig: Setting CVar [[r.BloomQuality:5]]
[2019.07.20-21.39.11:700][  0]LogConfig: Setting CVar [[r.FastBlurThreshold:100]]
[2019.07.20-21.39.11:700][  0]LogConfig: Setting CVar [[r.Upscale.Quality:3]]
[2019.07.20-21.39.11:700][  0]LogConfig: Setting CVar [[r.Tonemapper.GrainQuantization:1]]
[2019.07.20-21.39.11:700][  0]LogConfig: Setting CVar [[r.LightShaftQuality:1]]
[2019.07.20-21.39.11:700][  0]LogConfig: Setting CVar [[r.Filter.SizeScale:1]]
[2019.07.20-21.39.11:700][  0]LogConfig: Setting CVar [[r.Tonemapper.Quality:5]]
[2019.07.20-21.39.11:701][  0]LogConfig: Setting CVar [[r.DOF.Gather.AccumulatorQuality:1        ; higher gathering accumulator quality]]
[2019.07.20-21.39.11:701][  0]LogConfig: Setting CVar [[r.DOF.Gather.PostfilterMethod:1          ; Median3x3 postfilering method]]
[2019.07.20-21.39.11:701][  0]LogConfig: Setting CVar [[r.DOF.Gather.EnableBokehSettings:0       ; no bokeh simulation when gathering]]
[2019.07.20-21.39.11:701][  0]LogConfig: Setting CVar [[r.DOF.Gather.RingCount:4                 ; medium number of samples when gathering]]
[2019.07.20-21.39.11:701][  0]LogConfig: Setting CVar [[r.DOF.Scatter.ForegroundCompositing:1    ; additive foreground scattering]]
[2019.07.20-21.39.11:701][  0]LogConfig: Setting CVar [[r.DOF.Scatter.BackgroundCompositing:2    ; additive background scattering]]
[2019.07.20-21.39.11:701][  0]LogConfig: Setting CVar [[r.DOF.Scatter.EnableBokehSettings:1      ; bokeh simulation when scattering]]
[2019.07.20-21.39.11:701][  0]LogConfig: Setting CVar [[r.DOF.Scatter.MaxSpriteRatio:0.1         ; only a maximum of 10% of scattered bokeh]]
[2019.07.20-21.39.11:701][  0]LogConfig: Setting CVar [[r.DOF.Recombine.Quality:1                ; cheap slight out of focus]]
[2019.07.20-21.39.11:701][  0]LogConfig: Setting CVar [[r.DOF.Recombine.EnableBokehSettings:0    ; no bokeh simulation on slight out of focus]]
[2019.07.20-21.39.11:701][  0]LogConfig: Setting CVar [[r.DOF.TemporalAAQuality:1                ; more stable temporal accumulation]]
[2019.07.20-21.39.11:701][  0]LogConfig: Setting CVar [[r.DOF.Kernel.MaxForegroundRadius:0.025]]
[2019.07.20-21.39.11:701][  0]LogConfig: Setting CVar [[r.DOF.Kernel.MaxBackgroundRadius:0.025]]
[2019.07.20-21.39.11:701][  0]LogConfig: Applying CVar settings from Section [TextureQuality@3] File [C:/Users/Nordsken/Documents/GitHub/TeamWolverine/TeamWolverineProject/Saved/Config/Windows/Scalability.ini]
[2019.07.20-21.39.11:701][  0]LogConfig: Setting CVar [[r.Streaming.MipBias:0]]
[2019.07.20-21.39.11:701][  0]LogConfig: Setting CVar [[r.Streaming.AmortizeCPUToGPUCopy:0]]
[2019.07.20-21.39.11:701][  0]LogConfig: Setting CVar [[r.Streaming.MaxNumTexturesToStreamPerFrame:0]]
[2019.07.20-21.39.11:701][  0]LogConfig: Setting CVar [[r.Streaming.Boost:1]]
[2019.07.20-21.39.11:701][  0]LogConfig: Setting CVar [[r.MaxAnisotropy:8]]
[2019.07.20-21.39.11:701][  0]LogConfig: Setting CVar [[r.Streaming.LimitPoolSizeToVRAM:0]]
[2019.07.20-21.39.11:701][  0]LogConfig: Setting CVar [[r.Streaming.PoolSize:1000]]
[2019.07.20-21.39.11:702][  0]LogConfig: Setting CVar [[r.Streaming.MaxEffectiveScreenSize:0]]
[2019.07.20-21.39.11:702][  0]LogConfig: Applying CVar settings from Section [EffectsQuality@3] File [C:/Users/Nordsken/Documents/GitHub/TeamWolverine/TeamWolverineProject/Saved/Config/Windows/Scalability.ini]
[2019.07.20-21.39.11:702][  0]LogConfig: Setting CVar [[r.TranslucencyLightingVolumeDim:64]]
[2019.07.20-21.39.11:702][  0]LogConfig: Setting CVar [[r.RefractionQuality:2]]
[2019.07.20-21.39.11:702][  0]LogConfig: Setting CVar [[r.SSR.Quality:3]]
[2019.07.20-21.39.11:702][  0]LogConfig: Setting CVar [[r.SceneColorFormat:4]]
[2019.07.20-21.39.11:702][  0]LogConfig: Setting CVar [[r.DetailMode:2]]
[2019.07.20-21.39.11:702][  0]LogConfig: Setting CVar [[r.TranslucencyVolumeBlur:1]]
[2019.07.20-21.39.11:702][  0]LogConfig: Setting CVar [[r.MaterialQualityLevel:1 ; High quality]]
[2019.07.20-21.39.11:702][  0]LogConfig: Setting CVar [[r.SSS.Scale:1]]
[2019.07.20-21.39.11:702][  0]LogConfig: Setting CVar [[r.SSS.SampleSet:2]]
[2019.07.20-21.39.11:702][  0]LogConfig: Setting CVar [[r.SSS.Quality:1]]
[2019.07.20-21.39.11:702][  0]LogConfig: Setting CVar [[r.SSS.HalfRes:1]]
[2019.07.20-21.39.11:702][  0]LogConfig: Setting CVar [[r.EmitterSpawnRateScale:1.0]]
[2019.07.20-21.39.11:702][  0]LogConfig: Setting CVar [[r.ParticleLightQuality:2]]
[2019.07.20-21.39.11:702][  0]LogConfig: Applying CVar settings from Section [FoliageQuality@3] File [C:/Users/Nordsken/Documents/GitHub/TeamWolverine/TeamWolverineProject/Saved/Config/Windows/Scalability.ini]
[2019.07.20-21.39.11:702][  0]LogConfig: Setting CVar [[foliage.DensityScale:1.0]]
[2019.07.20-21.39.11:702][  0]LogConfig: Setting CVar [[grass.DensityScale:1.0]]
[2019.07.20-21.39.11:702][  0]LogInit: Selected Device Profile: [Windows]
[2019.07.20-21.39.11:702][  0]LogInit: Applying CVar settings loaded from the selected device profile: [Windows]
[2019.07.20-21.39.11:713][  0]LogHAL: Display: Platform has ~ 16 GB [17013702656 / 17179869184 / 16], which maps to Larger [LargestMinGB=32, LargerMinGB=12, DefaultMinGB=8, SmallerMinGB=6, SmallestMinGB=0)
[2019.07.20-21.39.11:713][  0]LogConfig: Setting CVar [[r.Vulkan.UseRealUBs:0		; Required until we fix HLR fall-out]]
[2019.07.20-21.39.11:713][  0]LogInit: Going up to parent DeviceProfile []
[2019.07.20-21.39.11:713][  0]LogConfig: Applying CVar settings from Section [ViewDistanceQuality@3] File [C:/Users/Nordsken/Documents/GitHub/TeamWolverine/TeamWolverineProject/Saved/Config/Windows/Scalability.ini]
[2019.07.20-21.39.11:713][  0]LogConfig: Setting CVar [[r.SkeletalMeshLODBias:0]]
[2019.07.20-21.39.11:713][  0]LogConfig: Setting CVar [[r.ViewDistanceScale:1.0]]
[2019.07.20-21.39.11:713][  0]LogConfig: Applying CVar settings from Section [AntiAliasingQuality@3] File [C:/Users/Nordsken/Documents/GitHub/TeamWolverine/TeamWolverineProject/Saved/Config/Windows/Scalability.ini]
[2019.07.20-21.39.11:713][  0]LogConfig: Setting CVar [[r.PostProcessAAQuality:4]]
[2019.07.20-21.39.11:713][  0]LogConfig: Applying CVar settings from Section [ShadowQuality@3] File [C:/Users/Nordsken/Documents/GitHub/TeamWolverine/TeamWolverineProject/Saved/Config/Windows/Scalability.ini]
[2019.07.20-21.39.11:713][  0]LogConfig: Setting CVar [[r.LightFunctionQuality:1]]
[2019.07.20-21.39.11:713][  0]LogConfig: Setting CVar [[r.ShadowQuality:5]]
[2019.07.20-21.39.11:713][  0]LogConfig: Setting CVar [[r.Shadow.CSM.MaxCascades:10]]
[2019.07.20-21.39.11:714][  0]LogConfig: Setting CVar [[r.Shadow.MaxResolution:2048]]
[2019.07.20-21.39.11:714][  0]LogConfig: Setting CVar [[r.Shadow.MaxCSMResolution:2048]]
[2019.07.20-21.39.11:714][  0]LogConfig: Setting CVar [[r.Shadow.RadiusThreshold:0.01]]
[2019.07.20-21.39.11:714][  0]LogConfig: Setting CVar [[r.Shadow.DistanceScale:1.0]]
[2019.07.20-21.39.11:714][  0]LogConfig: Setting CVar [[r.Shadow.CSM.TransitionScale:1.0]]
[2019.07.20-21.39.11:714][  0]LogConfig: Setting CVar [[r.Shadow.PreShadowResolutionFactor:1.0]]
[2019.07.20-21.39.11:714][  0]LogConfig: Setting CVar [[r.DistanceFieldShadowing:1]]
[2019.07.20-21.39.11:714][  0]LogConfig: Setting CVar [[r.DistanceFieldAO:1]]
[2019.07.20-21.39.11:714][  0]LogConfig: Setting CVar [[r.AOQuality:2]]
[2019.07.20-21.39.11:714][  0]LogConfig: Setting CVar [[r.VolumetricFog:1]]
[2019.07.20-21.39.11:714][  0]LogConfig: Setting CVar [[r.VolumetricFog.GridPixelSize:8]]
[2019.07.20-21.39.11:714][  0]LogConfig: Setting CVar [[r.VolumetricFog.GridSizeZ:128]]
[2019.07.20-21.39.11:714][  0]LogConfig: Setting CVar [[r.VolumetricFog.HistoryMissSupersampleCount:4]]
[2019.07.20-21.39.11:714][  0]LogConfig: Setting CVar [[r.LightMaxDrawDistanceScale:1]]
[2019.07.20-21.39.11:714][  0]LogConfig: Setting CVar [[r.CapsuleShadows:1]]
[2019.07.20-21.39.11:714][  0]LogConfig: Applying CVar settings from Section [PostProcessQuality@3] File [C:/Users/Nordsken/Documents/GitHub/TeamWolverine/TeamWolverineProject/Saved/Config/Windows/Scalability.ini]
[2019.07.20-21.39.11:714][  0]LogConfig: Setting CVar [[r.MotionBlurQuality:4]]
[2019.07.20-21.39.11:714][  0]LogConfig: Setting CVar [[r.AmbientOcclusionMipLevelFactor:0.4]]
[2019.07.20-21.39.11:715][  0]LogConfig: Setting CVar [[r.AmbientOcclusionMaxQuality:100]]
[2019.07.20-21.39.11:715][  0]LogConfig: Setting CVar [[r.AmbientOcclusionLevels:-1]]
[2019.07.20-21.39.11:715][  0]LogConfig: Setting CVar [[r.AmbientOcclusionRadiusScale:1.0]]
[2019.07.20-21.39.11:715][  0]LogConfig: Setting CVar [[r.DepthOfFieldQuality:2]]
[2019.07.20-21.39.11:715][  0]LogConfig: Setting CVar [[r.RenderTargetPoolMin:400]]
[2019.07.20-21.39.11:715][  0]LogConfig: Setting CVar [[r.LensFlareQuality:2]]
[2019.07.20-21.39.11:715][  0]LogConfig: Setting CVar [[r.SceneColorFringeQuality:1]]
[2019.07.20-21.39.11:715][  0]LogConfig: Setting CVar [[r.EyeAdaptationQuality:2]]
[2019.07.20-21.39.11:715][  0]LogConfig: Setting CVar [[r.BloomQuality:5]]
[2019.07.20-21.39.11:715][  0]LogConfig: Setting CVar [[r.FastBlurThreshold:100]]
[2019.07.20-21.39.11:715][  0]LogConfig: Setting CVar [[r.Upscale.Quality:3]]
[2019.07.20-21.39.11:715][  0]LogConfig: Setting CVar [[r.Tonemapper.GrainQuantization:1]]
[2019.07.20-21.39.11:715][  0]LogConfig: Setting CVar [[r.LightShaftQuality:1]]
[2019.07.20-21.39.11:715][  0]LogConfig: Setting CVar [[r.Filter.SizeScale:1]]
[2019.07.20-21.39.11:715][  0]LogConfig: Setting CVar [[r.Tonemapper.Quality:5]]
[2019.07.20-21.39.11:715][  0]LogConfig: Setting CVar [[r.DOF.Gather.AccumulatorQuality:1        ; higher gathering accumulator quality]]
[2019.07.20-21.39.11:715][  0]LogConfig: Setting CVar [[r.DOF.Gather.PostfilterMethod:1          ; Median3x3 postfilering method]]
[2019.07.20-21.39.11:715][  0]LogConfig: Setting CVar [[r.DOF.Gather.EnableBokehSettings:0       ; no bokeh simulation when gathering]]
[2019.07.20-21.39.11:715][  0]LogConfig: Setting CVar [[r.DOF.Gather.RingCount:4                 ; medium number of samples when gathering]]
[2019.07.20-21.39.11:715][  0]LogConfig: Setting CVar [[r.DOF.Scatter.ForegroundCompositing:1    ; additive foreground scattering]]
[2019.07.20-21.39.11:715][  0]LogConfig: Setting CVar [[r.DOF.Scatter.BackgroundCompositing:2    ; additive background scattering]]
[2019.07.20-21.39.11:715][  0]LogConfig: Setting CVar [[r.DOF.Scatter.EnableBokehSettings:1      ; bokeh simulation when scattering]]
[2019.07.20-21.39.11:716][  0]LogConfig: Setting CVar [[r.DOF.Scatter.MaxSpriteRatio:0.1         ; only a maximum of 10% of scattered bokeh]]
[2019.07.20-21.39.11:716][  0]LogConfig: Setting CVar [[r.DOF.Recombine.Quality:1                ; cheap slight out of focus]]
[2019.07.20-21.39.11:716][  0]LogConfig: Setting CVar [[r.DOF.Recombine.EnableBokehSettings:0    ; no bokeh simulation on slight out of focus]]
[2019.07.20-21.39.11:716][  0]LogConfig: Setting CVar [[r.DOF.TemporalAAQuality:1                ; more stable temporal accumulation]]
[2019.07.20-21.39.11:716][  0]LogConfig: Setting CVar [[r.DOF.Kernel.MaxForegroundRadius:0.025]]
[2019.07.20-21.39.11:716][  0]LogConfig: Setting CVar [[r.DOF.Kernel.MaxBackgroundRadius:0.025]]
[2019.07.20-21.39.11:716][  0]LogConfig: Applying CVar settings from Section [TextureQuality@3] File [C:/Users/Nordsken/Documents/GitHub/TeamWolverine/TeamWolverineProject/Saved/Config/Windows/Scalability.ini]
[2019.07.20-21.39.11:716][  0]LogConfig: Setting CVar [[r.Streaming.MipBias:0]]
[2019.07.20-21.39.11:716][  0]LogConfig: Setting CVar [[r.Streaming.AmortizeCPUToGPUCopy:0]]
[2019.07.20-21.39.11:716][  0]LogConfig: Setting CVar [[r.Streaming.MaxNumTexturesToStreamPerFrame:0]]
[2019.07.20-21.39.11:716][  0]LogConfig: Setting CVar [[r.Streaming.Boost:1]]
[2019.07.20-21.39.11:716][  0]LogConfig: Setting CVar [[r.MaxAnisotropy:8]]
[2019.07.20-21.39.11:716][  0]LogConfig: Setting CVar [[r.Streaming.LimitPoolSizeToVRAM:0]]
[2019.07.20-21.39.11:716][  0]LogConfig: Setting CVar [[r.Streaming.PoolSize:1000]]
[2019.07.20-21.39.11:716][  0]LogConfig: Setting CVar [[r.Streaming.MaxEffectiveScreenSize:0]]
[2019.07.20-21.39.11:716][  0]LogConfig: Applying CVar settings from Section [EffectsQuality@3] File [C:/Users/Nordsken/Documents/GitHub/TeamWolverine/TeamWolverineProject/Saved/Config/Windows/Scalability.ini]
[2019.07.20-21.39.11:716][  0]LogConfig: Setting CVar [[r.TranslucencyLightingVolumeDim:64]]
[2019.07.20-21.39.11:716][  0]LogConfig: Setting CVar [[r.RefractionQuality:2]]
[2019.07.20-21.39.11:716][  0]LogConfig: Setting CVar [[r.SSR.Quality:3]]
[2019.07.20-21.39.11:717][  0]LogConfig: Setting CVar [[r.SceneColorFormat:4]]
[2019.07.20-21.39.11:717][  0]LogConfig: Setting CVar [[r.DetailMode:2]]
[2019.07.20-21.39.11:717][  0]LogConfig: Setting CVar [[r.TranslucencyVolumeBlur:1]]
[2019.07.20-21.39.11:717][  0]LogConfig: Setting CVar [[r.MaterialQualityLevel:1 ; High quality]]
[2019.07.20-21.39.11:717][  0]LogConfig: Setting CVar [[r.SSS.Scale:1]]
[2019.07.20-21.39.11:717][  0]LogConfig: Setting CVar [[r.SSS.SampleSet:2]]
[2019.07.20-21.39.11:717][  0]LogConfig: Setting CVar [[r.SSS.Quality:1]]
[2019.07.20-21.39.11:717][  0]LogConfig: Setting CVar [[r.SSS.HalfRes:1]]
[2019.07.20-21.39.11:717][  0]LogConfig: Setting CVar [[r.EmitterSpawnRateScale:1.0]]
[2019.07.20-21.39.11:717][  0]LogConfig: Setting CVar [[r.ParticleLightQuality:2]]
[2019.07.20-21.39.11:717][  0]LogConfig: Applying CVar settings from Section [FoliageQuality@3] File [C:/Users/Nordsken/Documents/GitHub/TeamWolverine/TeamWolverineProject/Saved/Config/Windows/Scalability.ini]
[2019.07.20-21.39.11:717][  0]LogConfig: Setting CVar [[foliage.DensityScale:1.0]]
[2019.07.20-21.39.11:717][  0]LogConfig: Setting CVar [[grass.DensityScale:1.0]]
[2019.07.20-21.39.11:717][  0]LogConfig: Applying CVar settings from Section [Startup] File [../../../Engine/Config/ConsoleVariables.ini]
[2019.07.20-21.39.11:717][  0]LogConfig: Setting CVar [[net.UseAdaptiveNetUpdateFrequency:0]]
[2019.07.20-21.39.11:717][  0]LogConfig: Setting CVar [[p.chaos.AllowCreatePhysxBodies:1]]
[2019.07.20-21.39.11:718][  0]LogConfig: Applying CVar settings from Section [ConsoleVariables] File [C:/Users/Nordsken/Documents/GitHub/TeamWolverine/TeamWolverineProject/Saved/Config/Windows/Engine.ini]
[2019.07.20-21.39.11:718][  0]LogInit: Computer: PC34
[2019.07.20-21.39.11:718][  0]LogInit: User: Nordsken
[2019.07.20-21.39.11:718][  0]LogInit: CPU Page size=4096, Cores=6
[2019.07.20-21.39.11:718][  0]LogInit: High frequency timer resolution =10.000000 MHz
[2019.07.20-21.39.11:718][  0]LogMemory: Memory total: Physical=15.8GB (16GB approx)
[2019.07.20-21.39.11:718][  0]LogMemory: Platform Memory Stats for Windows
[2019.07.20-21.39.11:718][  0]LogMemory: Process Physical Memory: 97.02 MB used, 97.03 MB peak
[2019.07.20-21.39.11:718][  0]LogMemory: Process Virtual Memory: 84.90 MB used, 84.90 MB peak
[2019.07.20-21.39.11:718][  0]LogMemory: Physical Memory: 9038.82 MB used,  7186.71 MB free, 16225.53 MB total
[2019.07.20-21.39.11:718][  0]LogMemory: Virtual Memory: 4633.51 MB used,  134213096.00 MB free, 134217728.00 MB total
[2019.07.20-21.39.11:815][  0]LogInit: Using OS detected language (en-US).
[2019.07.20-21.39.11:815][  0]LogInit: Using OS detected locale (en-US).
[2019.07.20-21.39.11:816][  0]LogTextLocalizationManager: No specific localization for 'en-US' exists, so the 'en' localization will be used.
[2019.07.20-21.39.11:947][  0]LogInit: Setting process to per monitor DPI aware
[2019.07.20-21.39.11:985][  0]LogSlate: New Slate User Created.  User Index 0, Is Virtual User: 0
[2019.07.20-21.39.11:985][  0]LogSlate: Slate User Registered.  User Index 0, Is Virtual User: 0
[2019.07.20-21.39.12:102][  0]LogHMD: Failed to initialize OpenVR with code 110
[2019.07.20-21.39.12:102][  0]LogD3D11RHI: D3D11 adapters:
[2019.07.20-21.39.12:117][  0]LogD3D11RHI:    0. 'Intel(R) UHD Graphics 630' (Feature Level 11_0)
[2019.07.20-21.39.12:117][  0]LogD3D11RHI:       128/0/8112 MB DedicatedVideo/DedicatedSystem/SharedSystem, Outputs:1, VendorId:0x8086
[2019.07.20-21.39.12:202][  0]LogD3D11RHI:    1. 'NVIDIA GeForce GTX 1060 3GB' (Feature Level 11_0)
[2019.07.20-21.39.12:202][  0]LogD3D11RHI:       2988/0/8112 MB DedicatedVideo/DedicatedSystem/SharedSystem, Outputs:0, VendorId:0x10de
[2019.07.20-21.39.12:206][  0]LogD3D11RHI:    2. 'Microsoft Basic Render Driver' (Feature Level 11_0)
[2019.07.20-21.39.12:206][  0]LogD3D11RHI:       0/0/8112 MB DedicatedVideo/DedicatedSystem/SharedSystem, Outputs:0, VendorId:0x1414
[2019.07.20-21.39.12:206][  0]LogD3D11RHI: Chosen D3D11 Adapter: 1
[2019.07.20-21.39.12:212][  0]LogD3D11RHI: Creating new Direct3DDevice
[2019.07.20-21.39.12:212][  0]LogD3D11RHI:     GPU DeviceId: 0x1c02 (for the marketing name, search the web for "GPU Device Id")
[2019.07.20-21.39.12:212][  0]LogWindows: EnumDisplayDevices:
[2019.07.20-21.39.12:212][  0]LogWindows:    0. 'Intel(R) UHD Graphics 630' (P:1 D:1)
[2019.07.20-21.39.12:213][  0]LogWindows:    1. 'Intel(R) UHD Graphics 630' (P:0 D:0)
[2019.07.20-21.39.12:213][  0]LogWindows:    2. 'Intel(R) UHD Graphics 630' (P:0 D:0)
[2019.07.20-21.39.12:213][  0]LogWindows:    3. 'NVIDIA GeForce GTX 1060 3GB' (P:0 D:0)
[2019.07.20-21.39.12:213][  0]LogWindows:    4. 'NVIDIA GeForce GTX 1060 3GB' (P:0 D:0)
[2019.07.20-21.39.12:214][  0]LogWindows:    5. 'NVIDIA GeForce GTX 1060 3GB' (P:0 D:0)
[2019.07.20-21.39.12:214][  0]LogWindows:    6. 'NVIDIA GeForce GTX 1060 3GB' (P:0 D:0)
[2019.07.20-21.39.12:214][  0]LogWindows: DebugString: PrimaryIsNotTheChoosenAdapter PrimaryIsNotTheChoosenAdapter PrimaryIsNotTheChoosenAdapter FoundDriverCount:4 
[2019.07.20-21.39.12:214][  0]LogD3D11RHI:     Adapter Name: NVIDIA GeForce GTX 1060 3GB
[2019.07.20-21.39.12:214][  0]LogD3D11RHI:   Driver Version: 430.86 (internal:26.21.14.3086, unified:430.86)
[2019.07.20-21.39.12:214][  0]LogD3D11RHI:      Driver Date: 5-22-2019
[2019.07.20-21.39.12:214][  0]LogRHI: Texture pool is 2091 MB (70% of 2988 MB)
[2019.07.20-21.39.12:251][  0]LogD3D11RHI: Async texture creation enabled
[2019.07.20-21.39.12:255][  0]LogRendererCore: FGlobalReadBuffer::InitRHI
[2019.07.20-21.39.12:255][  0]LogRendererCore: FGlobalReadBuffer::InitRHI
[2019.07.20-21.39.12:255][  0]LogRendererCore: FGlobalReadBuffer::InitRHI
[2019.07.20-21.39.12:264][  0]LogD3D11RHI: GPU Timing Frequency: 1000.000000 (Debug: 2 1)
[2019.07.20-21.39.12:501][  0]LogTemp: Display: Module 'AllDesktopTargetPlatform' loaded TargetPlatform 'AllDesktop'
[2019.07.20-21.39.12:517][  0]LogTemp: Display: Module 'MacClientTargetPlatform' loaded TargetPlatform 'MacClient'
[2019.07.20-21.39.12:534][  0]LogTemp: Display: Module 'MacNoEditorTargetPlatform' loaded TargetPlatform 'MacNoEditor'
[2019.07.20-21.39.12:551][  0]LogTemp: Display: Module 'MacServerTargetPlatform' loaded TargetPlatform 'MacServer'
[2019.07.20-21.39.12:568][  0]LogTemp: Display: Module 'MacTargetPlatform' loaded TargetPlatform 'Mac'
[2019.07.20-21.39.12:584][  0]LogTemp: Display: Module 'WindowsClientTargetPlatform' loaded TargetPlatform 'WindowsClient'
[2019.07.20-21.39.12:601][  0]LogTemp: Display: Module 'WindowsNoEditorTargetPlatform' loaded TargetPlatform 'WindowsNoEditor'
[2019.07.20-21.39.12:617][  0]LogTemp: Display: Module 'WindowsServerTargetPlatform' loaded TargetPlatform 'WindowsServer'
[2019.07.20-21.39.12:627][  0]LogTemp: Display: Module 'WindowsTargetPlatform' loaded TargetPlatform 'Windows'
[2019.07.20-21.39.12:697][  0]LogTemp: Display: Module 'AndroidTargetPlatform' loaded TargetPlatform 'Android'
[2019.07.20-21.39.12:697][  0]LogTemp: Display: Module 'AndroidTargetPlatform' loaded TargetPlatform 'Android_ASTC'
[2019.07.20-21.39.12:697][  0]LogTemp: Display: Module 'AndroidTargetPlatform' loaded TargetPlatform 'Android_ATC'
[2019.07.20-21.39.12:697][  0]LogTemp: Display: Module 'AndroidTargetPlatform' loaded TargetPlatform 'Android_DXT'
[2019.07.20-21.39.12:697][  0]LogTemp: Display: Module 'AndroidTargetPlatform' loaded TargetPlatform 'Android_ETC1'
[2019.07.20-21.39.12:697][  0]LogTemp: Display: Module 'AndroidTargetPlatform' loaded TargetPlatform 'Android_ETC1a'
[2019.07.20-21.39.12:697][  0]LogTemp: Display: Module 'AndroidTargetPlatform' loaded TargetPlatform 'Android_ETC2'
[2019.07.20-21.39.12:697][  0]LogTemp: Display: Module 'AndroidTargetPlatform' loaded TargetPlatform 'Android_PVRTC'
[2019.07.20-21.39.12:697][  0]LogTemp: Display: Module 'AndroidTargetPlatform' loaded TargetPlatform 'AndroidClient'
[2019.07.20-21.39.12:697][  0]LogTemp: Display: Module 'AndroidTargetPlatform' loaded TargetPlatform 'Android_ASTCClient'
[2019.07.20-21.39.12:697][  0]LogTemp: Display: Module 'AndroidTargetPlatform' loaded TargetPlatform 'Android_ATCClient'
[2019.07.20-21.39.12:697][  0]LogTemp: Display: Module 'AndroidTargetPlatform' loaded TargetPlatform 'Android_DXTClient'
[2019.07.20-21.39.12:698][  0]LogTemp: Display: Module 'AndroidTargetPlatform' loaded TargetPlatform 'Android_ETC1Client'
[2019.07.20-21.39.12:698][  0]LogTemp: Display: Module 'AndroidTargetPlatform' loaded TargetPlatform 'Android_ETC1aClient'
[2019.07.20-21.39.12:698][  0]LogTemp: Display: Module 'AndroidTargetPlatform' loaded TargetPlatform 'Android_ETC2Client'
[2019.07.20-21.39.12:698][  0]LogTemp: Display: Module 'AndroidTargetPlatform' loaded TargetPlatform 'Android_PVRTCClient'
[2019.07.20-21.39.12:698][  0]LogTemp: Display: Module 'AndroidTargetPlatform' loaded TargetPlatform 'Android_Multi'
[2019.07.20-21.39.12:698][  0]LogTemp: Display: Module 'AndroidTargetPlatform' loaded TargetPlatform 'Android_MultiClient'
[2019.07.20-21.39.12:702][  0]LogTemp: Display: Module 'HTML5TargetPlatform' loaded TargetPlatform 'HTML5'
[2019.07.20-21.39.12:758][  0]LogTemp: Display: Module 'IOSTargetPlatform' loaded TargetPlatform 'IOSClient'
[2019.07.20-21.39.12:758][  0]LogTemp: Display: Module 'IOSTargetPlatform' loaded TargetPlatform 'IOS'
[2019.07.20-21.39.12:781][  0]LogTemp: Display: Module 'TVOSTargetPlatform' loaded TargetPlatform 'TVOSClient'
[2019.07.20-21.39.12:781][  0]LogTemp: Display: Module 'TVOSTargetPlatform' loaded TargetPlatform 'TVOS'
[2019.07.20-21.39.12:794][  0]LogTemp: Display: Module 'LinuxClientTargetPlatform' loaded TargetPlatform 'LinuxClient'
[2019.07.20-21.39.12:807][  0]LogTemp: Display: Module 'LinuxNoEditorTargetPlatform' loaded TargetPlatform 'LinuxNoEditor'
[2019.07.20-21.39.12:819][  0]LogTemp: Display: Module 'LinuxServerTargetPlatform' loaded TargetPlatform 'LinuxServer'
[2019.07.20-21.39.12:833][  0]LogTemp: Display: Module 'LinuxTargetPlatform' loaded TargetPlatform 'Linux'
[2019.07.20-21.39.12:873][  0]LogTemp: Display: Module 'LuminTargetPlatform' loaded TargetPlatform 'Lumin'
[2019.07.20-21.39.12:873][  0]LogTemp: Display: Module 'LuminTargetPlatform' loaded TargetPlatform 'LuminClient'
[2019.07.20-21.39.12:873][  0]LogTargetPlatformManager: Display: Building Assets For Windows
[2019.07.20-21.39.12:891][  0]LogAudioDebug: Display: Lib vorbis DLL was dynamically loaded.
[2019.07.20-21.39.13:011][  0]LogShaderCompilers: Guid format shader working directory is -19 characters bigger than the processId version (C:/Users/Nordsken/Documents/GitHub/TeamWolverine/TeamWolverineProject/Intermediate/Shaders/WorkingDirectory/392/).
[2019.07.20-21.39.13:012][  0]LogShaderCompilers: Cleaned the shader compiler working directory 'C:/Users/Nordsken/AppData/Local/Temp/UnrealShaderWorkingDir/F344BD654DAD098C748754B7678FB0D1/'.
[2019.07.20-21.39.13:013][  0]LogXGEController: Cleaning working directory: C:/Users/Nordsken/AppData/Local/Temp/UnrealXGEWorkingDir/
[2019.07.20-21.39.13:013][  0]LogXGEController: Cannot use XGE Controller as Incredibuild is not installed on this machine.
[2019.07.20-21.39.13:013][  0]LogShaderCompilers: Cannot use XGE Shader Compiler as Incredibuild is not installed on this machine.
[2019.07.20-21.39.13:013][  0]LogShaderCompilers: Display: Using Local Shader Compiler.
[2019.07.20-21.39.13:487][  0]LogDerivedDataCache: Display: Max Cache Size: 512 MB
[2019.07.20-21.39.13:528][  0]LogDerivedDataCache: Loaded boot cache 0.04s 71MB C:/Users/Nordsken/AppData/Local/UnrealEngine/4.22/DerivedDataCache/Boot.ddc.
[2019.07.20-21.39.13:528][  0]LogDerivedDataCache: Display: Loaded Boot cache: C:/Users/Nordsken/AppData/Local/UnrealEngine/4.22/DerivedDataCache/Boot.ddc
[2019.07.20-21.39.13:529][  0]LogDerivedDataCache: FDerivedDataBackendGraph:  Pak pak cache file C:/Users/Nordsken/Documents/GitHub/TeamWolverine/TeamWolverineProject/DerivedDataCache/DDC.ddp not found, will not use a pak cache.
[2019.07.20-21.39.13:529][  0]LogDerivedDataCache: Unable to find inner node Pak for hierarchical cache Hierarchy.
[2019.07.20-21.39.13:529][  0]LogDerivedDataCache: FDerivedDataBackendGraph:  CompressedPak pak cache file C:/Users/Nordsken/Documents/GitHub/TeamWolverine/TeamWolverineProject/DerivedDataCache/Compressed.ddp not found, will not use a pak cache.
[2019.07.20-21.39.13:529][  0]LogDerivedDataCache: Unable to find inner node CompressedPak for hierarchical cache Hierarchy.
[2019.07.20-21.39.13:540][  0]LogDerivedDataCache: Display: Pak cache opened for reading ../../../Engine/DerivedDataCache/Compressed.ddp.
[2019.07.20-21.39.13:540][  0]LogDerivedDataCache: FDerivedDataBackendGraph:  EnterprisePak pak cache file ../../../Enterprise/DerivedDataCache/Compressed.ddp not found, will not use a pak cache.
[2019.07.20-21.39.13:540][  0]LogDerivedDataCache: Unable to find inner node EnterprisePak for hierarchical cache Hierarchy.
[2019.07.20-21.39.13:552][  0]LogDerivedDataCache: Using Local data cache path C:/Users/Nordsken/AppData/Local/UnrealEngine/Common/DerivedDataCache: Writable
[2019.07.20-21.39.13:552][  0]LogDerivedDataCache: Shared data cache path not found in *engine.ini, will not use an Shared cache.
[2019.07.20-21.39.13:552][  0]LogDerivedDataCache: Unable to find inner node Shared for hierarchical cache Hierarchy.
[2019.07.20-21.39.13:571][  0]LogMaterial: Verifying Global Shaders for PCD3D_SM5
[2019.07.20-21.39.13:572][  0]LogSlate: Using FreeType 2.6.0
[2019.07.20-21.39.13:572][  0]LogSlate: SlateFontServices - WITH_FREETYPE: 1, WITH_HARFBUZZ: 1
[2019.07.20-21.39.13:646][  0]LogAssetRegistry: FAssetRegistry took 0.0325 seconds to start up
[2019.07.20-21.39.13:908][  0]LogInit: Selected Device Profile: [Windows]
[2019.07.20-21.39.14:061][  0]LogMeshReduction: Using QuadricMeshReduction for automatic static mesh reduction
[2019.07.20-21.39.14:061][  0]LogMeshReduction: Using SimplygonMeshReduction for automatic skeletal mesh reduction
[2019.07.20-21.39.14:061][  0]LogMeshReduction: Using ProxyLODMeshReduction for automatic mesh merging
[2019.07.20-21.39.14:061][  0]LogMeshReduction: No distributed automatic mesh merging module available
[2019.07.20-21.39.14:061][  0]LogMeshMerging: No distributed automatic mesh merging module available
[2019.07.20-21.39.14:072][  0]LogNetVersion: TeamWolverineProject 1.0.0, NetCL: 5660361, EngineNetVer: 10, GameNetVer: 0 (Checksum: 899134691)
[2019.07.20-21.39.14:418][  0]LogPackageLocalizationCache: Processed 10 localized package path(s) for 1 prioritized culture(s) in 0.032549 seconds
[2019.07.20-21.39.14:425][  0]LogUObjectArray: 42205 objects as part of root set at end of initial load.
[2019.07.20-21.39.14:425][  0]LogUObjectAllocator: 7325032 out of 0 bytes used by permanent object pool.
[2019.07.20-21.39.14:425][  0]LogUObjectArray: CloseDisregardForGC: 0/0 objects in disregard for GC pool
[2019.07.20-21.39.15:460][  0]LogTcpMessaging: Initializing TcpMessaging bridge
[2019.07.20-21.39.15:479][  0]LogUdpMessaging: Initializing bridge on interface 0.0.0.0:0 to multicast group 230.0.0.1:6666.
[2019.07.20-21.46.02:253][  0]SourceControl: Source control is disabled
[2019.07.20-21.46.02:834][  0]LogAndroidPermission: UAndroidPermissionCallbackProxy::GetInstance
[2019.07.20-21.46.03:034][  0]LogOcInput: OculusInput pre-init called
[2019.07.20-21.46.03:621][  0]LogEngine: Initializing Engine...
[2019.07.20-21.46.03:622][  0]LogHMD: Failed to initialize OpenVR with code 110
[2019.07.20-21.46.03:623][  0]LogStats: UGameplayTagsManager::InitializeManager -  0.000 s
[2019.07.20-21.46.03:798][  0]LogInit: Initializing FReadOnlyCVARCache
[2019.07.20-21.46.03:812][  0]LogAIModule: Creating AISystem for world Untitled
[2019.07.20-21.46.03:889][  0]LogInit: XAudio2 using 'BenQ GL2760 (Intel(R) bildskärmsljud)' : 2 channels at 48 kHz using 16 bits per sample (channel mask 0x3)
[2019.07.20-21.46.03:946][  0]LogInit: FAudioDevice initialized.
[2019.07.20-21.46.03:946][  0]LogNetVersion: Set ProjectVersion to 1.0.0.0. Version Checksum will be recalculated on next use.
[2019.07.20-21.46.04:015][  0]LogDerivedDataCache: Saved boot cache 0.07s 71MB C:/Users/Nordsken/AppData/Local/UnrealEngine/4.22/DerivedDataCache/Boot.ddc.
[2019.07.20-21.46.04:024][  0]LogInit: Texture streaming: Enabled
[2019.07.20-21.46.04:053][  0]LogEngineSessionManager: EngineSessionManager initialized
[2019.07.20-21.46.04:053][  0]LogEngineSessionManager: EngineSessionManager sent abnormal shutdown report. Type=Debugger, SessionId={FE62BB9A-405E-4546-7CF7-18BC5BAD5147}
[2019.07.20-21.46.04:053][  0]LogEngineSessionManager: EngineSessionManager sent abnormal shutdown report. Type=Debugger, SessionId={7E3BF016-4AB4-B013-B454-CCA07E3B2869}
[2019.07.20-21.46.04:073][  0]LogInit: Transaction tracking system initialized
[2019.07.20-21.46.04:115][  0]BlueprintLog: New page: Editor Load
[2019.07.20-21.46.04:285][  0]LocalizationService: Localization service is disabled
[2019.07.20-21.46.04:590][  0]LogFileCache: Scanning file cache for directory 'C:/Users/Nordsken/Documents/GitHub/TeamWolverine/TeamWolverineProject/Content/' took 0.02s
[2019.07.20-21.46.04:590][  0]LogCook: Display: Max memory allowance for cook 16384mb min free memory 0mb
[2019.07.20-21.46.04:590][  0]LogCook: Display: Mobile HDR setting 1
[2019.07.20-21.46.04:886][  0]Cmd: MAP LOAD FILE="C:/Users/Nordsken/Documents/GitHub/TeamWolverine/TeamWolverineProject/Content/StarterContent/Maps/Minimal_Default.umap" TEMPLATE=0 SHOWPROGRESS=1 FEATURELEVEL=3
[2019.07.20-21.46.04:887][  0]LightingResults: New page: Lighting Build
[2019.07.20-21.46.04:888][  0]MapCheck: New page: Map Check
[2019.07.20-21.46.04:889][  0]LightingResults: New page: Lighting Build
[2019.07.20-21.46.04:911][  0]LogUObjectHash: Compacting FUObjectHashTables data took   1.32ms
[2019.07.20-21.46.05:005][  0]LogAIModule: Creating AISystem for world Minimal_Default
[2019.07.20-21.46.05:018][  0]LogEditorServer: Finished looking for orphan Actors (0.000 secs)
[2019.07.20-21.46.05:041][  0]LogUObjectHash: Compacting FUObjectHashTables data took   1.59ms
[2019.07.20-21.46.05:041][  0]Cmd: MAP CHECKDEP NOCLEARLOG
[2019.07.20-21.46.05:042][  0]MapCheck: Map check complete: 0 Error(s), 0 Warning(s), took 0.118ms to complete.
[2019.07.20-21.46.05:042][  0]LogFileHelpers: Loading map 'Minimal_Default' took 0.155
[2019.07.20-21.46.05:110][  0]LogWindowsTextInputMethodSystem: Display: IME system now deactivated.
[2019.07.20-21.46.05:110][  0]LogWindowsTextInputMethodSystem: Display: IME system now deactivated.
[2019.07.20-21.46.05:152][  0]LogSlate: Updating window title bar state: overlay mode, drag disabled, window buttons hidden, title bar hidden
[2019.07.20-21.46.05:159][  0]LogSlate: Updating window title bar state: overlay mode, drag disabled, window buttons hidden, title bar hidden
[2019.07.20-21.46.05:166][  0]LogSlate: Updating window title bar state: overlay mode, drag disabled, window buttons hidden, title bar hidden
[2019.07.20-21.46.05:172][  0]LogSlate: Updating window title bar state: overlay mode, drag disabled, window buttons hidden, title bar hidden
[2019.07.20-21.46.05:180][  0]LogCollectionManager: Loaded 0 collections in 0.001010 seconds
[2019.07.20-21.46.05:199][  0]LogFileCache: Scanning file cache for directory 'C:/Users/Nordsken/Documents/GitHub/TeamWolverine/TeamWolverineProject/Saved/Collections/' took 0.01s
[2019.07.20-21.46.05:199][  0]LogFileCache: Scanning file cache for directory 'C:/Users/Nordsken/Documents/GitHub/TeamWolverine/TeamWolverineProject/Content/Developers/Nordsken/Collections/' took 0.00s
[2019.07.20-21.46.05:199][  0]LogFileCache: Scanning file cache for directory 'C:/Users/Nordsken/Documents/GitHub/TeamWolverine/TeamWolverineProject/Content/Collections/' took 0.00s
[2019.07.20-21.46.05:199][  0]LogCollectionManager: Rebuilt the GUID cache for 0 collections in 0.000000 seconds
[2019.07.20-21.46.05:207][  0]LogContentBrowser: Native class hierarchy populated in 0.0075 seconds. Added 2738 classes and 662 folders.
[2019.07.20-21.46.05:212][  0]LogContentBrowser: Native class hierarchy updated for 'WidgetCarousel' in 0.0003 seconds. Added 0 classes and 0 folders.
[2019.07.20-21.46.05:213][  0]LogPakFile: Registered encryption key '00000000000000000000000000000000': 0 pak files mounted, 0 remain pending
[2019.07.20-21.46.05:213][  0]LogPakFile: Registered encryption key '00000000000000000000000000000000': 0 pak files mounted, 0 remain pending
[2019.07.20-21.46.05:214][  0]LogPakFile: Registered encryption key '00000000000000000000000000000000': 0 pak files mounted, 0 remain pending
[2019.07.20-21.46.05:214][  0]LogPakFile: Registered encryption key '00000000000000000000000000000000': 0 pak files mounted, 0 remain pending
[2019.07.20-21.46.05:215][  0]LogPakFile: Registered encryption key '00000000000000000000000000000000': 0 pak files mounted, 0 remain pending
[2019.07.20-21.46.05:215][  0]LogPakFile: Registered encryption key '00000000000000000000000000000000': 0 pak files mounted, 0 remain pending
[2019.07.20-21.46.05:215][  0]LogPakFile: Registered encryption key '00000000000000000000000000000000': 0 pak files mounted, 0 remain pending
[2019.07.20-21.46.05:216][  0]LogPakFile: Registered encryption key '00000000000000000000000000000000': 0 pak files mounted, 0 remain pending
[2019.07.20-21.46.05:216][  0]LogPakFile: Registered encryption key '00000000000000000000000000000000': 0 pak files mounted, 0 remain pending
[2019.07.20-21.46.05:217][  0]LogPakFile: Registered encryption key '00000000000000000000000000000000': 0 pak files mounted, 0 remain pending
[2019.07.20-21.46.05:217][  0]LogPakFile: Registered encryption key '00000000000000000000000000000000': 0 pak files mounted, 0 remain pending
[2019.07.20-21.46.05:217][  0]LogPakFile: Registered encryption key '00000000000000000000000000000000': 0 pak files mounted, 0 remain pending
[2019.07.20-21.46.05:218][  0]LogPakFile: Registered encryption key '00000000000000000000000000000000': 0 pak files mounted, 0 remain pending
[2019.07.20-21.46.05:218][  0]LogPakFile: Registered encryption key '00000000000000000000000000000000': 0 pak files mounted, 0 remain pending
[2019.07.20-21.46.05:219][  0]LogPakFile: Registered encryption key '00000000000000000000000000000000': 0 pak files mounted, 0 remain pending
[2019.07.20-21.46.05:219][  0]LogPakFile: Registered encryption key '00000000000000000000000000000000': 0 pak files mounted, 0 remain pending
[2019.07.20-21.46.05:219][  0]LogPakFile: Registered encryption key '00000000000000000000000000000000': 0 pak files mounted, 0 remain pending
[2019.07.20-21.46.05:220][  0]LogPakFile: Registered encryption key '00000000000000000000000000000000': 0 pak files mounted, 0 remain pending
[2019.07.20-21.46.05:220][  0]LogPakFile: Registered encryption key '00000000000000000000000000000000': 0 pak files mounted, 0 remain pending
[2019.07.20-21.46.05:220][  0]LogPakFile: Registered encryption key '00000000000000000000000000000000': 0 pak files mounted, 0 remain pending
[2019.07.20-21.46.05:221][  0]LogPakFile: Registered encryption key '00000000000000000000000000000000': 0 pak files mounted, 0 remain pending
[2019.07.20-21.46.05:221][  0]LogPakFile: Registered encryption key '00000000000000000000000000000000': 0 pak files mounted, 0 remain pending
[2019.07.20-21.46.05:222][  0]LogPakFile: Registered encryption key '00000000000000000000000000000000': 0 pak files mounted, 0 remain pending
[2019.07.20-21.46.05:222][  0]LogPakFile: Registered encryption key '00000000000000000000000000000000': 0 pak files mounted, 0 remain pending
[2019.07.20-21.46.05:222][  0]LogPakFile: Registered encryption key '00000000000000000000000000000000': 0 pak files mounted, 0 remain pending
[2019.07.20-21.46.05:223][  0]LogPakFile: Registered encryption key '00000000000000000000000000000000': 0 pak files mounted, 0 remain pending
[2019.07.20-21.46.05:238][  0]LogContentBrowser: Native class hierarchy updated for 'AddContentDialog' in 0.0003 seconds. Added 0 classes and 0 folders.
[2019.07.20-21.46.05:249][  0]LogContentBrowser: Native class hierarchy updated for 'SceneOutliner' in 0.0003 seconds. Added 1 classes and 2 folders.
[2019.07.20-21.46.05:262][  0]LogSlate: Took 0.000131 seconds to synchronously load lazily loaded font '../../../Engine/Content/Slate/Fonts/Roboto-Regular.ttf' (155K)
[2019.07.20-21.46.05:264][  0]LogSlate: Took 0.000104 seconds to synchronously load lazily loaded font '../../../Engine/Content/Slate/Fonts/Roboto-Bold.ttf' (160K)
[2019.07.20-21.46.05:268][  0]LogSlate: Took 0.000103 seconds to synchronously load lazily loaded font '../../../Engine/Content/Editor/Slate/Fonts/FontAwesome.ttf' (139K)
[2019.07.20-21.46.05:324][  0]LogRenderer: Reallocating scene render targets to support 1208x572 Format 10 NumSamples 1 (Frame:1).
[2019.07.20-21.46.05:378][  0]LogSlate: Took 0.000125 seconds to synchronously load lazily loaded font '../../../Engine/Content/Slate/Fonts/Roboto-Light.ttf' (167K)
[2019.07.20-21.46.05:513][  0]LogContentBrowser: Native class hierarchy updated for 'HierarchicalLODOutliner' in 0.0005 seconds. Added 0 classes and 0 folders.
[2019.07.20-21.46.05:513][  0]LogLoad: (Engine Initialization) Total time: 415.24 seconds
[2019.07.20-21.46.05:514][  0]LogLoad: (Engine Initialization) Total Blueprint compile time: 0.00 seconds
[2019.07.20-21.46.05:632][  0]LogAssetRegistry: Asset discovery search completed in 412.0091 seconds
[2019.07.20-21.46.05:634][  0]LogCollectionManager: Rebuilt the object cache for 0 collections in 0.000000 seconds (found 0 objects)
[2019.07.20-21.46.05:634][  0]LogCollectionManager: Fixed up redirectors for 0 collections in 0.000103 seconds (updated 0 objects)
[2019.07.20-21.46.05:636][  0]LogContentStreaming: Texture pool size now 1000 MB
[2019.07.20-21.46.08:794][369]LogTemp: IOS device listing is disabled (to many failed attempts)!
[2019.07.20-21.46.09:191][416]LogSlate: FSceneViewport::OnFocusLost() reason 0
[2019.07.20-21.46.09:330][431]Candidate modules for hot reload:
[2019.07.20-21.46.09:331][431]  TeamWolverineProject
[2019.07.20-21.46.09:331][431]Launching UnrealBuildTool... [D:/UE_4.22/Engine/Binaries/DotNET/UnrealBuildTool.exe  -ModuleWithSuffix=TeamWolverineProject,5046 Win64 DebugGame -TargetType=Editor -Project="C:/Users/Nordsken/Documents/GitHub/TeamWolverine/TeamWolverineProject/TeamWolverineProject.uproject" "C:/Users/Nordsken/Documents/GitHub/TeamWolverine/TeamWolverineProject/TeamWolverineProject.uproject"  -IgnoreJunk]
[2019.07.20-21.46.09:334][431]Warning: Starting HotReload took  0.0s.
[2019.07.20-21.46.20:731][795]CompilerResultsLog: New page: Compilation - Jul 21, 2019, 1:46:20 AM
[2019.07.20-21.46.20:731][795]CompilerResultsLog: Using 'git status' to determine working set for adaptive non-unity build (C:\Users\Nordsken\Documents\GitHub\TeamWolverine).
[2019.07.20-21.46.20:731][795]CompilerResultsLog: Creating makefile for TeamWolverineProjectEditor (ini files are newer than makefile)
[2019.07.20-21.46.20:731][795]CompilerResultsLog: Parsing headers for TeamWolverineProjectEditor
[2019.07.20-21.46.20:732][795]CompilerResultsLog:   Running UnrealHeaderTool "C:\Users\Nordsken\Documents\GitHub\TeamWolverine\TeamWolverineProject\TeamWolverineProject.uproject" "C:\Users\Nordsken\Documents\GitHub\TeamWolverine\TeamWolverineProject\Intermediate\Build\Win64\TeamWolverineProjectEditor\DebugGame\TeamWolverineProjectEditor.uhtmanifest" -LogCmds="loginit warning, logexit warning, logdatabase error" -Unattended -WarningsAsErrors -installed
[2019.07.20-21.46.20:732][795]CompilerResultsLog: Reflection code generated for TeamWolverineProjectEditor in 5.2567349 seconds
[2019.07.20-21.46.20:732][795]CompilerResultsLog: Failed to delete file 'C:\Users\Nordsken\Documents\GitHub\TeamWolverine\TeamWolverineProject\Binaries\Win64\UE4Editor-TeamWolverineProject-Win64-DebugGame.pdb'
[2019.07.20-21.46.20:732][795]CompilerResultsLog:     Exception: Access to the path 'C:\Users\Nordsken\Documents\GitHub\TeamWolverine\TeamWolverineProject\Binaries\Win64\UE4Editor-TeamWolverineProject-Win64-DebugGame.pdb' is denied.
[2019.07.20-21.46.20:732][795]CompilerResultsLog: Attempting to retry...
[2019.07.20-21.46.20:732][795]CompilerResultsLog: Failed to delete file 'C:\Users\Nordsken\Documents\GitHub\TeamWolverine\TeamWolverineProject\Binaries\Win64\UE4Editor-TeamWolverineProject-Win64-DebugGame.pdb'
[2019.07.20-21.46.20:732][795]CompilerResultsLog:     Exception: Access to the path 'C:\Users\Nordsken\Documents\GitHub\TeamWolverine\TeamWolverineProject\Binaries\Win64\UE4Editor-TeamWolverineProject-Win64-DebugGame.pdb' is denied.
[2019.07.20-21.46.20:732][795]CompilerResultsLog: Attempting to retry...
[2019.07.20-21.46.20:732][795]CompilerResultsLog: Failed to delete file 'C:\Users\Nordsken\Documents\GitHub\TeamWolverine\TeamWolverineProject\Binaries\Win64\UE4Editor-TeamWolverineProject-Win64-DebugGame.pdb'
[2019.07.20-21.46.20:732][795]CompilerResultsLog:     Exception: Access to the path 'C:\Users\Nordsken\Documents\GitHub\TeamWolverine\TeamWolverineProject\Binaries\Win64\UE4Editor-TeamWolverineProject-Win64-DebugGame.pdb' is denied.
[2019.07.20-21.46.20:732][795]CompilerResultsLog: ERROR: Exhausted all retries!
[2019.07.20-21.46.20:732][795]CompilerResultsLog: Using Visual Studio 2017 14.16.27023 toolchain (C:\Program Files (x86)\Microsoft Visual Studio\2017\Community\VC\Tools\MSVC\14.16.27023) and Windows 10.0.16299.0 SDK (C:\Program Files (x86)\Windows Kits\10).
[2019.07.20-21.46.20:732][795]CompilerResultsLog: Building 4 actions with 6 processes...
[2019.07.20-21.46.20:732][795]CompilerResultsLog:   [1/4] ObjectManager.cpp
[2019.07.20-21.46.20:732][795]CompilerResultsLog:   [2/4] UE4Editor-TeamWolverineProject-5046-Win64-DebugGame.lib
[2019.07.20-21.46.20:732][795]CompilerResultsLog:      Creating library C:\Users\Nordsken\Documents\GitHub\TeamWolverine\TeamWolverineProject\Intermediate\Build\Win64\UE4Editor\DebugGame\TeamWolverineProject\UE4Editor-TeamWolverineProject-5046-Win64-DebugGame.lib and object C:\Users\Nordsken\Documents\GitHub\TeamWolverine\TeamWolverineProject\Intermediate\Build\Win64\UE4Editor\DebugGame\TeamWolverineProject\UE4Editor-TeamWolverineProject-5046-Win64-DebugGame.exp
[2019.07.20-21.46.20:733][795]CompilerResultsLog:   [3/4] UE4Editor-TeamWolverineProject-5046-Win64-DebugGame.dll
[2019.07.20-21.46.20:733][795]CompilerResultsLog:      Creating library C:\Users\Nordsken\Documents\GitHub\TeamWolverine\TeamWolverineProject\Intermediate\Build\Win64\UE4Editor\DebugGame\TeamWolverineProject\UE4Editor-TeamWolverineProject-5046-Win64-DebugGame.suppressed.lib and object C:\Users\Nordsken\Documents\GitHub\TeamWolverine\TeamWolverineProject\Intermediate\Build\Win64\UE4Editor\DebugGame\TeamWolverineProject\UE4Editor-TeamWolverineProject-5046-Win64-DebugGame.suppressed.exp
[2019.07.20-21.46.20:733][795]CompilerResultsLog:   [4/4] TeamWolverineProjectEditor-Win64-DebugGame.target
[2019.07.20-21.46.20:733][795]CompilerResultsLog: Total time in Parallel executor: 2.20 seconds
[2019.07.20-21.46.20:733][795]CompilerResultsLog: Total execution time: 11.30 seconds
[2019.07.20-21.46.20:733][795]LogMainFrame: MainFrame: Module compiling took 11.405 seconds
[2019.07.20-21.46.20:754][795]LogUObjectHash: Compacting FUObjectHashTables data took   0.51ms
[2019.07.20-21.46.20:790][795]LogClass: EObjectType HotReload.
[2019.07.20-21.46.20:790][795]LogClass: ETileType HotReload.
[2019.07.20-21.46.39:811][795]LogContentBrowser: Native class hierarchy updated for 'TeamWolverineProject' in 0.0005 seconds. Added 6 classes and 3 folders.
[2019.07.20-21.46.39:814][795]Display: HotReload successful (1 functions remapped  0 scriptstructs remapped)
[2019.07.20-21.46.39:941][795]LogUObjectHash: Compacting FUObjectHashTables data took   0.86ms
[2019.07.20-21.46.39:952][795]LogContentBrowser: Native class hierarchy populated in 0.0071 seconds. Added 2739 classes and 664 folders.
[2019.07.20-21.46.39:952][795]Display: HotReload took 30.6s.
[2019.07.20-21.46.42:528][980]LogTemp: Repeating last play command: Selected Viewport
[2019.07.20-21.46.42:539][980]LogBlueprintUserMessages: Early PlayInEditor Detection: Level '/Game/StarterContent/Maps/Minimal_Default.Minimal_Default:PersistentLevel' has LevelScriptBlueprint '/Game/StarterContent/Maps/Minimal_Default.Minimal_Default:PersistentLevel.Minimal_Default' with GeneratedClass '/Game/StarterContent/Maps/Minimal_Default.Minimal_Default_C' with ClassGeneratedBy '/Game/StarterContent/Maps/Minimal_Default.Minimal_Default:PersistentLevel.Minimal_Default'
[2019.07.20-21.46.42:540][980]LogPlayLevel: PlayLevel: No blueprints needed recompiling
[2019.07.20-21.46.42:540][980]PIE: New page: PIE session: Minimal_Default (Jul 21, 2019, 1:46:42 AM)
[2019.07.20-21.46.42:557][980]LogPlayLevel: Creating play world package: /Game/StarterContent/Maps/UEDPIE_0_Minimal_Default
[2019.07.20-21.46.42:562][980]LogPlayLevel: PIE: StaticDuplicateObject took: (0.004200s)
[2019.07.20-21.46.42:562][980]LogAIModule: Creating AISystem for world Minimal_Default
[2019.07.20-21.46.42:562][980]LogPlayLevel: PIE: World Init took: (0.000696s)
[2019.07.20-21.46.42:563][980]LogPlayLevel: PIE: Created PIE world by copying editor world from /Game/StarterContent/Maps/Minimal_Default.Minimal_Default to /Game/StarterContent/Maps/UEDPIE_0_Minimal_Default.Minimal_Default (0.005443s)
[2019.07.20-21.46.42:584][980]LogUObjectHash: Compacting FUObjectHashTables data took   0.88ms
[2019.07.20-21.46.42:603][980]LogInit: XAudio2 using 'BenQ GL2760 (Intel(R) bildskärmsljud)' : 2 channels at 48 kHz using 16 bits per sample (channel mask 0x3)
[2019.07.20-21.46.42:610][980]LogInit: FAudioDevice initialized.
[2019.07.20-21.46.42:684][980]LogUObjectGlobals: Warning: Failed to find object 'Class /Script/TeamWolverineProject.TeamWolverineProjectGameMode'
[2019.07.20-21.46.42:684][980]LogLoad: Game class is 'GameModeBase'
[2019.07.20-21.46.42:686][980]LogWorld: Bringing World /Game/StarterContent/Maps/UEDPIE_0_Minimal_Default.Minimal_Default up for play (max tick rate 0) at 2019.07.20-23.46.42
[2019.07.20-21.46.42:686][980]LogWorld: Bringing up level for play took: 0.000983
[2019.07.20-21.46.42:756][980]LogContentBrowser: Native class hierarchy updated for 'MovieSceneCapture' in 0.0004 seconds. Added 20 classes and 0 folders.
[2019.07.20-21.46.42:757][980]LogBlueprintUserMessages: [BP_GameController_2] Hello
[2019.07.20-21.46.42:757][980]PIE: Play in editor start time for /Game/StarterContent/Maps/UEDPIE_0_Minimal_Default -0.303
[2019.07.20-21.46.42:757][980]LogBlueprintUserMessages: Late PlayInEditor Detection: Level '/Game/StarterContent/Maps/Minimal_Default.Minimal_Default:PersistentLevel' has LevelScriptBlueprint '/Game/StarterContent/Maps/Minimal_Default.Minimal_Default:PersistentLevel.Minimal_Default' with GeneratedClass '/Game/StarterContent/Maps/Minimal_Default.Minimal_Default_C' with ClassGeneratedBy '/Game/StarterContent/Maps/Minimal_Default.Minimal_Default:PersistentLevel.Minimal_Default'
[2019.07.20-21.47.43:492][342]LogSlate: FSceneViewport::OnFocusLost() reason 2
[2019.07.20-21.47.45:034][525]LogBlueprintUserMessages: Early EndPlayMap Detection: Level '/Game/StarterContent/Maps/Minimal_Default.Minimal_Default:PersistentLevel' has LevelScriptBlueprint '/Game/StarterContent/Maps/Minimal_Default.Minimal_Default:PersistentLevel.Minimal_Default' with GeneratedClass '/Game/StarterContent/Maps/Minimal_Default.Minimal_Default_C' with ClassGeneratedBy '/Game/StarterContent/Maps/Minimal_Default.Minimal_Default:PersistentLevel.Minimal_Default'
[2019.07.20-21.47.45:035][525]LogSlate: Updating window title bar state: overlay mode, drag disabled, window buttons hidden, title bar hidden
[2019.07.20-21.47.45:076][525]LogPlayLevel: Display: Shutting down PIE online subsystems
[2019.07.20-21.47.45:077][525]LogBlueprintUserMessages: Late EndPlayMap Detection: Level '/Game/StarterContent/Maps/Minimal_Default.Minimal_Default:PersistentLevel' has LevelScriptBlueprint '/Game/StarterContent/Maps/Minimal_Default.Minimal_Default:PersistentLevel.Minimal_Default' with GeneratedClass '/Game/StarterContent/Maps/Minimal_Default.Minimal_Default_C' with ClassGeneratedBy '/Game/StarterContent/Maps/Minimal_Default.Minimal_Default:PersistentLevel.Minimal_Default'
[2019.07.20-21.47.45:101][525]LogSlate: Updating window title bar state: overlay mode, drag disabled, window buttons hidden, title bar hidden
[2019.07.20-21.47.45:104][525]LogUObjectHash: Compacting FUObjectHashTables data took   1.22ms
[2019.07.20-21.47.45:137][529]LogPlayLevel: Display: Destroying online subsystem :Context_3
[2019.07.20-21.47.50:057][119]LogEditorViewport: Clicking on Actor (LMB): BP_Tile_C (BP_Tile11)
[2019.07.20-21.47.59:412][197]LogSlate: FSceneViewport::OnFocusLost() reason 0
[2019.07.20-21.47.59:700][230]LogSlate: Took 0.000187 seconds to synchronously load lazily loaded font '../../../Engine/Content/Slate/Fonts/Roboto-Light.ttf' (167K)
[2019.07.20-21.47.59:709][230]LogAssetEditorManager: Opening Asset editor for Blueprint /Game/BP_Object.BP_Object
[2019.07.20-21.47.59:905][230]LogContentBrowser: Native class hierarchy updated for 'BlueprintGraph' in 0.0006 seconds. Added 121 classes and 0 folders.
[2019.07.20-21.48.00:549][230]LogSlate: Took 0.000099 seconds to synchronously load lazily loaded font '../../../Engine/Content/Slate/Fonts/Roboto-BoldCondensed.ttf' (158K)
[2019.07.20-21.48.01:806][362]LogSlate: Window 'BP_Object' being destroyed
[2019.07.20-21.48.01:811][362]LogSlate: Window 'BP_Object' being destroyed
[2019.07.20-21.48.05:525][800]LogUnrealEdMisc: Warning: Heartbeat event firing too frequently (41.556 sec). This should never happen. Something is wrong with the timer delegate!
[2019.07.20-21.48.18:755][364]Cmd: DELETE
[2019.07.20-21.48.18:756][364]Cmd: ACTOR DELETE
[2019.07.20-21.48.18:995][364]LogEditorActor: Deleted Actor: BP_Object_C
[2019.07.20-21.48.19:030][364]LogUObjectHash: Compacting FUObjectHashTables data took   2.66ms
[2019.07.20-21.48.19:031][364]LogEditorActor: Deleted 1 Actors (0.076 secs)
[2019.07.20-21.52.12:648][704]LogWindowsTextInputMethodSystem: Display: IME system now deactivated.
[2019.07.20-21.52.12:648][704]LogWindowsTextInputMethodSystem: Display: IME system now deactivated.
[2019.07.20-21.52.13:643][782]LogSlate: FSceneViewport::OnFocusLost() reason 0
[2019.07.20-21.52.13:710][789]Candidate modules for hot reload:
[2019.07.20-21.52.13:711][789]  TeamWolverineProject
[2019.07.20-21.52.13:711][789]Launching UnrealBuildTool... [D:/UE_4.22/Engine/Binaries/DotNET/UnrealBuildTool.exe  -ModuleWithSuffix=TeamWolverineProject,1668 Win64 DebugGame -TargetType=Editor -Project="C:/Users/Nordsken/Documents/GitHub/TeamWolverine/TeamWolverineProject/TeamWolverineProject.uproject" "C:/Users/Nordsken/Documents/GitHub/TeamWolverine/TeamWolverineProject/TeamWolverineProject.uproject"  -IgnoreJunk]
[2019.07.20-21.52.13:715][789]Warning: Starting HotReload took  0.0s.
[2019.07.20-21.52.26:028][250]CompilerResultsLog: New page: Compilation - Jul 21, 2019, 1:52:26 AM
[2019.07.20-21.52.26:029][250]CompilerResultsLog: Using 'git status' to determine working set for adaptive non-unity build (C:\Users\Nordsken\Documents\GitHub\TeamWolverine).
[2019.07.20-21.52.26:029][250]CompilerResultsLog: Creating makefile for TeamWolverineProjectEditor (ini files are newer than makefile)
[2019.07.20-21.52.26:029][250]CompilerResultsLog: Parsing headers for TeamWolverineProjectEditor
[2019.07.20-21.52.26:029][250]CompilerResultsLog:   Running UnrealHeaderTool "C:\Users\Nordsken\Documents\GitHub\TeamWolverine\TeamWolverineProject\TeamWolverineProject.uproject" "C:\Users\Nordsken\Documents\GitHub\TeamWolverine\TeamWolverineProject\Intermediate\Build\Win64\TeamWolverineProjectEditor\DebugGame\TeamWolverineProjectEditor.uhtmanifest" -LogCmds="loginit warning, logexit warning, logdatabase error" -Unattended -WarningsAsErrors -installed
[2019.07.20-21.52.26:029][250]CompilerResultsLog: Reflection code generated for TeamWolverineProjectEditor in 5.4798952 seconds
[2019.07.20-21.52.26:029][250]CompilerResultsLog: Failed to delete file 'C:\Users\Nordsken\Documents\GitHub\TeamWolverine\TeamWolverineProject\Binaries\Win64\UE4Editor-TeamWolverineProject-Win64-DebugGame.pdb'
[2019.07.20-21.52.26:029][250]CompilerResultsLog:     Exception: Access to the path 'C:\Users\Nordsken\Documents\GitHub\TeamWolverine\TeamWolverineProject\Binaries\Win64\UE4Editor-TeamWolverineProject-Win64-DebugGame.pdb' is denied.
[2019.07.20-21.52.26:029][250]CompilerResultsLog: Attempting to retry...
[2019.07.20-21.52.26:029][250]CompilerResultsLog: Failed to delete file 'C:\Users\Nordsken\Documents\GitHub\TeamWolverine\TeamWolverineProject\Binaries\Win64\UE4Editor-TeamWolverineProject-Win64-DebugGame.pdb'
[2019.07.20-21.52.26:029][250]CompilerResultsLog:     Exception: Access to the path 'C:\Users\Nordsken\Documents\GitHub\TeamWolverine\TeamWolverineProject\Binaries\Win64\UE4Editor-TeamWolverineProject-Win64-DebugGame.pdb' is denied.
[2019.07.20-21.52.26:029][250]CompilerResultsLog: Attempting to retry...
[2019.07.20-21.52.26:029][250]CompilerResultsLog: Failed to delete file 'C:\Users\Nordsken\Documents\GitHub\TeamWolverine\TeamWolverineProject\Binaries\Win64\UE4Editor-TeamWolverineProject-Win64-DebugGame.pdb'
[2019.07.20-21.52.26:029][250]CompilerResultsLog:     Exception: Access to the path 'C:\Users\Nordsken\Documents\GitHub\TeamWolverine\TeamWolverineProject\Binaries\Win64\UE4Editor-TeamWolverineProject-Win64-DebugGame.pdb' is denied.
[2019.07.20-21.52.26:029][250]CompilerResultsLog: ERROR: Exhausted all retries!
[2019.07.20-21.52.26:029][250]CompilerResultsLog: Using Visual Studio 2017 14.16.27023 toolchain (C:\Program Files (x86)\Microsoft Visual Studio\2017\Community\VC\Tools\MSVC\14.16.27023) and Windows 10.0.16299.0 SDK (C:\Program Files (x86)\Windows Kits\10).
[2019.07.20-21.52.26:030][250]CompilerResultsLog: Building 4 actions with 6 processes...
[2019.07.20-21.52.26:030][250]CompilerResultsLog:   [1/4] ObjectManager.cpp
[2019.07.20-21.52.26:030][250]CompilerResultsLog:   [2/4] UE4Editor-TeamWolverineProject-1668-Win64-DebugGame.lib
[2019.07.20-21.52.26:030][250]CompilerResultsLog:      Creating library C:\Users\Nordsken\Documents\GitHub\TeamWolverine\TeamWolverineProject\Intermediate\Build\Win64\UE4Editor\DebugGame\TeamWolverineProject\UE4Editor-TeamWolverineProject-1668-Win64-DebugGame.lib and object C:\Users\Nordsken\Documents\GitHub\TeamWolverine\TeamWolverineProject\Intermediate\Build\Win64\UE4Editor\DebugGame\TeamWolverineProject\UE4Editor-TeamWolverineProject-1668-Win64-DebugGame.exp
[2019.07.20-21.52.26:030][250]CompilerResultsLog:   [3/4] UE4Editor-TeamWolverineProject-1668-Win64-DebugGame.dll
[2019.07.20-21.52.26:030][250]CompilerResultsLog:      Creating library C:\Users\Nordsken\Documents\GitHub\TeamWolverine\TeamWolverineProject\Intermediate\Build\Win64\UE4Editor\DebugGame\TeamWolverineProject\UE4Editor-TeamWolverineProject-1668-Win64-DebugGame.suppressed.lib and object C:\Users\Nordsken\Documents\GitHub\TeamWolverine\TeamWolverineProject\Intermediate\Build\Win64\UE4Editor\DebugGame\TeamWolverineProject\UE4Editor-TeamWolverineProject-1668-Win64-DebugGame.suppressed.exp
[2019.07.20-21.52.26:030][250]CompilerResultsLog:   [4/4] TeamWolverineProjectEditor-Win64-DebugGame.target
[2019.07.20-21.52.26:030][250]CompilerResultsLog: Total time in Parallel executor: 2.82 seconds
[2019.07.20-21.52.26:030][250]CompilerResultsLog: Total execution time: 12.23 seconds
[2019.07.20-21.52.26:030][250]LogMainFrame: MainFrame: Module compiling took 12.323 seconds
[2019.07.20-21.52.26:055][250]LogUObjectHash: Compacting FUObjectHashTables data took   0.72ms
[2019.07.20-21.52.26:055][250]LogBlueprintActionDatabase: Requesting refresh due to module change: TeamWolverineProject (unloaded)
[2019.07.20-21.52.26:094][250]LogClass: EObjectType HotReload.
[2019.07.20-21.52.26:094][250]LogClass: ETileType HotReload.
[2019.07.20-21.54.15:681][250]LogBlueprintActionDatabase: Requesting refresh due to module change: TeamWolverineProject (loaded)
[2019.07.20-21.54.15:681][250]LogContentBrowser: Native class hierarchy updated for 'TeamWolverineProject' in 0.0004 seconds. Added 6 classes and 3 folders.
[2019.07.20-21.54.15:685][250]Display: HotReload successful (1 functions remapped  0 scriptstructs remapped)
[2019.07.20-21.54.15:740][250]LogUObjectHash: Compacting FUObjectHashTables data took   1.27ms
[2019.07.20-21.54.15:740][250]LogBlueprintActionDatabase: Requesting refresh due to hot reload
[2019.07.20-21.54.15:754][250]LogContentBrowser: Native class hierarchy populated in 0.0075 seconds. Added 2739 classes and 664 folders.
[2019.07.20-21.54.15:754][250]Display: HotReload took 122.1s.
[2019.07.20-21.54.15:762][250]LogUnrealEdMisc: Warning: Heartbeat event firing too frequently (0.000 sec). This should never happen. Something is wrong with the timer delegate!
[2019.07.20-21.54.19:845][411]LogEditorViewport: Clicking on Actor (LMB): BP_Tile_C (BP_Tile13)
[2019.07.20-21.54.21:423][597]LogEditorViewport: Clicking on Actor (LMB): BP_Tile_C (BP_Tile3)
[2019.07.20-21.54.21:939][656]LogEditorViewport: Clicking on Actor (LMB): BP_Tile_C (BP_Tile3)
[2019.07.20-21.54.22:224][664]LogEditorViewport: Clicking on Component (LMB): SceneComponent (DefaultSceneRoot)
[2019.07.20-21.54.26:774][177]LogSlate: FSceneViewport::OnFocusLost() reason 0
[2019.07.20-21.54.26:922][194]LogAssetEditorManager: Opening Asset editor for Blueprint /Game/BP_Tile.BP_Tile
[2019.07.20-21.54.28:178][285]LogSlate: Took 0.017653 seconds to synchronously load lazily loaded font '../../../Engine/Content/Slate/Fonts/Roboto-Italic.ttf' (157K)
[2019.07.20-21.54.40:446][702]LogSlate: Window 'BP_Tile' being destroyed
[2019.07.20-21.54.40:451][702]LogSlate: Window 'BP_Tile' being destroyed
[2019.07.20-21.54.42:368][921]LogEditorViewport: Clicking on Actor (LMB): BP_Tile_C (BP_Tile5)
[2019.07.20-21.54.42:456][929]LogEditorViewport: Clicking on Component (LMB): StaticMeshComponent (Cube)
[2019.07.20-21.54.43:814][ 86]LogSlate: FSceneViewport::OnFocusLost() reason 0
[2019.07.20-21.54.43:946][101]LogAssetEditorManager: Opening Asset editor for Blueprint /Game/BP_Tile.BP_Tile
[2019.07.20-21.54.53:292][150]LogSlate: Window 'BP_Tile' being destroyed
[2019.07.20-21.54.53:297][150]LogSlate: Window 'BP_Tile' being destroyed
[2019.07.20-21.54.54:670][307]LogAssetEditorManager: Opening Asset editor for Blueprint /Game/BP_Tile.BP_Tile
[2019.07.20-21.55.05:729][283]LogUnrealEdMisc: Warning: Heartbeat event firing too frequently (49.967 sec). This should never happen. Something is wrong with the timer delegate!
[2019.07.20-21.55.38:383][504]LogSlate: Window 'BP_Tile' being destroyed
[2019.07.20-21.55.38:388][504]LogSlate: Window 'BP_Tile' being destroyed
